[2025-10-06T22:33:46.964+0000] {taskinstance.py:1083} INFO - Dependencies all met for <TaskInstance: lab1_and_iris_sequential.trigger_iris_mlp_training manual__2025-10-06T22:32:44.839970+00:00 [queued]>
[2025-10-06T22:33:46.968+0000] {taskinstance.py:1083} INFO - Dependencies all met for <TaskInstance: lab1_and_iris_sequential.trigger_iris_mlp_training manual__2025-10-06T22:32:44.839970+00:00 [queued]>
[2025-10-06T22:33:46.968+0000] {taskinstance.py:1279} INFO - 
--------------------------------------------------------------------------------
[2025-10-06T22:33:46.968+0000] {taskinstance.py:1280} INFO - Starting attempt 1 of 1
[2025-10-06T22:33:46.968+0000] {taskinstance.py:1281} INFO - 
--------------------------------------------------------------------------------
[2025-10-06T22:33:46.973+0000] {taskinstance.py:1300} INFO - Executing <Task(TriggerDagRunOperator): trigger_iris_mlp_training> on 2025-10-06 22:32:44.839970+00:00
[2025-10-06T22:33:46.975+0000] {standard_task_runner.py:55} INFO - Started process 594 to run task
[2025-10-06T22:33:46.976+0000] {standard_task_runner.py:82} INFO - Running: ['***', 'tasks', 'run', 'lab1_and_iris_sequential', 'trigger_iris_mlp_training', 'manual__2025-10-06T22:32:44.839970+00:00', '--job-id', '81', '--raw', '--subdir', 'DAGS_FOLDER/combined_dags.py', '--cfg-path', '/tmp/tmpbg4exw_f']
[2025-10-06T22:33:46.976+0000] {standard_task_runner.py:83} INFO - Job 81: Subtask trigger_iris_mlp_training
[2025-10-06T22:33:46.999+0000] {task_command.py:388} INFO - Running <TaskInstance: lab1_and_iris_sequential.trigger_iris_mlp_training manual__2025-10-06T22:32:44.839970+00:00 [running]> on host b46c79d818e5
[2025-10-06T22:33:47.025+0000] {taskinstance.py:1509} INFO - Exporting the following env vars:
AIRFLOW_CTX_DAG_OWNER=you
AIRFLOW_CTX_DAG_ID=lab1_and_iris_sequential
AIRFLOW_CTX_TASK_ID=trigger_iris_mlp_training
AIRFLOW_CTX_EXECUTION_DATE=2025-10-06T22:32:44.839970+00:00
AIRFLOW_CTX_TRY_NUMBER=1
AIRFLOW_CTX_DAG_RUN_ID=manual__2025-10-06T22:32:44.839970+00:00
[2025-10-06T22:33:47.048+0000] {trigger_dagrun.py:178} INFO - Waiting for iris_mlp_training on 2025-10-06T22:33:47.025265+00:00 to become allowed state ['success'] ...
[2025-10-06T22:34:47.103+0000] {trigger_dagrun.py:187} INFO - iris_mlp_training finished with allowed state success
[2025-10-06T22:34:47.114+0000] {taskinstance.py:1323} INFO - Marking task as SUCCESS. dag_id=lab1_and_iris_sequential, task_id=trigger_iris_mlp_training, execution_date=20251006T223244, start_date=20251006T223346, end_date=20251006T223447
[2025-10-06T22:34:47.130+0000] {local_task_job.py:208} INFO - Task exited with return code 0
[2025-10-06T22:34:47.139+0000] {taskinstance.py:2578} INFO - 0 downstream tasks scheduled from follow-on schedule check
