[2025-10-06T22:31:21.570+0000] {taskinstance.py:1083} INFO - Dependencies all met for <TaskInstance: lab1_and_iris_sequential.trigger_iris_mlp_training manual__2025-10-06T22:30:20.219542+00:00 [queued]>
[2025-10-06T22:31:21.575+0000] {taskinstance.py:1083} INFO - Dependencies all met for <TaskInstance: lab1_and_iris_sequential.trigger_iris_mlp_training manual__2025-10-06T22:30:20.219542+00:00 [queued]>
[2025-10-06T22:31:21.575+0000] {taskinstance.py:1279} INFO - 
--------------------------------------------------------------------------------
[2025-10-06T22:31:21.575+0000] {taskinstance.py:1280} INFO - Starting attempt 1 of 1
[2025-10-06T22:31:21.575+0000] {taskinstance.py:1281} INFO - 
--------------------------------------------------------------------------------
[2025-10-06T22:31:21.581+0000] {taskinstance.py:1300} INFO - Executing <Task(TriggerDagRunOperator): trigger_iris_mlp_training> on 2025-10-06 22:30:20.219542+00:00
[2025-10-06T22:31:21.583+0000] {standard_task_runner.py:55} INFO - Started process 325 to run task
[2025-10-06T22:31:21.585+0000] {standard_task_runner.py:82} INFO - Running: ['***', 'tasks', 'run', 'lab1_and_iris_sequential', 'trigger_iris_mlp_training', 'manual__2025-10-06T22:30:20.219542+00:00', '--job-id', '71', '--raw', '--subdir', 'DAGS_FOLDER/combined_dags.py', '--cfg-path', '/tmp/tmp2oqg4xlx']
[2025-10-06T22:31:21.585+0000] {standard_task_runner.py:83} INFO - Job 71: Subtask trigger_iris_mlp_training
[2025-10-06T22:31:21.612+0000] {task_command.py:388} INFO - Running <TaskInstance: lab1_and_iris_sequential.trigger_iris_mlp_training manual__2025-10-06T22:30:20.219542+00:00 [running]> on host b46c79d818e5
[2025-10-06T22:31:21.646+0000] {taskinstance.py:1509} INFO - Exporting the following env vars:
AIRFLOW_CTX_DAG_OWNER=you
AIRFLOW_CTX_DAG_ID=lab1_and_iris_sequential
AIRFLOW_CTX_TASK_ID=trigger_iris_mlp_training
AIRFLOW_CTX_EXECUTION_DATE=2025-10-06T22:30:20.219542+00:00
AIRFLOW_CTX_TRY_NUMBER=1
AIRFLOW_CTX_DAG_RUN_ID=manual__2025-10-06T22:30:20.219542+00:00
[2025-10-06T22:31:21.706+0000] {trigger_dagrun.py:178} INFO - Waiting for iris_mlp_training on 2025-10-06T22:31:21.646744+00:00 to become allowed state ['success'] ...
[2025-10-06T22:32:21.754+0000] {trigger_dagrun.py:187} INFO - iris_mlp_training finished with allowed state success
[2025-10-06T22:32:21.765+0000] {taskinstance.py:1323} INFO - Marking task as SUCCESS. dag_id=lab1_and_iris_sequential, task_id=trigger_iris_mlp_training, execution_date=20251006T223020, start_date=20251006T223121, end_date=20251006T223221
[2025-10-06T22:32:21.781+0000] {local_task_job.py:208} INFO - Task exited with return code 0
[2025-10-06T22:32:21.791+0000] {taskinstance.py:2578} INFO - 0 downstream tasks scheduled from follow-on schedule check
