[2025-10-02T18:47:54.893+0000] {processor.py:153} INFO - Started process (PID=61) to work on /opt/airflow/dags/airflow_iris.py
[2025-10-02T18:47:54.895+0000] {processor.py:743} INFO - Processing file /opt/airflow/dags/airflow_iris.py for tasks to queue
[2025-10-02T18:47:54.896+0000] {logging_mixin.py:137} INFO - [2025-10-02T18:47:54.896+0000] {dagbag.py:538} INFO - Filling up the DagBag from /opt/airflow/dags/airflow_iris.py
[2025-10-02T18:47:55.093+0000] {processor.py:753} INFO - DAG(s) dict_keys(['iris_mlp_training']) retrieved from /opt/airflow/dags/airflow_iris.py
[2025-10-02T18:47:55.208+0000] {logging_mixin.py:137} INFO - [2025-10-02T18:47:55.208+0000] {dag.py:2690} INFO - Sync 1 DAGs
[2025-10-02T18:47:55.219+0000] {logging_mixin.py:137} INFO - [2025-10-02T18:47:55.218+0000] {dag.py:3441} INFO - Setting next_dagrun for iris_mlp_training to None, run_after=None
[2025-10-02T18:47:55.228+0000] {processor.py:175} INFO - Processing /opt/airflow/dags/airflow_iris.py took 0.336 seconds
[2025-10-02T18:48:25.465+0000] {processor.py:153} INFO - Started process (PID=97) to work on /opt/airflow/dags/airflow_iris.py
[2025-10-02T18:48:25.466+0000] {processor.py:743} INFO - Processing file /opt/airflow/dags/airflow_iris.py for tasks to queue
[2025-10-02T18:48:25.466+0000] {logging_mixin.py:137} INFO - [2025-10-02T18:48:25.466+0000] {dagbag.py:538} INFO - Filling up the DagBag from /opt/airflow/dags/airflow_iris.py
[2025-10-02T18:48:25.596+0000] {processor.py:753} INFO - DAG(s) dict_keys(['iris_mlp_training']) retrieved from /opt/airflow/dags/airflow_iris.py
[2025-10-02T18:48:25.671+0000] {logging_mixin.py:137} INFO - [2025-10-02T18:48:25.671+0000] {dag.py:2690} INFO - Sync 1 DAGs
[2025-10-02T18:48:25.679+0000] {logging_mixin.py:137} INFO - [2025-10-02T18:48:25.679+0000] {dag.py:3441} INFO - Setting next_dagrun for iris_mlp_training to None, run_after=None
[2025-10-02T18:48:25.685+0000] {processor.py:175} INFO - Processing /opt/airflow/dags/airflow_iris.py took 0.223 seconds
[2025-10-02T18:48:55.940+0000] {processor.py:153} INFO - Started process (PID=147) to work on /opt/airflow/dags/airflow_iris.py
[2025-10-02T18:48:55.941+0000] {processor.py:743} INFO - Processing file /opt/airflow/dags/airflow_iris.py for tasks to queue
[2025-10-02T18:48:55.941+0000] {logging_mixin.py:137} INFO - [2025-10-02T18:48:55.941+0000] {dagbag.py:538} INFO - Filling up the DagBag from /opt/airflow/dags/airflow_iris.py
[2025-10-02T18:48:56.134+0000] {processor.py:753} INFO - DAG(s) dict_keys(['iris_mlp_training']) retrieved from /opt/airflow/dags/airflow_iris.py
[2025-10-02T18:48:56.142+0000] {logging_mixin.py:137} INFO - [2025-10-02T18:48:56.142+0000] {dag.py:2690} INFO - Sync 1 DAGs
[2025-10-02T18:48:56.150+0000] {logging_mixin.py:137} INFO - [2025-10-02T18:48:56.150+0000] {dag.py:3441} INFO - Setting next_dagrun for iris_mlp_training to None, run_after=None
[2025-10-02T18:48:56.156+0000] {processor.py:175} INFO - Processing /opt/airflow/dags/airflow_iris.py took 0.221 seconds
[2025-10-02T18:49:26.451+0000] {processor.py:153} INFO - Started process (PID=198) to work on /opt/airflow/dags/airflow_iris.py
[2025-10-02T18:49:26.451+0000] {processor.py:743} INFO - Processing file /opt/airflow/dags/airflow_iris.py for tasks to queue
[2025-10-02T18:49:26.452+0000] {logging_mixin.py:137} INFO - [2025-10-02T18:49:26.452+0000] {dagbag.py:538} INFO - Filling up the DagBag from /opt/airflow/dags/airflow_iris.py
[2025-10-02T18:49:26.685+0000] {processor.py:753} INFO - DAG(s) dict_keys(['iris_mlp_training']) retrieved from /opt/airflow/dags/airflow_iris.py
[2025-10-02T18:49:26.703+0000] {logging_mixin.py:137} INFO - [2025-10-02T18:49:26.703+0000] {dag.py:2690} INFO - Sync 1 DAGs
[2025-10-02T18:49:26.714+0000] {logging_mixin.py:137} INFO - [2025-10-02T18:49:26.714+0000] {dag.py:3441} INFO - Setting next_dagrun for iris_mlp_training to None, run_after=None
[2025-10-02T18:49:26.724+0000] {processor.py:175} INFO - Processing /opt/airflow/dags/airflow_iris.py took 0.277 seconds
[2025-10-02T18:49:57.010+0000] {processor.py:153} INFO - Started process (PID=249) to work on /opt/airflow/dags/airflow_iris.py
[2025-10-02T18:49:57.011+0000] {processor.py:743} INFO - Processing file /opt/airflow/dags/airflow_iris.py for tasks to queue
[2025-10-02T18:49:57.011+0000] {logging_mixin.py:137} INFO - [2025-10-02T18:49:57.011+0000] {dagbag.py:538} INFO - Filling up the DagBag from /opt/airflow/dags/airflow_iris.py
[2025-10-02T18:49:57.203+0000] {processor.py:753} INFO - DAG(s) dict_keys(['iris_mlp_training']) retrieved from /opt/airflow/dags/airflow_iris.py
[2025-10-02T18:49:57.210+0000] {logging_mixin.py:137} INFO - [2025-10-02T18:49:57.210+0000] {dag.py:2690} INFO - Sync 1 DAGs
[2025-10-02T18:49:57.218+0000] {logging_mixin.py:137} INFO - [2025-10-02T18:49:57.218+0000] {dag.py:3441} INFO - Setting next_dagrun for iris_mlp_training to None, run_after=None
[2025-10-02T18:49:57.224+0000] {processor.py:175} INFO - Processing /opt/airflow/dags/airflow_iris.py took 0.218 seconds
[2025-10-02T18:50:27.439+0000] {processor.py:153} INFO - Started process (PID=284) to work on /opt/airflow/dags/airflow_iris.py
[2025-10-02T18:50:27.440+0000] {processor.py:743} INFO - Processing file /opt/airflow/dags/airflow_iris.py for tasks to queue
[2025-10-02T18:50:27.440+0000] {logging_mixin.py:137} INFO - [2025-10-02T18:50:27.440+0000] {dagbag.py:538} INFO - Filling up the DagBag from /opt/airflow/dags/airflow_iris.py
[2025-10-02T18:50:27.640+0000] {processor.py:753} INFO - DAG(s) dict_keys(['iris_mlp_training']) retrieved from /opt/airflow/dags/airflow_iris.py
[2025-10-02T18:50:27.650+0000] {logging_mixin.py:137} INFO - [2025-10-02T18:50:27.650+0000] {dag.py:2690} INFO - Sync 1 DAGs
[2025-10-02T18:50:27.660+0000] {logging_mixin.py:137} INFO - [2025-10-02T18:50:27.660+0000] {dag.py:3441} INFO - Setting next_dagrun for iris_mlp_training to None, run_after=None
[2025-10-02T18:50:27.667+0000] {processor.py:175} INFO - Processing /opt/airflow/dags/airflow_iris.py took 0.229 seconds
[2025-10-02T18:50:57.951+0000] {processor.py:153} INFO - Started process (PID=334) to work on /opt/airflow/dags/airflow_iris.py
[2025-10-02T18:50:57.951+0000] {processor.py:743} INFO - Processing file /opt/airflow/dags/airflow_iris.py for tasks to queue
[2025-10-02T18:50:57.952+0000] {logging_mixin.py:137} INFO - [2025-10-02T18:50:57.952+0000] {dagbag.py:538} INFO - Filling up the DagBag from /opt/airflow/dags/airflow_iris.py
[2025-10-02T18:50:58.142+0000] {processor.py:753} INFO - DAG(s) dict_keys(['iris_mlp_training']) retrieved from /opt/airflow/dags/airflow_iris.py
[2025-10-02T18:50:58.150+0000] {logging_mixin.py:137} INFO - [2025-10-02T18:50:58.150+0000] {dag.py:2690} INFO - Sync 1 DAGs
[2025-10-02T18:50:58.158+0000] {logging_mixin.py:137} INFO - [2025-10-02T18:50:58.158+0000] {dag.py:3441} INFO - Setting next_dagrun for iris_mlp_training to None, run_after=None
[2025-10-02T18:50:58.164+0000] {processor.py:175} INFO - Processing /opt/airflow/dags/airflow_iris.py took 0.217 seconds
[2025-10-02T18:51:28.443+0000] {processor.py:153} INFO - Started process (PID=384) to work on /opt/airflow/dags/airflow_iris.py
[2025-10-02T18:51:28.444+0000] {processor.py:743} INFO - Processing file /opt/airflow/dags/airflow_iris.py for tasks to queue
[2025-10-02T18:51:28.445+0000] {logging_mixin.py:137} INFO - [2025-10-02T18:51:28.444+0000] {dagbag.py:538} INFO - Filling up the DagBag from /opt/airflow/dags/airflow_iris.py
[2025-10-02T18:51:28.579+0000] {processor.py:753} INFO - DAG(s) dict_keys(['iris_mlp_training']) retrieved from /opt/airflow/dags/airflow_iris.py
[2025-10-02T18:51:28.648+0000] {logging_mixin.py:137} INFO - [2025-10-02T18:51:28.648+0000] {dag.py:2690} INFO - Sync 1 DAGs
[2025-10-02T18:51:28.656+0000] {logging_mixin.py:137} INFO - [2025-10-02T18:51:28.656+0000] {dag.py:3441} INFO - Setting next_dagrun for iris_mlp_training to None, run_after=None
[2025-10-02T18:51:28.663+0000] {processor.py:175} INFO - Processing /opt/airflow/dags/airflow_iris.py took 0.223 seconds
[2025-10-02T18:51:58.892+0000] {processor.py:153} INFO - Started process (PID=435) to work on /opt/airflow/dags/airflow_iris.py
[2025-10-02T18:51:58.893+0000] {processor.py:743} INFO - Processing file /opt/airflow/dags/airflow_iris.py for tasks to queue
[2025-10-02T18:51:58.893+0000] {logging_mixin.py:137} INFO - [2025-10-02T18:51:58.893+0000] {dagbag.py:538} INFO - Filling up the DagBag from /opt/airflow/dags/airflow_iris.py
[2025-10-02T18:51:59.019+0000] {processor.py:753} INFO - DAG(s) dict_keys(['iris_mlp_training']) retrieved from /opt/airflow/dags/airflow_iris.py
[2025-10-02T18:51:59.090+0000] {logging_mixin.py:137} INFO - [2025-10-02T18:51:59.090+0000] {dag.py:2690} INFO - Sync 1 DAGs
[2025-10-02T18:51:59.098+0000] {logging_mixin.py:137} INFO - [2025-10-02T18:51:59.098+0000] {dag.py:3441} INFO - Setting next_dagrun for iris_mlp_training to None, run_after=None
[2025-10-02T18:51:59.103+0000] {processor.py:175} INFO - Processing /opt/airflow/dags/airflow_iris.py took 0.213 seconds
[2025-10-02T18:52:29.301+0000] {processor.py:153} INFO - Started process (PID=486) to work on /opt/airflow/dags/airflow_iris.py
[2025-10-02T18:52:29.301+0000] {processor.py:743} INFO - Processing file /opt/airflow/dags/airflow_iris.py for tasks to queue
[2025-10-02T18:52:29.301+0000] {logging_mixin.py:137} INFO - [2025-10-02T18:52:29.301+0000] {dagbag.py:538} INFO - Filling up the DagBag from /opt/airflow/dags/airflow_iris.py
[2025-10-02T18:52:29.496+0000] {processor.py:753} INFO - DAG(s) dict_keys(['iris_mlp_training']) retrieved from /opt/airflow/dags/airflow_iris.py
[2025-10-02T18:52:29.504+0000] {logging_mixin.py:137} INFO - [2025-10-02T18:52:29.504+0000] {dag.py:2690} INFO - Sync 1 DAGs
[2025-10-02T18:52:29.514+0000] {logging_mixin.py:137} INFO - [2025-10-02T18:52:29.514+0000] {dag.py:3441} INFO - Setting next_dagrun for iris_mlp_training to None, run_after=None
[2025-10-02T18:52:29.522+0000] {processor.py:175} INFO - Processing /opt/airflow/dags/airflow_iris.py took 0.223 seconds
[2025-10-02T18:52:59.809+0000] {processor.py:153} INFO - Started process (PID=521) to work on /opt/airflow/dags/airflow_iris.py
[2025-10-02T18:52:59.809+0000] {processor.py:743} INFO - Processing file /opt/airflow/dags/airflow_iris.py for tasks to queue
[2025-10-02T18:52:59.810+0000] {logging_mixin.py:137} INFO - [2025-10-02T18:52:59.810+0000] {dagbag.py:538} INFO - Filling up the DagBag from /opt/airflow/dags/airflow_iris.py
[2025-10-02T18:53:00.020+0000] {processor.py:753} INFO - DAG(s) dict_keys(['iris_mlp_training']) retrieved from /opt/airflow/dags/airflow_iris.py
[2025-10-02T18:53:00.028+0000] {logging_mixin.py:137} INFO - [2025-10-02T18:53:00.028+0000] {dag.py:2690} INFO - Sync 1 DAGs
[2025-10-02T18:53:00.036+0000] {logging_mixin.py:137} INFO - [2025-10-02T18:53:00.036+0000] {dag.py:3441} INFO - Setting next_dagrun for iris_mlp_training to None, run_after=None
[2025-10-02T18:53:00.043+0000] {processor.py:175} INFO - Processing /opt/airflow/dags/airflow_iris.py took 0.238 seconds
[2025-10-02T18:53:30.300+0000] {processor.py:153} INFO - Started process (PID=572) to work on /opt/airflow/dags/airflow_iris.py
[2025-10-02T18:53:30.301+0000] {processor.py:743} INFO - Processing file /opt/airflow/dags/airflow_iris.py for tasks to queue
[2025-10-02T18:53:30.301+0000] {logging_mixin.py:137} INFO - [2025-10-02T18:53:30.301+0000] {dagbag.py:538} INFO - Filling up the DagBag from /opt/airflow/dags/airflow_iris.py
[2025-10-02T18:53:30.493+0000] {processor.py:753} INFO - DAG(s) dict_keys(['iris_mlp_training']) retrieved from /opt/airflow/dags/airflow_iris.py
[2025-10-02T18:53:30.501+0000] {logging_mixin.py:137} INFO - [2025-10-02T18:53:30.501+0000] {dag.py:2690} INFO - Sync 1 DAGs
[2025-10-02T18:53:30.509+0000] {logging_mixin.py:137} INFO - [2025-10-02T18:53:30.509+0000] {dag.py:3441} INFO - Setting next_dagrun for iris_mlp_training to None, run_after=None
[2025-10-02T18:53:30.515+0000] {processor.py:175} INFO - Processing /opt/airflow/dags/airflow_iris.py took 0.219 seconds
[2025-10-02T18:53:51.956+0000] {processor.py:153} INFO - Started process (PID=607) to work on /opt/airflow/dags/airflow_iris.py
[2025-10-02T18:53:51.957+0000] {processor.py:743} INFO - Processing file /opt/airflow/dags/airflow_iris.py for tasks to queue
[2025-10-02T18:53:51.958+0000] {logging_mixin.py:137} INFO - [2025-10-02T18:53:51.958+0000] {dagbag.py:538} INFO - Filling up the DagBag from /opt/airflow/dags/airflow_iris.py
[2025-10-02T18:53:52.154+0000] {logging_mixin.py:137} INFO - [2025-10-02T18:53:52.154+0000] {taskmixin.py:205} WARNING - Dependency <Task(PythonOperator): load_data>, preprocess_data already registered for DAG: iris_mlp_training
[2025-10-02T18:53:52.154+0000] {logging_mixin.py:137} INFO - [2025-10-02T18:53:52.154+0000] {taskmixin.py:205} WARNING - Dependency <Task(PythonOperator): preprocess_data>, load_data already registered for DAG: iris_mlp_training
[2025-10-02T18:53:52.156+0000] {processor.py:753} INFO - DAG(s) dict_keys(['iris_mlp_training']) retrieved from /opt/airflow/dags/airflow_iris.py
[2025-10-02T18:53:52.176+0000] {logging_mixin.py:137} INFO - [2025-10-02T18:53:52.176+0000] {dag.py:2690} INFO - Sync 1 DAGs
[2025-10-02T18:53:52.183+0000] {logging_mixin.py:137} INFO - [2025-10-02T18:53:52.183+0000] {dag.py:3441} INFO - Setting next_dagrun for iris_mlp_training to None, run_after=None
[2025-10-02T18:53:52.190+0000] {processor.py:175} INFO - Processing /opt/airflow/dags/airflow_iris.py took 0.239 seconds
[2025-10-02T18:53:52.964+0000] {processor.py:153} INFO - Started process (PID=608) to work on /opt/airflow/dags/airflow_iris.py
[2025-10-02T18:53:52.965+0000] {processor.py:743} INFO - Processing file /opt/airflow/dags/airflow_iris.py for tasks to queue
[2025-10-02T18:53:52.965+0000] {logging_mixin.py:137} INFO - [2025-10-02T18:53:52.965+0000] {dagbag.py:538} INFO - Filling up the DagBag from /opt/airflow/dags/airflow_iris.py
[2025-10-02T18:53:53.158+0000] {logging_mixin.py:137} INFO - [2025-10-02T18:53:53.158+0000] {taskmixin.py:205} WARNING - Dependency <Task(PythonOperator): load_data>, preprocess_data already registered for DAG: iris_mlp_training
[2025-10-02T18:53:53.158+0000] {logging_mixin.py:137} INFO - [2025-10-02T18:53:53.158+0000] {taskmixin.py:205} WARNING - Dependency <Task(PythonOperator): preprocess_data>, load_data already registered for DAG: iris_mlp_training
[2025-10-02T18:53:53.160+0000] {processor.py:753} INFO - DAG(s) dict_keys(['iris_mlp_training']) retrieved from /opt/airflow/dags/airflow_iris.py
[2025-10-02T18:53:53.164+0000] {logging_mixin.py:137} INFO - [2025-10-02T18:53:53.164+0000] {dag.py:2690} INFO - Sync 1 DAGs
[2025-10-02T18:53:53.173+0000] {logging_mixin.py:137} INFO - [2025-10-02T18:53:53.173+0000] {dag.py:3441} INFO - Setting next_dagrun for iris_mlp_training to None, run_after=None
[2025-10-02T18:53:53.179+0000] {processor.py:175} INFO - Processing /opt/airflow/dags/airflow_iris.py took 0.218 seconds
[2025-10-02T18:54:23.429+0000] {processor.py:153} INFO - Started process (PID=659) to work on /opt/airflow/dags/airflow_iris.py
[2025-10-02T18:54:23.430+0000] {processor.py:743} INFO - Processing file /opt/airflow/dags/airflow_iris.py for tasks to queue
[2025-10-02T18:54:23.431+0000] {logging_mixin.py:137} INFO - [2025-10-02T18:54:23.431+0000] {dagbag.py:538} INFO - Filling up the DagBag from /opt/airflow/dags/airflow_iris.py
[2025-10-02T18:54:23.563+0000] {logging_mixin.py:137} INFO - [2025-10-02T18:54:23.563+0000] {taskmixin.py:205} WARNING - Dependency <Task(PythonOperator): load_data>, preprocess_data already registered for DAG: iris_mlp_training
[2025-10-02T18:54:23.563+0000] {logging_mixin.py:137} INFO - [2025-10-02T18:54:23.563+0000] {taskmixin.py:205} WARNING - Dependency <Task(PythonOperator): preprocess_data>, load_data already registered for DAG: iris_mlp_training
[2025-10-02T18:54:23.565+0000] {processor.py:753} INFO - DAG(s) dict_keys(['iris_mlp_training']) retrieved from /opt/airflow/dags/airflow_iris.py
[2025-10-02T18:54:23.574+0000] {logging_mixin.py:137} INFO - [2025-10-02T18:54:23.574+0000] {dag.py:2690} INFO - Sync 1 DAGs
[2025-10-02T18:54:23.642+0000] {logging_mixin.py:137} INFO - [2025-10-02T18:54:23.642+0000] {dag.py:3441} INFO - Setting next_dagrun for iris_mlp_training to None, run_after=None
[2025-10-02T18:54:23.649+0000] {processor.py:175} INFO - Processing /opt/airflow/dags/airflow_iris.py took 0.224 seconds
[2025-10-02T18:54:54.102+0000] {processor.py:153} INFO - Started process (PID=711) to work on /opt/airflow/dags/airflow_iris.py
[2025-10-02T18:54:54.103+0000] {processor.py:743} INFO - Processing file /opt/airflow/dags/airflow_iris.py for tasks to queue
[2025-10-02T18:54:54.104+0000] {logging_mixin.py:137} INFO - [2025-10-02T18:54:54.104+0000] {dagbag.py:538} INFO - Filling up the DagBag from /opt/airflow/dags/airflow_iris.py
[2025-10-02T18:54:54.235+0000] {logging_mixin.py:137} INFO - [2025-10-02T18:54:54.235+0000] {taskmixin.py:205} WARNING - Dependency <Task(PythonOperator): load_data>, preprocess_data already registered for DAG: iris_mlp_training
[2025-10-02T18:54:54.235+0000] {logging_mixin.py:137} INFO - [2025-10-02T18:54:54.235+0000] {taskmixin.py:205} WARNING - Dependency <Task(PythonOperator): preprocess_data>, load_data already registered for DAG: iris_mlp_training
[2025-10-02T18:54:54.237+0000] {processor.py:753} INFO - DAG(s) dict_keys(['iris_mlp_training']) retrieved from /opt/airflow/dags/airflow_iris.py
[2025-10-02T18:54:54.305+0000] {logging_mixin.py:137} INFO - [2025-10-02T18:54:54.305+0000] {dag.py:2690} INFO - Sync 1 DAGs
[2025-10-02T18:54:54.314+0000] {logging_mixin.py:137} INFO - [2025-10-02T18:54:54.314+0000] {dag.py:3441} INFO - Setting next_dagrun for iris_mlp_training to None, run_after=None
[2025-10-02T18:54:54.320+0000] {processor.py:175} INFO - Processing /opt/airflow/dags/airflow_iris.py took 0.223 seconds
[2025-10-02T18:55:24.581+0000] {processor.py:153} INFO - Started process (PID=745) to work on /opt/airflow/dags/airflow_iris.py
[2025-10-02T18:55:24.581+0000] {processor.py:743} INFO - Processing file /opt/airflow/dags/airflow_iris.py for tasks to queue
[2025-10-02T18:55:24.582+0000] {logging_mixin.py:137} INFO - [2025-10-02T18:55:24.582+0000] {dagbag.py:538} INFO - Filling up the DagBag from /opt/airflow/dags/airflow_iris.py
[2025-10-02T18:55:24.711+0000] {logging_mixin.py:137} INFO - [2025-10-02T18:55:24.711+0000] {taskmixin.py:205} WARNING - Dependency <Task(PythonOperator): load_data>, preprocess_data already registered for DAG: iris_mlp_training
[2025-10-02T18:55:24.711+0000] {logging_mixin.py:137} INFO - [2025-10-02T18:55:24.711+0000] {taskmixin.py:205} WARNING - Dependency <Task(PythonOperator): preprocess_data>, load_data already registered for DAG: iris_mlp_training
[2025-10-02T18:55:24.793+0000] {processor.py:753} INFO - DAG(s) dict_keys(['iris_mlp_training']) retrieved from /opt/airflow/dags/airflow_iris.py
[2025-10-02T18:55:24.801+0000] {logging_mixin.py:137} INFO - [2025-10-02T18:55:24.801+0000] {dag.py:2690} INFO - Sync 1 DAGs
[2025-10-02T18:55:24.809+0000] {logging_mixin.py:137} INFO - [2025-10-02T18:55:24.809+0000] {dag.py:3441} INFO - Setting next_dagrun for iris_mlp_training to None, run_after=None
[2025-10-02T18:55:24.816+0000] {processor.py:175} INFO - Processing /opt/airflow/dags/airflow_iris.py took 0.239 seconds
[2025-10-02T18:55:55.092+0000] {processor.py:153} INFO - Started process (PID=796) to work on /opt/airflow/dags/airflow_iris.py
[2025-10-02T18:55:55.093+0000] {processor.py:743} INFO - Processing file /opt/airflow/dags/airflow_iris.py for tasks to queue
[2025-10-02T18:55:55.093+0000] {logging_mixin.py:137} INFO - [2025-10-02T18:55:55.093+0000] {dagbag.py:538} INFO - Filling up the DagBag from /opt/airflow/dags/airflow_iris.py
[2025-10-02T18:55:55.228+0000] {logging_mixin.py:137} INFO - [2025-10-02T18:55:55.228+0000] {taskmixin.py:205} WARNING - Dependency <Task(PythonOperator): load_data>, preprocess_data already registered for DAG: iris_mlp_training
[2025-10-02T18:55:55.228+0000] {logging_mixin.py:137} INFO - [2025-10-02T18:55:55.228+0000] {taskmixin.py:205} WARNING - Dependency <Task(PythonOperator): preprocess_data>, load_data already registered for DAG: iris_mlp_training
[2025-10-02T18:55:55.303+0000] {processor.py:753} INFO - DAG(s) dict_keys(['iris_mlp_training']) retrieved from /opt/airflow/dags/airflow_iris.py
[2025-10-02T18:55:55.312+0000] {logging_mixin.py:137} INFO - [2025-10-02T18:55:55.311+0000] {dag.py:2690} INFO - Sync 1 DAGs
[2025-10-02T18:55:55.319+0000] {logging_mixin.py:137} INFO - [2025-10-02T18:55:55.319+0000] {dag.py:3441} INFO - Setting next_dagrun for iris_mlp_training to None, run_after=None
[2025-10-02T18:55:55.325+0000] {processor.py:175} INFO - Processing /opt/airflow/dags/airflow_iris.py took 0.238 seconds
[2025-10-02T18:56:14.228+0000] {processor.py:153} INFO - Started process (PID=829) to work on /opt/airflow/dags/airflow_iris.py
[2025-10-02T18:56:14.229+0000] {processor.py:743} INFO - Processing file /opt/airflow/dags/airflow_iris.py for tasks to queue
[2025-10-02T18:56:14.230+0000] {logging_mixin.py:137} INFO - [2025-10-02T18:56:14.230+0000] {dagbag.py:538} INFO - Filling up the DagBag from /opt/airflow/dags/airflow_iris.py
[2025-10-02T18:56:14.421+0000] {processor.py:753} INFO - DAG(s) dict_keys(['iris_mlp_training']) retrieved from /opt/airflow/dags/airflow_iris.py
[2025-10-02T18:56:14.442+0000] {logging_mixin.py:137} INFO - [2025-10-02T18:56:14.441+0000] {dag.py:2690} INFO - Sync 1 DAGs
[2025-10-02T18:56:14.449+0000] {logging_mixin.py:137} INFO - [2025-10-02T18:56:14.449+0000] {dag.py:3441} INFO - Setting next_dagrun for iris_mlp_training to None, run_after=None
[2025-10-02T18:56:14.456+0000] {processor.py:175} INFO - Processing /opt/airflow/dags/airflow_iris.py took 0.232 seconds
[2025-10-02T18:56:16.252+0000] {processor.py:153} INFO - Started process (PID=830) to work on /opt/airflow/dags/airflow_iris.py
[2025-10-02T18:56:16.253+0000] {processor.py:743} INFO - Processing file /opt/airflow/dags/airflow_iris.py for tasks to queue
[2025-10-02T18:56:16.253+0000] {logging_mixin.py:137} INFO - [2025-10-02T18:56:16.253+0000] {dagbag.py:538} INFO - Filling up the DagBag from /opt/airflow/dags/airflow_iris.py
[2025-10-02T18:56:16.454+0000] {processor.py:753} INFO - DAG(s) dict_keys(['iris_mlp_training']) retrieved from /opt/airflow/dags/airflow_iris.py
[2025-10-02T18:56:16.458+0000] {logging_mixin.py:137} INFO - [2025-10-02T18:56:16.458+0000] {dag.py:2690} INFO - Sync 1 DAGs
[2025-10-02T18:56:16.465+0000] {logging_mixin.py:137} INFO - [2025-10-02T18:56:16.465+0000] {dag.py:3441} INFO - Setting next_dagrun for iris_mlp_training to None, run_after=None
[2025-10-02T18:56:16.475+0000] {processor.py:175} INFO - Processing /opt/airflow/dags/airflow_iris.py took 0.227 seconds
[2025-10-02T18:56:17.785+0000] {processor.py:153} INFO - Started process (PID=833) to work on /opt/airflow/dags/airflow_iris.py
[2025-10-02T18:56:17.786+0000] {processor.py:743} INFO - Processing file /opt/airflow/dags/airflow_iris.py for tasks to queue
[2025-10-02T18:56:17.787+0000] {logging_mixin.py:137} INFO - [2025-10-02T18:56:17.787+0000] {dagbag.py:538} INFO - Filling up the DagBag from /opt/airflow/dags/airflow_iris.py
[2025-10-02T18:56:17.985+0000] {processor.py:753} INFO - DAG(s) dict_keys(['iris_mlp_training']) retrieved from /opt/airflow/dags/airflow_iris.py
[2025-10-02T18:56:17.990+0000] {logging_mixin.py:137} INFO - [2025-10-02T18:56:17.989+0000] {dag.py:2690} INFO - Sync 1 DAGs
[2025-10-02T18:56:17.997+0000] {logging_mixin.py:137} INFO - [2025-10-02T18:56:17.997+0000] {dag.py:3441} INFO - Setting next_dagrun for iris_mlp_training to None, run_after=None
[2025-10-02T18:56:18.004+0000] {processor.py:175} INFO - Processing /opt/airflow/dags/airflow_iris.py took 0.222 seconds
[2025-10-02T18:56:20.833+0000] {processor.py:153} INFO - Started process (PID=850) to work on /opt/airflow/dags/airflow_iris.py
[2025-10-02T18:56:20.835+0000] {processor.py:743} INFO - Processing file /opt/airflow/dags/airflow_iris.py for tasks to queue
[2025-10-02T18:56:20.836+0000] {logging_mixin.py:137} INFO - [2025-10-02T18:56:20.836+0000] {dagbag.py:538} INFO - Filling up the DagBag from /opt/airflow/dags/airflow_iris.py
[2025-10-02T18:56:21.056+0000] {processor.py:753} INFO - DAG(s) dict_keys(['iris_mlp_training']) retrieved from /opt/airflow/dags/airflow_iris.py
[2025-10-02T18:56:21.061+0000] {logging_mixin.py:137} INFO - [2025-10-02T18:56:21.061+0000] {dag.py:2690} INFO - Sync 1 DAGs
[2025-10-02T18:56:21.071+0000] {logging_mixin.py:137} INFO - [2025-10-02T18:56:21.070+0000] {dag.py:3441} INFO - Setting next_dagrun for iris_mlp_training to None, run_after=None
[2025-10-02T18:56:21.078+0000] {processor.py:175} INFO - Processing /opt/airflow/dags/airflow_iris.py took 0.248 seconds
[2025-10-02T18:56:51.326+0000] {processor.py:153} INFO - Started process (PID=885) to work on /opt/airflow/dags/airflow_iris.py
[2025-10-02T18:56:51.327+0000] {processor.py:743} INFO - Processing file /opt/airflow/dags/airflow_iris.py for tasks to queue
[2025-10-02T18:56:51.327+0000] {logging_mixin.py:137} INFO - [2025-10-02T18:56:51.327+0000] {dagbag.py:538} INFO - Filling up the DagBag from /opt/airflow/dags/airflow_iris.py
[2025-10-02T18:56:51.532+0000] {processor.py:753} INFO - DAG(s) dict_keys(['iris_mlp_training']) retrieved from /opt/airflow/dags/airflow_iris.py
[2025-10-02T18:56:51.540+0000] {logging_mixin.py:137} INFO - [2025-10-02T18:56:51.540+0000] {dag.py:2690} INFO - Sync 1 DAGs
[2025-10-02T18:56:51.548+0000] {logging_mixin.py:137} INFO - [2025-10-02T18:56:51.548+0000] {dag.py:3441} INFO - Setting next_dagrun for iris_mlp_training to None, run_after=None
[2025-10-02T18:56:51.554+0000] {processor.py:175} INFO - Processing /opt/airflow/dags/airflow_iris.py took 0.232 seconds
[2025-10-02T18:57:21.822+0000] {processor.py:153} INFO - Started process (PID=936) to work on /opt/airflow/dags/airflow_iris.py
[2025-10-02T18:57:21.823+0000] {processor.py:743} INFO - Processing file /opt/airflow/dags/airflow_iris.py for tasks to queue
[2025-10-02T18:57:21.824+0000] {logging_mixin.py:137} INFO - [2025-10-02T18:57:21.823+0000] {dagbag.py:538} INFO - Filling up the DagBag from /opt/airflow/dags/airflow_iris.py
[2025-10-02T18:57:22.017+0000] {processor.py:753} INFO - DAG(s) dict_keys(['iris_mlp_training']) retrieved from /opt/airflow/dags/airflow_iris.py
[2025-10-02T18:57:22.024+0000] {logging_mixin.py:137} INFO - [2025-10-02T18:57:22.024+0000] {dag.py:2690} INFO - Sync 1 DAGs
[2025-10-02T18:57:22.032+0000] {logging_mixin.py:137} INFO - [2025-10-02T18:57:22.032+0000] {dag.py:3441} INFO - Setting next_dagrun for iris_mlp_training to None, run_after=None
[2025-10-02T18:57:22.038+0000] {processor.py:175} INFO - Processing /opt/airflow/dags/airflow_iris.py took 0.221 seconds
[2025-10-02T18:57:52.226+0000] {processor.py:153} INFO - Started process (PID=987) to work on /opt/airflow/dags/airflow_iris.py
[2025-10-02T18:57:52.226+0000] {processor.py:743} INFO - Processing file /opt/airflow/dags/airflow_iris.py for tasks to queue
[2025-10-02T18:57:52.227+0000] {logging_mixin.py:137} INFO - [2025-10-02T18:57:52.227+0000] {dagbag.py:538} INFO - Filling up the DagBag from /opt/airflow/dags/airflow_iris.py
[2025-10-02T18:57:52.450+0000] {processor.py:753} INFO - DAG(s) dict_keys(['iris_mlp_training']) retrieved from /opt/airflow/dags/airflow_iris.py
[2025-10-02T18:57:52.459+0000] {logging_mixin.py:137} INFO - [2025-10-02T18:57:52.459+0000] {dag.py:2690} INFO - Sync 1 DAGs
[2025-10-02T18:57:52.467+0000] {logging_mixin.py:137} INFO - [2025-10-02T18:57:52.467+0000] {dag.py:3441} INFO - Setting next_dagrun for iris_mlp_training to None, run_after=None
[2025-10-02T18:57:52.474+0000] {processor.py:175} INFO - Processing /opt/airflow/dags/airflow_iris.py took 0.251 seconds
[2025-10-02T18:58:19.689+0000] {processor.py:153} INFO - Started process (PID=1022) to work on /opt/airflow/dags/airflow_iris.py
[2025-10-02T18:58:19.689+0000] {processor.py:743} INFO - Processing file /opt/airflow/dags/airflow_iris.py for tasks to queue
[2025-10-02T18:58:19.690+0000] {logging_mixin.py:137} INFO - [2025-10-02T18:58:19.690+0000] {dagbag.py:538} INFO - Filling up the DagBag from /opt/airflow/dags/airflow_iris.py
[2025-10-02T18:58:19.827+0000] {logging_mixin.py:137} INFO - [2025-10-02T18:58:19.827+0000] {taskmixin.py:205} WARNING - Dependency <Task(PythonOperator): load_data>, preprocess_data already registered for DAG: iris_mlp_training
[2025-10-02T18:58:19.827+0000] {logging_mixin.py:137} INFO - [2025-10-02T18:58:19.827+0000] {taskmixin.py:205} WARNING - Dependency <Task(PythonOperator): preprocess_data>, load_data already registered for DAG: iris_mlp_training
[2025-10-02T18:58:19.830+0000] {processor.py:753} INFO - DAG(s) dict_keys(['iris_mlp_training']) retrieved from /opt/airflow/dags/airflow_iris.py
[2025-10-02T18:58:19.931+0000] {logging_mixin.py:137} INFO - [2025-10-02T18:58:19.931+0000] {dag.py:2690} INFO - Sync 1 DAGs
[2025-10-02T18:58:19.940+0000] {logging_mixin.py:137} INFO - [2025-10-02T18:58:19.939+0000] {dag.py:3441} INFO - Setting next_dagrun for iris_mlp_training to None, run_after=None
[2025-10-02T18:58:19.947+0000] {processor.py:175} INFO - Processing /opt/airflow/dags/airflow_iris.py took 0.261 seconds
[2025-10-02T18:58:20.976+0000] {processor.py:153} INFO - Started process (PID=1023) to work on /opt/airflow/dags/airflow_iris.py
[2025-10-02T18:58:20.977+0000] {processor.py:743} INFO - Processing file /opt/airflow/dags/airflow_iris.py for tasks to queue
[2025-10-02T18:58:20.978+0000] {logging_mixin.py:137} INFO - [2025-10-02T18:58:20.978+0000] {dagbag.py:538} INFO - Filling up the DagBag from /opt/airflow/dags/airflow_iris.py
[2025-10-02T18:58:21.115+0000] {logging_mixin.py:137} INFO - [2025-10-02T18:58:21.115+0000] {taskmixin.py:205} WARNING - Dependency <Task(PythonOperator): load_data>, preprocess_data already registered for DAG: iris_mlp_training
[2025-10-02T18:58:21.115+0000] {logging_mixin.py:137} INFO - [2025-10-02T18:58:21.115+0000] {taskmixin.py:205} WARNING - Dependency <Task(PythonOperator): preprocess_data>, load_data already registered for DAG: iris_mlp_training
[2025-10-02T18:58:21.118+0000] {processor.py:753} INFO - DAG(s) dict_keys(['iris_mlp_training']) retrieved from /opt/airflow/dags/airflow_iris.py
[2025-10-02T18:58:21.122+0000] {logging_mixin.py:137} INFO - [2025-10-02T18:58:21.122+0000] {dag.py:2690} INFO - Sync 1 DAGs
[2025-10-02T18:58:21.190+0000] {logging_mixin.py:137} INFO - [2025-10-02T18:58:21.190+0000] {dag.py:3441} INFO - Setting next_dagrun for iris_mlp_training to None, run_after=None
[2025-10-02T18:58:21.197+0000] {processor.py:175} INFO - Processing /opt/airflow/dags/airflow_iris.py took 0.225 seconds
[2025-10-02T18:58:24.006+0000] {processor.py:153} INFO - Started process (PID=1040) to work on /opt/airflow/dags/airflow_iris.py
[2025-10-02T18:58:24.007+0000] {processor.py:743} INFO - Processing file /opt/airflow/dags/airflow_iris.py for tasks to queue
[2025-10-02T18:58:24.008+0000] {logging_mixin.py:137} INFO - [2025-10-02T18:58:24.008+0000] {dagbag.py:538} INFO - Filling up the DagBag from /opt/airflow/dags/airflow_iris.py
[2025-10-02T18:58:24.139+0000] {logging_mixin.py:137} INFO - [2025-10-02T18:58:24.139+0000] {taskmixin.py:205} WARNING - Dependency <Task(PythonOperator): load_data>, preprocess_data already registered for DAG: iris_mlp_training
[2025-10-02T18:58:24.140+0000] {logging_mixin.py:137} INFO - [2025-10-02T18:58:24.139+0000] {taskmixin.py:205} WARNING - Dependency <Task(PythonOperator): preprocess_data>, load_data already registered for DAG: iris_mlp_training
[2025-10-02T18:58:24.142+0000] {processor.py:753} INFO - DAG(s) dict_keys(['iris_mlp_training']) retrieved from /opt/airflow/dags/airflow_iris.py
[2025-10-02T18:58:24.212+0000] {logging_mixin.py:137} INFO - [2025-10-02T18:58:24.212+0000] {dag.py:2690} INFO - Sync 1 DAGs
[2025-10-02T18:58:24.220+0000] {logging_mixin.py:137} INFO - [2025-10-02T18:58:24.220+0000] {dag.py:3441} INFO - Setting next_dagrun for iris_mlp_training to None, run_after=None
[2025-10-02T18:58:24.227+0000] {processor.py:175} INFO - Processing /opt/airflow/dags/airflow_iris.py took 0.224 seconds
[2025-10-02T18:58:28.282+0000] {processor.py:153} INFO - Started process (PID=1041) to work on /opt/airflow/dags/airflow_iris.py
[2025-10-02T18:58:28.283+0000] {processor.py:743} INFO - Processing file /opt/airflow/dags/airflow_iris.py for tasks to queue
[2025-10-02T18:58:28.284+0000] {logging_mixin.py:137} INFO - [2025-10-02T18:58:28.284+0000] {dagbag.py:538} INFO - Filling up the DagBag from /opt/airflow/dags/airflow_iris.py
[2025-10-02T18:58:28.413+0000] {logging_mixin.py:137} INFO - [2025-10-02T18:58:28.413+0000] {taskmixin.py:205} WARNING - Dependency <Task(PythonOperator): load_data>, preprocess_data already registered for DAG: iris_mlp_training
[2025-10-02T18:58:28.413+0000] {logging_mixin.py:137} INFO - [2025-10-02T18:58:28.413+0000] {taskmixin.py:205} WARNING - Dependency <Task(PythonOperator): preprocess_data>, load_data already registered for DAG: iris_mlp_training
[2025-10-02T18:58:28.415+0000] {processor.py:753} INFO - DAG(s) dict_keys(['iris_mlp_training']) retrieved from /opt/airflow/dags/airflow_iris.py
[2025-10-02T18:58:28.484+0000] {logging_mixin.py:137} INFO - [2025-10-02T18:58:28.484+0000] {dag.py:2690} INFO - Sync 1 DAGs
[2025-10-02T18:58:28.495+0000] {logging_mixin.py:137} INFO - [2025-10-02T18:58:28.495+0000] {dag.py:3441} INFO - Setting next_dagrun for iris_mlp_training to None, run_after=None
[2025-10-02T18:58:28.504+0000] {processor.py:175} INFO - Processing /opt/airflow/dags/airflow_iris.py took 0.226 seconds
[2025-10-02T18:58:58.710+0000] {processor.py:153} INFO - Started process (PID=1092) to work on /opt/airflow/dags/airflow_iris.py
[2025-10-02T18:58:58.711+0000] {processor.py:743} INFO - Processing file /opt/airflow/dags/airflow_iris.py for tasks to queue
[2025-10-02T18:58:58.711+0000] {logging_mixin.py:137} INFO - [2025-10-02T18:58:58.711+0000] {dagbag.py:538} INFO - Filling up the DagBag from /opt/airflow/dags/airflow_iris.py
[2025-10-02T18:58:58.846+0000] {logging_mixin.py:137} INFO - [2025-10-02T18:58:58.845+0000] {taskmixin.py:205} WARNING - Dependency <Task(PythonOperator): load_data>, preprocess_data already registered for DAG: iris_mlp_training
[2025-10-02T18:58:58.846+0000] {logging_mixin.py:137} INFO - [2025-10-02T18:58:58.846+0000] {taskmixin.py:205} WARNING - Dependency <Task(PythonOperator): preprocess_data>, load_data already registered for DAG: iris_mlp_training
[2025-10-02T18:58:58.926+0000] {processor.py:753} INFO - DAG(s) dict_keys(['iris_mlp_training']) retrieved from /opt/airflow/dags/airflow_iris.py
[2025-10-02T18:58:58.934+0000] {logging_mixin.py:137} INFO - [2025-10-02T18:58:58.934+0000] {dag.py:2690} INFO - Sync 1 DAGs
[2025-10-02T18:58:58.942+0000] {logging_mixin.py:137} INFO - [2025-10-02T18:58:58.942+0000] {dag.py:3441} INFO - Setting next_dagrun for iris_mlp_training to None, run_after=None
[2025-10-02T18:58:58.948+0000] {processor.py:175} INFO - Processing /opt/airflow/dags/airflow_iris.py took 0.240 seconds
[2025-10-02T18:59:29.160+0000] {processor.py:153} INFO - Started process (PID=1143) to work on /opt/airflow/dags/airflow_iris.py
[2025-10-02T18:59:29.161+0000] {processor.py:743} INFO - Processing file /opt/airflow/dags/airflow_iris.py for tasks to queue
[2025-10-02T18:59:29.161+0000] {logging_mixin.py:137} INFO - [2025-10-02T18:59:29.161+0000] {dagbag.py:538} INFO - Filling up the DagBag from /opt/airflow/dags/airflow_iris.py
[2025-10-02T18:59:29.362+0000] {logging_mixin.py:137} INFO - [2025-10-02T18:59:29.362+0000] {taskmixin.py:205} WARNING - Dependency <Task(PythonOperator): load_data>, preprocess_data already registered for DAG: iris_mlp_training
[2025-10-02T18:59:29.363+0000] {logging_mixin.py:137} INFO - [2025-10-02T18:59:29.363+0000] {taskmixin.py:205} WARNING - Dependency <Task(PythonOperator): preprocess_data>, load_data already registered for DAG: iris_mlp_training
[2025-10-02T18:59:29.365+0000] {processor.py:753} INFO - DAG(s) dict_keys(['iris_mlp_training']) retrieved from /opt/airflow/dags/airflow_iris.py
[2025-10-02T18:59:29.372+0000] {logging_mixin.py:137} INFO - [2025-10-02T18:59:29.372+0000] {dag.py:2690} INFO - Sync 1 DAGs
[2025-10-02T18:59:29.380+0000] {logging_mixin.py:137} INFO - [2025-10-02T18:59:29.380+0000] {dag.py:3441} INFO - Setting next_dagrun for iris_mlp_training to None, run_after=None
[2025-10-02T18:59:29.386+0000] {processor.py:175} INFO - Processing /opt/airflow/dags/airflow_iris.py took 0.228 seconds
[2025-10-02T18:59:59.640+0000] {processor.py:153} INFO - Started process (PID=1178) to work on /opt/airflow/dags/airflow_iris.py
[2025-10-02T18:59:59.641+0000] {processor.py:743} INFO - Processing file /opt/airflow/dags/airflow_iris.py for tasks to queue
[2025-10-02T18:59:59.642+0000] {logging_mixin.py:137} INFO - [2025-10-02T18:59:59.642+0000] {dagbag.py:538} INFO - Filling up the DagBag from /opt/airflow/dags/airflow_iris.py
[2025-10-02T18:59:59.856+0000] {logging_mixin.py:137} INFO - [2025-10-02T18:59:59.855+0000] {taskmixin.py:205} WARNING - Dependency <Task(PythonOperator): load_data>, preprocess_data already registered for DAG: iris_mlp_training
[2025-10-02T18:59:59.856+0000] {logging_mixin.py:137} INFO - [2025-10-02T18:59:59.856+0000] {taskmixin.py:205} WARNING - Dependency <Task(PythonOperator): preprocess_data>, load_data already registered for DAG: iris_mlp_training
[2025-10-02T18:59:59.858+0000] {processor.py:753} INFO - DAG(s) dict_keys(['iris_mlp_training']) retrieved from /opt/airflow/dags/airflow_iris.py
[2025-10-02T18:59:59.868+0000] {logging_mixin.py:137} INFO - [2025-10-02T18:59:59.867+0000] {dag.py:2690} INFO - Sync 1 DAGs
[2025-10-02T18:59:59.879+0000] {logging_mixin.py:137} INFO - [2025-10-02T18:59:59.879+0000] {dag.py:3441} INFO - Setting next_dagrun for iris_mlp_training to None, run_after=None
[2025-10-02T18:59:59.886+0000] {processor.py:175} INFO - Processing /opt/airflow/dags/airflow_iris.py took 0.251 seconds
[2025-10-02T19:00:30.075+0000] {processor.py:153} INFO - Started process (PID=1229) to work on /opt/airflow/dags/airflow_iris.py
[2025-10-02T19:00:30.075+0000] {processor.py:743} INFO - Processing file /opt/airflow/dags/airflow_iris.py for tasks to queue
[2025-10-02T19:00:30.076+0000] {logging_mixin.py:137} INFO - [2025-10-02T19:00:30.076+0000] {dagbag.py:538} INFO - Filling up the DagBag from /opt/airflow/dags/airflow_iris.py
[2025-10-02T19:00:30.299+0000] {logging_mixin.py:137} INFO - [2025-10-02T19:00:30.299+0000] {taskmixin.py:205} WARNING - Dependency <Task(PythonOperator): load_data>, preprocess_data already registered for DAG: iris_mlp_training
[2025-10-02T19:00:30.299+0000] {logging_mixin.py:137} INFO - [2025-10-02T19:00:30.299+0000] {taskmixin.py:205} WARNING - Dependency <Task(PythonOperator): preprocess_data>, load_data already registered for DAG: iris_mlp_training
[2025-10-02T19:00:30.302+0000] {processor.py:753} INFO - DAG(s) dict_keys(['iris_mlp_training']) retrieved from /opt/airflow/dags/airflow_iris.py
[2025-10-02T19:00:30.313+0000] {logging_mixin.py:137} INFO - [2025-10-02T19:00:30.313+0000] {dag.py:2690} INFO - Sync 1 DAGs
[2025-10-02T19:00:30.322+0000] {logging_mixin.py:137} INFO - [2025-10-02T19:00:30.322+0000] {dag.py:3441} INFO - Setting next_dagrun for iris_mlp_training to None, run_after=None
[2025-10-02T19:00:30.330+0000] {processor.py:175} INFO - Processing /opt/airflow/dags/airflow_iris.py took 0.259 seconds
[2025-10-02T19:00:35.104+0000] {processor.py:153} INFO - Started process (PID=1246) to work on /opt/airflow/dags/airflow_iris.py
[2025-10-02T19:00:35.104+0000] {processor.py:743} INFO - Processing file /opt/airflow/dags/airflow_iris.py for tasks to queue
[2025-10-02T19:00:35.105+0000] {logging_mixin.py:137} INFO - [2025-10-02T19:00:35.105+0000] {dagbag.py:538} INFO - Filling up the DagBag from /opt/airflow/dags/airflow_iris.py
[2025-10-02T19:00:35.286+0000] {logging_mixin.py:137} INFO - [2025-10-02T19:00:35.285+0000] {dagbag.py:343} ERROR - Failed to import: /opt/airflow/dags/airflow_iris.py
Traceback (most recent call last):
  File "/home/airflow/.local/lib/python3.7/site-packages/airflow/models/dagbag.py", line 339, in parse
    loader.exec_module(new_module)
  File "<frozen importlib._bootstrap_external>", line 728, in exec_module
  File "<frozen importlib._bootstrap>", line 219, in _call_with_frames_removed
  File "/opt/airflow/dags/airflow_iris.py", line 38, in <module>
    op_args=[t1.output],
  File "/home/airflow/.local/lib/python3.7/site-packages/airflow/models/baseoperator.py", line 402, in apply_defaults
    self.set_xcomargs_dependencies()
  File "/home/airflow/.local/lib/python3.7/site-packages/airflow/models/baseoperator.py", line 1098, in set_xcomargs_dependencies
    XComArg.apply_upstream_relationship(self, arg)
  File "/home/airflow/.local/lib/python3.7/site-packages/airflow/models/xcom_arg.py", line 122, in apply_upstream_relationship
    op.set_upstream(operator)
  File "/home/airflow/.local/lib/python3.7/site-packages/airflow/models/taskmixin.py", line 238, in set_upstream
    self._set_relatives(task_or_task_list, upstream=True, edge_modifier=edge_modifier)
  File "/home/airflow/.local/lib/python3.7/site-packages/airflow/models/taskmixin.py", line 194, in _set_relatives
    f"Tried to create relationships between tasks that don't have DAGs yet. "
airflow.exceptions.AirflowException: Tried to create relationships between tasks that don't have DAGs yet. Set the DAG for at least one task and try again: [<Task(PythonOperator): preprocess_data>, <Task(PythonOperator): load_data>]
[2025-10-02T19:00:35.286+0000] {processor.py:755} WARNING - No viable dags retrieved from /opt/airflow/dags/airflow_iris.py
[2025-10-02T19:00:35.292+0000] {processor.py:175} INFO - Processing /opt/airflow/dags/airflow_iris.py took 0.190 seconds
[2025-10-02T19:00:36.316+0000] {processor.py:153} INFO - Started process (PID=1247) to work on /opt/airflow/dags/airflow_iris.py
[2025-10-02T19:00:36.317+0000] {processor.py:743} INFO - Processing file /opt/airflow/dags/airflow_iris.py for tasks to queue
[2025-10-02T19:00:36.317+0000] {logging_mixin.py:137} INFO - [2025-10-02T19:00:36.317+0000] {dagbag.py:538} INFO - Filling up the DagBag from /opt/airflow/dags/airflow_iris.py
[2025-10-02T19:00:36.517+0000] {logging_mixin.py:137} INFO - [2025-10-02T19:00:36.517+0000] {dagbag.py:343} ERROR - Failed to import: /opt/airflow/dags/airflow_iris.py
Traceback (most recent call last):
  File "/home/airflow/.local/lib/python3.7/site-packages/airflow/models/dagbag.py", line 339, in parse
    loader.exec_module(new_module)
  File "<frozen importlib._bootstrap_external>", line 728, in exec_module
  File "<frozen importlib._bootstrap>", line 219, in _call_with_frames_removed
  File "/opt/airflow/dags/airflow_iris.py", line 36, in <module>
    op_args=[t1.output],
  File "/home/airflow/.local/lib/python3.7/site-packages/airflow/models/baseoperator.py", line 402, in apply_defaults
    self.set_xcomargs_dependencies()
  File "/home/airflow/.local/lib/python3.7/site-packages/airflow/models/baseoperator.py", line 1098, in set_xcomargs_dependencies
    XComArg.apply_upstream_relationship(self, arg)
  File "/home/airflow/.local/lib/python3.7/site-packages/airflow/models/xcom_arg.py", line 122, in apply_upstream_relationship
    op.set_upstream(operator)
  File "/home/airflow/.local/lib/python3.7/site-packages/airflow/models/taskmixin.py", line 238, in set_upstream
    self._set_relatives(task_or_task_list, upstream=True, edge_modifier=edge_modifier)
  File "/home/airflow/.local/lib/python3.7/site-packages/airflow/models/taskmixin.py", line 194, in _set_relatives
    f"Tried to create relationships between tasks that don't have DAGs yet. "
airflow.exceptions.AirflowException: Tried to create relationships between tasks that don't have DAGs yet. Set the DAG for at least one task and try again: [<Task(PythonOperator): preprocess_data>, <Task(PythonOperator): load_data>]
[2025-10-02T19:00:36.518+0000] {processor.py:755} WARNING - No viable dags retrieved from /opt/airflow/dags/airflow_iris.py
[2025-10-02T19:00:36.523+0000] {processor.py:175} INFO - Processing /opt/airflow/dags/airflow_iris.py took 0.211 seconds
[2025-10-02T19:01:06.756+0000] {processor.py:153} INFO - Started process (PID=1282) to work on /opt/airflow/dags/airflow_iris.py
[2025-10-02T19:01:06.757+0000] {processor.py:743} INFO - Processing file /opt/airflow/dags/airflow_iris.py for tasks to queue
[2025-10-02T19:01:06.757+0000] {logging_mixin.py:137} INFO - [2025-10-02T19:01:06.757+0000] {dagbag.py:538} INFO - Filling up the DagBag from /opt/airflow/dags/airflow_iris.py
[2025-10-02T19:01:06.960+0000] {logging_mixin.py:137} INFO - [2025-10-02T19:01:06.959+0000] {dagbag.py:343} ERROR - Failed to import: /opt/airflow/dags/airflow_iris.py
Traceback (most recent call last):
  File "/home/airflow/.local/lib/python3.7/site-packages/airflow/models/dagbag.py", line 339, in parse
    loader.exec_module(new_module)
  File "<frozen importlib._bootstrap_external>", line 728, in exec_module
  File "<frozen importlib._bootstrap>", line 219, in _call_with_frames_removed
  File "/opt/airflow/dags/airflow_iris.py", line 36, in <module>
    op_args=[t1.output],
  File "/home/airflow/.local/lib/python3.7/site-packages/airflow/models/baseoperator.py", line 402, in apply_defaults
    self.set_xcomargs_dependencies()
  File "/home/airflow/.local/lib/python3.7/site-packages/airflow/models/baseoperator.py", line 1098, in set_xcomargs_dependencies
    XComArg.apply_upstream_relationship(self, arg)
  File "/home/airflow/.local/lib/python3.7/site-packages/airflow/models/xcom_arg.py", line 122, in apply_upstream_relationship
    op.set_upstream(operator)
  File "/home/airflow/.local/lib/python3.7/site-packages/airflow/models/taskmixin.py", line 238, in set_upstream
    self._set_relatives(task_or_task_list, upstream=True, edge_modifier=edge_modifier)
  File "/home/airflow/.local/lib/python3.7/site-packages/airflow/models/taskmixin.py", line 194, in _set_relatives
    f"Tried to create relationships between tasks that don't have DAGs yet. "
airflow.exceptions.AirflowException: Tried to create relationships between tasks that don't have DAGs yet. Set the DAG for at least one task and try again: [<Task(PythonOperator): preprocess_data>, <Task(PythonOperator): load_data>]
[2025-10-02T19:01:06.960+0000] {processor.py:755} WARNING - No viable dags retrieved from /opt/airflow/dags/airflow_iris.py
[2025-10-02T19:01:06.967+0000] {processor.py:175} INFO - Processing /opt/airflow/dags/airflow_iris.py took 0.213 seconds
[2025-10-02T19:01:11.934+0000] {processor.py:153} INFO - Started process (PID=1299) to work on /opt/airflow/dags/airflow_iris.py
[2025-10-02T19:01:11.934+0000] {processor.py:743} INFO - Processing file /opt/airflow/dags/airflow_iris.py for tasks to queue
[2025-10-02T19:01:11.935+0000] {logging_mixin.py:137} INFO - [2025-10-02T19:01:11.935+0000] {dagbag.py:538} INFO - Filling up the DagBag from /opt/airflow/dags/airflow_iris.py
[2025-10-02T19:01:12.152+0000] {logging_mixin.py:137} INFO - [2025-10-02T19:01:12.152+0000] {taskmixin.py:205} WARNING - Dependency <Task(PythonOperator): load_data>, preprocess_data already registered for DAG: iris_mlp_training
[2025-10-02T19:01:12.152+0000] {logging_mixin.py:137} INFO - [2025-10-02T19:01:12.152+0000] {taskmixin.py:205} WARNING - Dependency <Task(PythonOperator): preprocess_data>, load_data already registered for DAG: iris_mlp_training
[2025-10-02T19:01:12.154+0000] {processor.py:753} INFO - DAG(s) dict_keys(['iris_mlp_training']) retrieved from /opt/airflow/dags/airflow_iris.py
[2025-10-02T19:01:12.177+0000] {logging_mixin.py:137} INFO - [2025-10-02T19:01:12.177+0000] {dag.py:2690} INFO - Sync 1 DAGs
[2025-10-02T19:01:12.186+0000] {logging_mixin.py:137} INFO - [2025-10-02T19:01:12.186+0000] {dag.py:3441} INFO - Setting next_dagrun for iris_mlp_training to None, run_after=None
[2025-10-02T19:01:12.195+0000] {processor.py:175} INFO - Processing /opt/airflow/dags/airflow_iris.py took 0.264 seconds
[2025-10-02T19:01:13.012+0000] {processor.py:153} INFO - Started process (PID=1300) to work on /opt/airflow/dags/airflow_iris.py
[2025-10-02T19:01:13.013+0000] {processor.py:743} INFO - Processing file /opt/airflow/dags/airflow_iris.py for tasks to queue
[2025-10-02T19:01:13.013+0000] {logging_mixin.py:137} INFO - [2025-10-02T19:01:13.013+0000] {dagbag.py:538} INFO - Filling up the DagBag from /opt/airflow/dags/airflow_iris.py
[2025-10-02T19:01:13.206+0000] {logging_mixin.py:137} INFO - [2025-10-02T19:01:13.206+0000] {taskmixin.py:205} WARNING - Dependency <Task(PythonOperator): load_data>, preprocess_data already registered for DAG: iris_mlp_training
[2025-10-02T19:01:13.206+0000] {logging_mixin.py:137} INFO - [2025-10-02T19:01:13.206+0000] {taskmixin.py:205} WARNING - Dependency <Task(PythonOperator): preprocess_data>, load_data already registered for DAG: iris_mlp_training
[2025-10-02T19:01:13.208+0000] {processor.py:753} INFO - DAG(s) dict_keys(['iris_mlp_training']) retrieved from /opt/airflow/dags/airflow_iris.py
[2025-10-02T19:01:13.212+0000] {logging_mixin.py:137} INFO - [2025-10-02T19:01:13.212+0000] {dag.py:2690} INFO - Sync 1 DAGs
[2025-10-02T19:01:13.220+0000] {logging_mixin.py:137} INFO - [2025-10-02T19:01:13.220+0000] {dag.py:3441} INFO - Setting next_dagrun for iris_mlp_training to None, run_after=None
[2025-10-02T19:01:13.226+0000] {processor.py:175} INFO - Processing /opt/airflow/dags/airflow_iris.py took 0.217 seconds
[2025-10-02T19:01:22.278+0000] {processor.py:153} INFO - Started process (PID=1317) to work on /opt/airflow/dags/airflow_iris.py
[2025-10-02T19:01:22.278+0000] {processor.py:743} INFO - Processing file /opt/airflow/dags/airflow_iris.py for tasks to queue
[2025-10-02T19:01:22.279+0000] {logging_mixin.py:137} INFO - [2025-10-02T19:01:22.279+0000] {dagbag.py:538} INFO - Filling up the DagBag from /opt/airflow/dags/airflow_iris.py
[2025-10-02T19:01:22.486+0000] {logging_mixin.py:137} INFO - [2025-10-02T19:01:22.486+0000] {taskmixin.py:205} WARNING - Dependency <Task(PythonOperator): load_data>, preprocess_data already registered for DAG: iris_mlp_training
[2025-10-02T19:01:22.488+0000] {logging_mixin.py:137} INFO - [2025-10-02T19:01:22.488+0000] {taskmixin.py:205} WARNING - Dependency <Task(PythonOperator): preprocess_data>, load_data already registered for DAG: iris_mlp_training
[2025-10-02T19:01:22.490+0000] {processor.py:753} INFO - DAG(s) dict_keys(['iris_mlp_training']) retrieved from /opt/airflow/dags/airflow_iris.py
[2025-10-02T19:01:22.498+0000] {logging_mixin.py:137} INFO - [2025-10-02T19:01:22.498+0000] {dag.py:2690} INFO - Sync 1 DAGs
[2025-10-02T19:01:22.507+0000] {logging_mixin.py:137} INFO - [2025-10-02T19:01:22.507+0000] {dag.py:3441} INFO - Setting next_dagrun for iris_mlp_training to None, run_after=None
[2025-10-02T19:01:22.514+0000] {processor.py:175} INFO - Processing /opt/airflow/dags/airflow_iris.py took 0.240 seconds
[2025-10-02T19:01:24.634+0000] {processor.py:153} INFO - Started process (PID=1320) to work on /opt/airflow/dags/airflow_iris.py
[2025-10-02T19:01:24.635+0000] {processor.py:743} INFO - Processing file /opt/airflow/dags/airflow_iris.py for tasks to queue
[2025-10-02T19:01:24.636+0000] {logging_mixin.py:137} INFO - [2025-10-02T19:01:24.636+0000] {dagbag.py:538} INFO - Filling up the DagBag from /opt/airflow/dags/airflow_iris.py
[2025-10-02T19:01:24.767+0000] {logging_mixin.py:137} INFO - [2025-10-02T19:01:24.767+0000] {taskmixin.py:205} WARNING - Dependency <Task(PythonOperator): load_data>, preprocess_data already registered for DAG: iris_mlp_training
[2025-10-02T19:01:24.767+0000] {logging_mixin.py:137} INFO - [2025-10-02T19:01:24.767+0000] {taskmixin.py:205} WARNING - Dependency <Task(PythonOperator): preprocess_data>, load_data already registered for DAG: iris_mlp_training
[2025-10-02T19:01:24.769+0000] {processor.py:753} INFO - DAG(s) dict_keys(['iris_mlp_training']) retrieved from /opt/airflow/dags/airflow_iris.py
[2025-10-02T19:01:24.774+0000] {logging_mixin.py:137} INFO - [2025-10-02T19:01:24.774+0000] {dag.py:2690} INFO - Sync 1 DAGs
[2025-10-02T19:01:24.843+0000] {logging_mixin.py:137} INFO - [2025-10-02T19:01:24.843+0000] {dag.py:3441} INFO - Setting next_dagrun for iris_mlp_training to None, run_after=None
[2025-10-02T19:01:24.850+0000] {processor.py:175} INFO - Processing /opt/airflow/dags/airflow_iris.py took 0.219 seconds
[2025-10-02T19:01:55.105+0000] {processor.py:153} INFO - Started process (PID=1371) to work on /opt/airflow/dags/airflow_iris.py
[2025-10-02T19:01:55.106+0000] {processor.py:743} INFO - Processing file /opt/airflow/dags/airflow_iris.py for tasks to queue
[2025-10-02T19:01:55.107+0000] {logging_mixin.py:137} INFO - [2025-10-02T19:01:55.107+0000] {dagbag.py:538} INFO - Filling up the DagBag from /opt/airflow/dags/airflow_iris.py
[2025-10-02T19:01:55.240+0000] {logging_mixin.py:137} INFO - [2025-10-02T19:01:55.239+0000] {taskmixin.py:205} WARNING - Dependency <Task(PythonOperator): load_data>, preprocess_data already registered for DAG: iris_mlp_training
[2025-10-02T19:01:55.240+0000] {logging_mixin.py:137} INFO - [2025-10-02T19:01:55.240+0000] {taskmixin.py:205} WARNING - Dependency <Task(PythonOperator): preprocess_data>, load_data already registered for DAG: iris_mlp_training
[2025-10-02T19:01:55.302+0000] {processor.py:753} INFO - DAG(s) dict_keys(['iris_mlp_training']) retrieved from /opt/airflow/dags/airflow_iris.py
[2025-10-02T19:01:55.309+0000] {logging_mixin.py:137} INFO - [2025-10-02T19:01:55.309+0000] {dag.py:2690} INFO - Sync 1 DAGs
[2025-10-02T19:01:55.317+0000] {logging_mixin.py:137} INFO - [2025-10-02T19:01:55.317+0000] {dag.py:3441} INFO - Setting next_dagrun for iris_mlp_training to None, run_after=None
[2025-10-02T19:01:55.323+0000] {processor.py:175} INFO - Processing /opt/airflow/dags/airflow_iris.py took 0.221 seconds
[2025-10-02T19:02:25.533+0000] {processor.py:153} INFO - Started process (PID=1421) to work on /opt/airflow/dags/airflow_iris.py
[2025-10-02T19:02:25.534+0000] {processor.py:743} INFO - Processing file /opt/airflow/dags/airflow_iris.py for tasks to queue
[2025-10-02T19:02:25.535+0000] {logging_mixin.py:137} INFO - [2025-10-02T19:02:25.535+0000] {dagbag.py:538} INFO - Filling up the DagBag from /opt/airflow/dags/airflow_iris.py
[2025-10-02T19:02:25.740+0000] {logging_mixin.py:137} INFO - [2025-10-02T19:02:25.740+0000] {taskmixin.py:205} WARNING - Dependency <Task(PythonOperator): load_data>, preprocess_data already registered for DAG: iris_mlp_training
[2025-10-02T19:02:25.741+0000] {logging_mixin.py:137} INFO - [2025-10-02T19:02:25.741+0000] {taskmixin.py:205} WARNING - Dependency <Task(PythonOperator): preprocess_data>, load_data already registered for DAG: iris_mlp_training
[2025-10-02T19:02:25.743+0000] {processor.py:753} INFO - DAG(s) dict_keys(['iris_mlp_training']) retrieved from /opt/airflow/dags/airflow_iris.py
[2025-10-02T19:02:25.753+0000] {logging_mixin.py:137} INFO - [2025-10-02T19:02:25.752+0000] {dag.py:2690} INFO - Sync 1 DAGs
[2025-10-02T19:02:25.763+0000] {logging_mixin.py:137} INFO - [2025-10-02T19:02:25.763+0000] {dag.py:3441} INFO - Setting next_dagrun for iris_mlp_training to None, run_after=None
[2025-10-02T19:02:25.773+0000] {processor.py:175} INFO - Processing /opt/airflow/dags/airflow_iris.py took 0.241 seconds
[2025-10-02T19:02:47.948+0000] {processor.py:153} INFO - Started process (PID=1454) to work on /opt/airflow/dags/airflow_iris.py
[2025-10-02T19:02:47.948+0000] {processor.py:743} INFO - Processing file /opt/airflow/dags/airflow_iris.py for tasks to queue
[2025-10-02T19:02:47.948+0000] {logging_mixin.py:137} INFO - [2025-10-02T19:02:47.948+0000] {dagbag.py:538} INFO - Filling up the DagBag from /opt/airflow/dags/airflow_iris.py
[2025-10-02T19:02:48.124+0000] {logging_mixin.py:137} INFO - [2025-10-02T19:02:48.124+0000] {taskmixin.py:205} WARNING - Dependency <Task(PythonOperator): load_data>, preprocess_data already registered for DAG: iris_mlp_training
[2025-10-02T19:02:48.124+0000] {logging_mixin.py:137} INFO - [2025-10-02T19:02:48.124+0000] {taskmixin.py:205} WARNING - Dependency <Task(PythonOperator): preprocess_data>, load_data already registered for DAG: iris_mlp_training
[2025-10-02T19:02:48.124+0000] {logging_mixin.py:137} INFO - [2025-10-02T19:02:48.124+0000] {taskmixin.py:205} WARNING - Dependency <Task(PythonOperator): preprocess_data>, train_mlp already registered for DAG: iris_mlp_training
[2025-10-02T19:02:48.124+0000] {logging_mixin.py:137} INFO - [2025-10-02T19:02:48.124+0000] {taskmixin.py:205} WARNING - Dependency <Task(PythonOperator): train_mlp>, preprocess_data already registered for DAG: iris_mlp_training
[2025-10-02T19:02:48.124+0000] {logging_mixin.py:137} INFO - [2025-10-02T19:02:48.124+0000] {taskmixin.py:205} WARNING - Dependency <Task(PythonOperator): train_mlp>, evaluate_mlp already registered for DAG: iris_mlp_training
[2025-10-02T19:02:48.124+0000] {logging_mixin.py:137} INFO - [2025-10-02T19:02:48.124+0000] {taskmixin.py:205} WARNING - Dependency <Task(PythonOperator): evaluate_mlp>, train_mlp already registered for DAG: iris_mlp_training
[2025-10-02T19:02:48.126+0000] {processor.py:753} INFO - DAG(s) dict_keys(['iris_mlp_training']) retrieved from /opt/airflow/dags/airflow_iris.py
[2025-10-02T19:02:48.147+0000] {logging_mixin.py:137} INFO - [2025-10-02T19:02:48.147+0000] {dag.py:2690} INFO - Sync 1 DAGs
[2025-10-02T19:02:48.154+0000] {logging_mixin.py:137} INFO - [2025-10-02T19:02:48.154+0000] {dag.py:3441} INFO - Setting next_dagrun for iris_mlp_training to None, run_after=None
[2025-10-02T19:02:48.161+0000] {processor.py:175} INFO - Processing /opt/airflow/dags/airflow_iris.py took 0.215 seconds
[2025-10-02T19:02:49.969+0000] {processor.py:153} INFO - Started process (PID=1455) to work on /opt/airflow/dags/airflow_iris.py
[2025-10-02T19:02:49.970+0000] {processor.py:743} INFO - Processing file /opt/airflow/dags/airflow_iris.py for tasks to queue
[2025-10-02T19:02:49.971+0000] {logging_mixin.py:137} INFO - [2025-10-02T19:02:49.970+0000] {dagbag.py:538} INFO - Filling up the DagBag from /opt/airflow/dags/airflow_iris.py
[2025-10-02T19:02:50.171+0000] {logging_mixin.py:137} INFO - [2025-10-02T19:02:50.171+0000] {taskmixin.py:205} WARNING - Dependency <Task(PythonOperator): load_data>, preprocess_data already registered for DAG: iris_mlp_training
[2025-10-02T19:02:50.171+0000] {logging_mixin.py:137} INFO - [2025-10-02T19:02:50.171+0000] {taskmixin.py:205} WARNING - Dependency <Task(PythonOperator): preprocess_data>, load_data already registered for DAG: iris_mlp_training
[2025-10-02T19:02:50.171+0000] {logging_mixin.py:137} INFO - [2025-10-02T19:02:50.171+0000] {taskmixin.py:205} WARNING - Dependency <Task(PythonOperator): preprocess_data>, train_mlp already registered for DAG: iris_mlp_training
[2025-10-02T19:02:50.171+0000] {logging_mixin.py:137} INFO - [2025-10-02T19:02:50.171+0000] {taskmixin.py:205} WARNING - Dependency <Task(PythonOperator): train_mlp>, preprocess_data already registered for DAG: iris_mlp_training
[2025-10-02T19:02:50.172+0000] {logging_mixin.py:137} INFO - [2025-10-02T19:02:50.172+0000] {taskmixin.py:205} WARNING - Dependency <Task(PythonOperator): train_mlp>, evaluate_mlp already registered for DAG: iris_mlp_training
[2025-10-02T19:02:50.172+0000] {logging_mixin.py:137} INFO - [2025-10-02T19:02:50.172+0000] {taskmixin.py:205} WARNING - Dependency <Task(PythonOperator): evaluate_mlp>, train_mlp already registered for DAG: iris_mlp_training
[2025-10-02T19:02:50.175+0000] {processor.py:753} INFO - DAG(s) dict_keys(['iris_mlp_training']) retrieved from /opt/airflow/dags/airflow_iris.py
[2025-10-02T19:02:50.179+0000] {logging_mixin.py:137} INFO - [2025-10-02T19:02:50.179+0000] {dag.py:2690} INFO - Sync 1 DAGs
[2025-10-02T19:02:50.187+0000] {logging_mixin.py:137} INFO - [2025-10-02T19:02:50.187+0000] {dag.py:3441} INFO - Setting next_dagrun for iris_mlp_training to None, run_after=None
[2025-10-02T19:02:50.193+0000] {processor.py:175} INFO - Processing /opt/airflow/dags/airflow_iris.py took 0.228 seconds
[2025-10-02T19:03:05.653+0000] {processor.py:153} INFO - Started process (PID=1474) to work on /opt/airflow/dags/airflow_iris.py
[2025-10-02T19:03:05.654+0000] {processor.py:743} INFO - Processing file /opt/airflow/dags/airflow_iris.py for tasks to queue
[2025-10-02T19:03:05.655+0000] {logging_mixin.py:137} INFO - [2025-10-02T19:03:05.655+0000] {dagbag.py:538} INFO - Filling up the DagBag from /opt/airflow/dags/airflow_iris.py
[2025-10-02T19:03:05.873+0000] {logging_mixin.py:137} INFO - [2025-10-02T19:03:05.873+0000] {taskmixin.py:205} WARNING - Dependency <Task(PythonOperator): load_data>, preprocess_data already registered for DAG: iris_mlp_training
[2025-10-02T19:03:05.874+0000] {logging_mixin.py:137} INFO - [2025-10-02T19:03:05.874+0000] {taskmixin.py:205} WARNING - Dependency <Task(PythonOperator): preprocess_data>, load_data already registered for DAG: iris_mlp_training
[2025-10-02T19:03:05.874+0000] {logging_mixin.py:137} INFO - [2025-10-02T19:03:05.874+0000] {taskmixin.py:205} WARNING - Dependency <Task(PythonOperator): preprocess_data>, train_mlp already registered for DAG: iris_mlp_training
[2025-10-02T19:03:05.874+0000] {logging_mixin.py:137} INFO - [2025-10-02T19:03:05.874+0000] {taskmixin.py:205} WARNING - Dependency <Task(PythonOperator): train_mlp>, preprocess_data already registered for DAG: iris_mlp_training
[2025-10-02T19:03:05.874+0000] {logging_mixin.py:137} INFO - [2025-10-02T19:03:05.874+0000] {taskmixin.py:205} WARNING - Dependency <Task(PythonOperator): train_mlp>, evaluate_mlp already registered for DAG: iris_mlp_training
[2025-10-02T19:03:05.874+0000] {logging_mixin.py:137} INFO - [2025-10-02T19:03:05.874+0000] {taskmixin.py:205} WARNING - Dependency <Task(PythonOperator): evaluate_mlp>, train_mlp already registered for DAG: iris_mlp_training
[2025-10-02T19:03:05.876+0000] {processor.py:753} INFO - DAG(s) dict_keys(['iris_mlp_training']) retrieved from /opt/airflow/dags/airflow_iris.py
[2025-10-02T19:03:05.881+0000] {logging_mixin.py:137} INFO - [2025-10-02T19:03:05.881+0000] {dag.py:2690} INFO - Sync 1 DAGs
[2025-10-02T19:03:05.889+0000] {logging_mixin.py:137} INFO - [2025-10-02T19:03:05.889+0000] {dag.py:3441} INFO - Setting next_dagrun for iris_mlp_training to None, run_after=None
[2025-10-02T19:03:05.896+0000] {processor.py:175} INFO - Processing /opt/airflow/dags/airflow_iris.py took 0.248 seconds
[2025-10-02T19:03:23.803+0000] {processor.py:153} INFO - Started process (PID=1507) to work on /opt/airflow/dags/airflow_iris.py
[2025-10-02T19:03:23.804+0000] {processor.py:743} INFO - Processing file /opt/airflow/dags/airflow_iris.py for tasks to queue
[2025-10-02T19:03:23.805+0000] {logging_mixin.py:137} INFO - [2025-10-02T19:03:23.805+0000] {dagbag.py:538} INFO - Filling up the DagBag from /opt/airflow/dags/airflow_iris.py
[2025-10-02T19:03:24.042+0000] {logging_mixin.py:137} INFO - [2025-10-02T19:03:24.042+0000] {taskmixin.py:205} WARNING - Dependency <Task(PythonOperator): load_data>, preprocess_data already registered for DAG: iris_mlp_training
[2025-10-02T19:03:24.042+0000] {logging_mixin.py:137} INFO - [2025-10-02T19:03:24.042+0000] {taskmixin.py:205} WARNING - Dependency <Task(PythonOperator): preprocess_data>, load_data already registered for DAG: iris_mlp_training
[2025-10-02T19:03:24.042+0000] {logging_mixin.py:137} INFO - [2025-10-02T19:03:24.042+0000] {taskmixin.py:205} WARNING - Dependency <Task(PythonOperator): preprocess_data>, train_mlp already registered for DAG: iris_mlp_training
[2025-10-02T19:03:24.042+0000] {logging_mixin.py:137} INFO - [2025-10-02T19:03:24.042+0000] {taskmixin.py:205} WARNING - Dependency <Task(PythonOperator): train_mlp>, preprocess_data already registered for DAG: iris_mlp_training
[2025-10-02T19:03:24.042+0000] {logging_mixin.py:137} INFO - [2025-10-02T19:03:24.042+0000] {taskmixin.py:205} WARNING - Dependency <Task(PythonOperator): train_mlp>, evaluate_mlp already registered for DAG: iris_mlp_training
[2025-10-02T19:03:24.043+0000] {logging_mixin.py:137} INFO - [2025-10-02T19:03:24.043+0000] {taskmixin.py:205} WARNING - Dependency <Task(PythonOperator): evaluate_mlp>, train_mlp already registered for DAG: iris_mlp_training
[2025-10-02T19:03:24.045+0000] {processor.py:753} INFO - DAG(s) dict_keys(['iris_mlp_training']) retrieved from /opt/airflow/dags/airflow_iris.py
[2025-10-02T19:03:24.053+0000] {logging_mixin.py:137} INFO - [2025-10-02T19:03:24.053+0000] {dag.py:2690} INFO - Sync 1 DAGs
[2025-10-02T19:03:24.061+0000] {logging_mixin.py:137} INFO - [2025-10-02T19:03:24.061+0000] {dag.py:3441} INFO - Setting next_dagrun for iris_mlp_training to None, run_after=None
[2025-10-02T19:03:24.067+0000] {processor.py:175} INFO - Processing /opt/airflow/dags/airflow_iris.py took 0.267 seconds
[2025-10-02T19:03:26.402+0000] {processor.py:153} INFO - Started process (PID=1510) to work on /opt/airflow/dags/airflow_iris.py
[2025-10-02T19:03:26.403+0000] {processor.py:743} INFO - Processing file /opt/airflow/dags/airflow_iris.py for tasks to queue
[2025-10-02T19:03:26.404+0000] {logging_mixin.py:137} INFO - [2025-10-02T19:03:26.403+0000] {dagbag.py:538} INFO - Filling up the DagBag from /opt/airflow/dags/airflow_iris.py
[2025-10-02T19:03:26.597+0000] {logging_mixin.py:137} INFO - [2025-10-02T19:03:26.596+0000] {taskmixin.py:205} WARNING - Dependency <Task(PythonOperator): load_data>, preprocess_data already registered for DAG: iris_mlp_training
[2025-10-02T19:03:26.597+0000] {logging_mixin.py:137} INFO - [2025-10-02T19:03:26.597+0000] {taskmixin.py:205} WARNING - Dependency <Task(PythonOperator): preprocess_data>, load_data already registered for DAG: iris_mlp_training
[2025-10-02T19:03:26.597+0000] {logging_mixin.py:137} INFO - [2025-10-02T19:03:26.597+0000] {taskmixin.py:205} WARNING - Dependency <Task(PythonOperator): preprocess_data>, train_mlp already registered for DAG: iris_mlp_training
[2025-10-02T19:03:26.597+0000] {logging_mixin.py:137} INFO - [2025-10-02T19:03:26.597+0000] {taskmixin.py:205} WARNING - Dependency <Task(PythonOperator): train_mlp>, preprocess_data already registered for DAG: iris_mlp_training
[2025-10-02T19:03:26.597+0000] {logging_mixin.py:137} INFO - [2025-10-02T19:03:26.597+0000] {taskmixin.py:205} WARNING - Dependency <Task(PythonOperator): train_mlp>, evaluate_mlp already registered for DAG: iris_mlp_training
[2025-10-02T19:03:26.597+0000] {logging_mixin.py:137} INFO - [2025-10-02T19:03:26.597+0000] {taskmixin.py:205} WARNING - Dependency <Task(PythonOperator): evaluate_mlp>, train_mlp already registered for DAG: iris_mlp_training
[2025-10-02T19:03:26.599+0000] {processor.py:753} INFO - DAG(s) dict_keys(['iris_mlp_training']) retrieved from /opt/airflow/dags/airflow_iris.py
[2025-10-02T19:03:26.607+0000] {logging_mixin.py:137} INFO - [2025-10-02T19:03:26.607+0000] {dag.py:2690} INFO - Sync 1 DAGs
[2025-10-02T19:03:26.616+0000] {logging_mixin.py:137} INFO - [2025-10-02T19:03:26.616+0000] {dag.py:3441} INFO - Setting next_dagrun for iris_mlp_training to None, run_after=None
[2025-10-02T19:03:26.623+0000] {processor.py:175} INFO - Processing /opt/airflow/dags/airflow_iris.py took 0.225 seconds
[2025-10-02T19:04:30.281+0000] {processor.py:153} INFO - Started process (PID=61) to work on /opt/airflow/dags/airflow_iris.py
[2025-10-02T19:04:30.282+0000] {processor.py:743} INFO - Processing file /opt/airflow/dags/airflow_iris.py for tasks to queue
[2025-10-02T19:04:30.284+0000] {logging_mixin.py:137} INFO - [2025-10-02T19:04:30.283+0000] {dagbag.py:538} INFO - Filling up the DagBag from /opt/airflow/dags/airflow_iris.py
[2025-10-02T19:04:30.574+0000] {logging_mixin.py:137} INFO - [2025-10-02T19:04:30.574+0000] {taskmixin.py:205} WARNING - Dependency <Task(PythonOperator): load_data>, preprocess_data already registered for DAG: iris_mlp_training
[2025-10-02T19:04:30.574+0000] {logging_mixin.py:137} INFO - [2025-10-02T19:04:30.574+0000] {taskmixin.py:205} WARNING - Dependency <Task(PythonOperator): preprocess_data>, load_data already registered for DAG: iris_mlp_training
[2025-10-02T19:04:30.575+0000] {logging_mixin.py:137} INFO - [2025-10-02T19:04:30.575+0000] {taskmixin.py:205} WARNING - Dependency <Task(PythonOperator): preprocess_data>, train_mlp already registered for DAG: iris_mlp_training
[2025-10-02T19:04:30.575+0000] {logging_mixin.py:137} INFO - [2025-10-02T19:04:30.575+0000] {taskmixin.py:205} WARNING - Dependency <Task(PythonOperator): train_mlp>, preprocess_data already registered for DAG: iris_mlp_training
[2025-10-02T19:04:30.575+0000] {logging_mixin.py:137} INFO - [2025-10-02T19:04:30.575+0000] {taskmixin.py:205} WARNING - Dependency <Task(PythonOperator): train_mlp>, evaluate_mlp already registered for DAG: iris_mlp_training
[2025-10-02T19:04:30.575+0000] {logging_mixin.py:137} INFO - [2025-10-02T19:04:30.575+0000] {taskmixin.py:205} WARNING - Dependency <Task(PythonOperator): evaluate_mlp>, train_mlp already registered for DAG: iris_mlp_training
[2025-10-02T19:04:30.595+0000] {processor.py:753} INFO - DAG(s) dict_keys(['iris_mlp_training']) retrieved from /opt/airflow/dags/airflow_iris.py
[2025-10-02T19:04:30.634+0000] {logging_mixin.py:137} INFO - [2025-10-02T19:04:30.634+0000] {dag.py:2690} INFO - Sync 1 DAGs
[2025-10-02T19:04:30.646+0000] {logging_mixin.py:137} INFO - [2025-10-02T19:04:30.646+0000] {dag.py:3441} INFO - Setting next_dagrun for iris_mlp_training to None, run_after=None
[2025-10-02T19:04:30.664+0000] {processor.py:175} INFO - Processing /opt/airflow/dags/airflow_iris.py took 0.387 seconds
[2025-10-02T19:05:00.876+0000] {processor.py:153} INFO - Started process (PID=96) to work on /opt/airflow/dags/airflow_iris.py
[2025-10-02T19:05:00.877+0000] {processor.py:743} INFO - Processing file /opt/airflow/dags/airflow_iris.py for tasks to queue
[2025-10-02T19:05:00.877+0000] {logging_mixin.py:137} INFO - [2025-10-02T19:05:00.877+0000] {dagbag.py:538} INFO - Filling up the DagBag from /opt/airflow/dags/airflow_iris.py
[2025-10-02T19:05:00.993+0000] {logging_mixin.py:137} INFO - [2025-10-02T19:05:00.993+0000] {taskmixin.py:205} WARNING - Dependency <Task(PythonOperator): load_data>, preprocess_data already registered for DAG: iris_mlp_training
[2025-10-02T19:05:00.993+0000] {logging_mixin.py:137} INFO - [2025-10-02T19:05:00.993+0000] {taskmixin.py:205} WARNING - Dependency <Task(PythonOperator): preprocess_data>, load_data already registered for DAG: iris_mlp_training
[2025-10-02T19:05:00.993+0000] {logging_mixin.py:137} INFO - [2025-10-02T19:05:00.993+0000] {taskmixin.py:205} WARNING - Dependency <Task(PythonOperator): preprocess_data>, train_mlp already registered for DAG: iris_mlp_training
[2025-10-02T19:05:00.993+0000] {logging_mixin.py:137} INFO - [2025-10-02T19:05:00.993+0000] {taskmixin.py:205} WARNING - Dependency <Task(PythonOperator): train_mlp>, preprocess_data already registered for DAG: iris_mlp_training
[2025-10-02T19:05:00.993+0000] {logging_mixin.py:137} INFO - [2025-10-02T19:05:00.993+0000] {taskmixin.py:205} WARNING - Dependency <Task(PythonOperator): train_mlp>, evaluate_mlp already registered for DAG: iris_mlp_training
[2025-10-02T19:05:00.993+0000] {logging_mixin.py:137} INFO - [2025-10-02T19:05:00.993+0000] {taskmixin.py:205} WARNING - Dependency <Task(PythonOperator): evaluate_mlp>, train_mlp already registered for DAG: iris_mlp_training
[2025-10-02T19:05:00.995+0000] {processor.py:753} INFO - DAG(s) dict_keys(['iris_mlp_training']) retrieved from /opt/airflow/dags/airflow_iris.py
[2025-10-02T19:05:01.005+0000] {logging_mixin.py:137} INFO - [2025-10-02T19:05:01.005+0000] {dag.py:2690} INFO - Sync 1 DAGs
[2025-10-02T19:05:01.014+0000] {logging_mixin.py:137} INFO - [2025-10-02T19:05:01.014+0000] {dag.py:3441} INFO - Setting next_dagrun for iris_mlp_training to None, run_after=None
[2025-10-02T19:05:01.021+0000] {processor.py:175} INFO - Processing /opt/airflow/dags/airflow_iris.py took 0.146 seconds
[2025-10-02T19:05:31.270+0000] {processor.py:153} INFO - Started process (PID=147) to work on /opt/airflow/dags/airflow_iris.py
[2025-10-02T19:05:31.271+0000] {processor.py:743} INFO - Processing file /opt/airflow/dags/airflow_iris.py for tasks to queue
[2025-10-02T19:05:31.272+0000] {logging_mixin.py:137} INFO - [2025-10-02T19:05:31.272+0000] {dagbag.py:538} INFO - Filling up the DagBag from /opt/airflow/dags/airflow_iris.py
[2025-10-02T19:05:31.404+0000] {logging_mixin.py:137} INFO - [2025-10-02T19:05:31.404+0000] {taskmixin.py:205} WARNING - Dependency <Task(PythonOperator): load_data>, preprocess_data already registered for DAG: iris_mlp_training
[2025-10-02T19:05:31.404+0000] {logging_mixin.py:137} INFO - [2025-10-02T19:05:31.404+0000] {taskmixin.py:205} WARNING - Dependency <Task(PythonOperator): preprocess_data>, load_data already registered for DAG: iris_mlp_training
[2025-10-02T19:05:31.404+0000] {logging_mixin.py:137} INFO - [2025-10-02T19:05:31.404+0000] {taskmixin.py:205} WARNING - Dependency <Task(PythonOperator): preprocess_data>, train_mlp already registered for DAG: iris_mlp_training
[2025-10-02T19:05:31.404+0000] {logging_mixin.py:137} INFO - [2025-10-02T19:05:31.404+0000] {taskmixin.py:205} WARNING - Dependency <Task(PythonOperator): train_mlp>, preprocess_data already registered for DAG: iris_mlp_training
[2025-10-02T19:05:31.404+0000] {logging_mixin.py:137} INFO - [2025-10-02T19:05:31.404+0000] {taskmixin.py:205} WARNING - Dependency <Task(PythonOperator): train_mlp>, evaluate_mlp already registered for DAG: iris_mlp_training
[2025-10-02T19:05:31.404+0000] {logging_mixin.py:137} INFO - [2025-10-02T19:05:31.404+0000] {taskmixin.py:205} WARNING - Dependency <Task(PythonOperator): evaluate_mlp>, train_mlp already registered for DAG: iris_mlp_training
[2025-10-02T19:05:31.407+0000] {processor.py:753} INFO - DAG(s) dict_keys(['iris_mlp_training']) retrieved from /opt/airflow/dags/airflow_iris.py
[2025-10-02T19:05:31.415+0000] {logging_mixin.py:137} INFO - [2025-10-02T19:05:31.415+0000] {dag.py:2690} INFO - Sync 1 DAGs
[2025-10-02T19:05:31.424+0000] {logging_mixin.py:137} INFO - [2025-10-02T19:05:31.424+0000] {dag.py:3441} INFO - Setting next_dagrun for iris_mlp_training to None, run_after=None
[2025-10-02T19:05:31.430+0000] {processor.py:175} INFO - Processing /opt/airflow/dags/airflow_iris.py took 0.163 seconds
[2025-10-02T19:06:01.711+0000] {processor.py:153} INFO - Started process (PID=198) to work on /opt/airflow/dags/airflow_iris.py
[2025-10-02T19:06:01.711+0000] {processor.py:743} INFO - Processing file /opt/airflow/dags/airflow_iris.py for tasks to queue
[2025-10-02T19:06:01.712+0000] {logging_mixin.py:137} INFO - [2025-10-02T19:06:01.712+0000] {dagbag.py:538} INFO - Filling up the DagBag from /opt/airflow/dags/airflow_iris.py
[2025-10-02T19:06:01.838+0000] {logging_mixin.py:137} INFO - [2025-10-02T19:06:01.838+0000] {taskmixin.py:205} WARNING - Dependency <Task(PythonOperator): load_data>, preprocess_data already registered for DAG: iris_mlp_training
[2025-10-02T19:06:01.838+0000] {logging_mixin.py:137} INFO - [2025-10-02T19:06:01.838+0000] {taskmixin.py:205} WARNING - Dependency <Task(PythonOperator): preprocess_data>, load_data already registered for DAG: iris_mlp_training
[2025-10-02T19:06:01.839+0000] {logging_mixin.py:137} INFO - [2025-10-02T19:06:01.839+0000] {taskmixin.py:205} WARNING - Dependency <Task(PythonOperator): preprocess_data>, train_mlp already registered for DAG: iris_mlp_training
[2025-10-02T19:06:01.839+0000] {logging_mixin.py:137} INFO - [2025-10-02T19:06:01.839+0000] {taskmixin.py:205} WARNING - Dependency <Task(PythonOperator): train_mlp>, preprocess_data already registered for DAG: iris_mlp_training
[2025-10-02T19:06:01.839+0000] {logging_mixin.py:137} INFO - [2025-10-02T19:06:01.839+0000] {taskmixin.py:205} WARNING - Dependency <Task(PythonOperator): train_mlp>, evaluate_mlp already registered for DAG: iris_mlp_training
[2025-10-02T19:06:01.839+0000] {logging_mixin.py:137} INFO - [2025-10-02T19:06:01.839+0000] {taskmixin.py:205} WARNING - Dependency <Task(PythonOperator): evaluate_mlp>, train_mlp already registered for DAG: iris_mlp_training
[2025-10-02T19:06:01.841+0000] {processor.py:753} INFO - DAG(s) dict_keys(['iris_mlp_training']) retrieved from /opt/airflow/dags/airflow_iris.py
[2025-10-02T19:06:01.850+0000] {logging_mixin.py:137} INFO - [2025-10-02T19:06:01.850+0000] {dag.py:2690} INFO - Sync 1 DAGs
[2025-10-02T19:06:01.859+0000] {logging_mixin.py:137} INFO - [2025-10-02T19:06:01.859+0000] {dag.py:3441} INFO - Setting next_dagrun for iris_mlp_training to None, run_after=None
[2025-10-02T19:06:01.865+0000] {processor.py:175} INFO - Processing /opt/airflow/dags/airflow_iris.py took 0.157 seconds
[2025-10-02T19:06:32.100+0000] {processor.py:153} INFO - Started process (PID=249) to work on /opt/airflow/dags/airflow_iris.py
[2025-10-02T19:06:32.100+0000] {processor.py:743} INFO - Processing file /opt/airflow/dags/airflow_iris.py for tasks to queue
[2025-10-02T19:06:32.101+0000] {logging_mixin.py:137} INFO - [2025-10-02T19:06:32.101+0000] {dagbag.py:538} INFO - Filling up the DagBag from /opt/airflow/dags/airflow_iris.py
[2025-10-02T19:06:32.228+0000] {logging_mixin.py:137} INFO - [2025-10-02T19:06:32.228+0000] {taskmixin.py:205} WARNING - Dependency <Task(PythonOperator): load_data>, preprocess_data already registered for DAG: iris_mlp_training
[2025-10-02T19:06:32.229+0000] {logging_mixin.py:137} INFO - [2025-10-02T19:06:32.228+0000] {taskmixin.py:205} WARNING - Dependency <Task(PythonOperator): preprocess_data>, load_data already registered for DAG: iris_mlp_training
[2025-10-02T19:06:32.229+0000] {logging_mixin.py:137} INFO - [2025-10-02T19:06:32.229+0000] {taskmixin.py:205} WARNING - Dependency <Task(PythonOperator): preprocess_data>, train_mlp already registered for DAG: iris_mlp_training
[2025-10-02T19:06:32.229+0000] {logging_mixin.py:137} INFO - [2025-10-02T19:06:32.229+0000] {taskmixin.py:205} WARNING - Dependency <Task(PythonOperator): train_mlp>, preprocess_data already registered for DAG: iris_mlp_training
[2025-10-02T19:06:32.229+0000] {logging_mixin.py:137} INFO - [2025-10-02T19:06:32.229+0000] {taskmixin.py:205} WARNING - Dependency <Task(PythonOperator): train_mlp>, evaluate_mlp already registered for DAG: iris_mlp_training
[2025-10-02T19:06:32.229+0000] {logging_mixin.py:137} INFO - [2025-10-02T19:06:32.229+0000] {taskmixin.py:205} WARNING - Dependency <Task(PythonOperator): evaluate_mlp>, train_mlp already registered for DAG: iris_mlp_training
[2025-10-02T19:06:32.231+0000] {processor.py:753} INFO - DAG(s) dict_keys(['iris_mlp_training']) retrieved from /opt/airflow/dags/airflow_iris.py
[2025-10-02T19:06:32.239+0000] {logging_mixin.py:137} INFO - [2025-10-02T19:06:32.239+0000] {dag.py:2690} INFO - Sync 1 DAGs
[2025-10-02T19:06:32.248+0000] {logging_mixin.py:137} INFO - [2025-10-02T19:06:32.248+0000] {dag.py:3441} INFO - Setting next_dagrun for iris_mlp_training to None, run_after=None
[2025-10-02T19:06:32.255+0000] {processor.py:175} INFO - Processing /opt/airflow/dags/airflow_iris.py took 0.158 seconds
[2025-10-02T19:07:02.492+0000] {processor.py:153} INFO - Started process (PID=284) to work on /opt/airflow/dags/airflow_iris.py
[2025-10-02T19:07:02.493+0000] {processor.py:743} INFO - Processing file /opt/airflow/dags/airflow_iris.py for tasks to queue
[2025-10-02T19:07:02.493+0000] {logging_mixin.py:137} INFO - [2025-10-02T19:07:02.493+0000] {dagbag.py:538} INFO - Filling up the DagBag from /opt/airflow/dags/airflow_iris.py
[2025-10-02T19:07:02.610+0000] {logging_mixin.py:137} INFO - [2025-10-02T19:07:02.610+0000] {taskmixin.py:205} WARNING - Dependency <Task(PythonOperator): load_data>, preprocess_data already registered for DAG: iris_mlp_training
[2025-10-02T19:07:02.610+0000] {logging_mixin.py:137} INFO - [2025-10-02T19:07:02.610+0000] {taskmixin.py:205} WARNING - Dependency <Task(PythonOperator): preprocess_data>, load_data already registered for DAG: iris_mlp_training
[2025-10-02T19:07:02.610+0000] {logging_mixin.py:137} INFO - [2025-10-02T19:07:02.610+0000] {taskmixin.py:205} WARNING - Dependency <Task(PythonOperator): preprocess_data>, train_mlp already registered for DAG: iris_mlp_training
[2025-10-02T19:07:02.610+0000] {logging_mixin.py:137} INFO - [2025-10-02T19:07:02.610+0000] {taskmixin.py:205} WARNING - Dependency <Task(PythonOperator): train_mlp>, preprocess_data already registered for DAG: iris_mlp_training
[2025-10-02T19:07:02.610+0000] {logging_mixin.py:137} INFO - [2025-10-02T19:07:02.610+0000] {taskmixin.py:205} WARNING - Dependency <Task(PythonOperator): train_mlp>, evaluate_mlp already registered for DAG: iris_mlp_training
[2025-10-02T19:07:02.610+0000] {logging_mixin.py:137} INFO - [2025-10-02T19:07:02.610+0000] {taskmixin.py:205} WARNING - Dependency <Task(PythonOperator): evaluate_mlp>, train_mlp already registered for DAG: iris_mlp_training
[2025-10-02T19:07:02.613+0000] {processor.py:753} INFO - DAG(s) dict_keys(['iris_mlp_training']) retrieved from /opt/airflow/dags/airflow_iris.py
[2025-10-02T19:07:02.622+0000] {logging_mixin.py:137} INFO - [2025-10-02T19:07:02.622+0000] {dag.py:2690} INFO - Sync 1 DAGs
[2025-10-02T19:07:02.639+0000] {logging_mixin.py:137} INFO - [2025-10-02T19:07:02.639+0000] {dag.py:3441} INFO - Setting next_dagrun for iris_mlp_training to None, run_after=None
[2025-10-02T19:07:02.669+0000] {processor.py:175} INFO - Processing /opt/airflow/dags/airflow_iris.py took 0.178 seconds
[2025-10-02T19:07:32.872+0000] {processor.py:153} INFO - Started process (PID=334) to work on /opt/airflow/dags/airflow_iris.py
[2025-10-02T19:07:32.873+0000] {processor.py:743} INFO - Processing file /opt/airflow/dags/airflow_iris.py for tasks to queue
[2025-10-02T19:07:32.874+0000] {logging_mixin.py:137} INFO - [2025-10-02T19:07:32.874+0000] {dagbag.py:538} INFO - Filling up the DagBag from /opt/airflow/dags/airflow_iris.py
[2025-10-02T19:07:33.010+0000] {logging_mixin.py:137} INFO - [2025-10-02T19:07:33.010+0000] {taskmixin.py:205} WARNING - Dependency <Task(PythonOperator): load_data>, preprocess_data already registered for DAG: iris_mlp_training
[2025-10-02T19:07:33.010+0000] {logging_mixin.py:137} INFO - [2025-10-02T19:07:33.010+0000] {taskmixin.py:205} WARNING - Dependency <Task(PythonOperator): preprocess_data>, load_data already registered for DAG: iris_mlp_training
[2025-10-02T19:07:33.010+0000] {logging_mixin.py:137} INFO - [2025-10-02T19:07:33.010+0000] {taskmixin.py:205} WARNING - Dependency <Task(PythonOperator): preprocess_data>, train_mlp already registered for DAG: iris_mlp_training
[2025-10-02T19:07:33.010+0000] {logging_mixin.py:137} INFO - [2025-10-02T19:07:33.010+0000] {taskmixin.py:205} WARNING - Dependency <Task(PythonOperator): train_mlp>, preprocess_data already registered for DAG: iris_mlp_training
[2025-10-02T19:07:33.011+0000] {logging_mixin.py:137} INFO - [2025-10-02T19:07:33.011+0000] {taskmixin.py:205} WARNING - Dependency <Task(PythonOperator): train_mlp>, evaluate_mlp already registered for DAG: iris_mlp_training
[2025-10-02T19:07:33.011+0000] {logging_mixin.py:137} INFO - [2025-10-02T19:07:33.011+0000] {taskmixin.py:205} WARNING - Dependency <Task(PythonOperator): evaluate_mlp>, train_mlp already registered for DAG: iris_mlp_training
[2025-10-02T19:07:33.013+0000] {processor.py:753} INFO - DAG(s) dict_keys(['iris_mlp_training']) retrieved from /opt/airflow/dags/airflow_iris.py
[2025-10-02T19:07:33.022+0000] {logging_mixin.py:137} INFO - [2025-10-02T19:07:33.022+0000] {dag.py:2690} INFO - Sync 1 DAGs
[2025-10-02T19:07:33.032+0000] {logging_mixin.py:137} INFO - [2025-10-02T19:07:33.031+0000] {dag.py:3441} INFO - Setting next_dagrun for iris_mlp_training to None, run_after=None
[2025-10-02T19:07:33.038+0000] {processor.py:175} INFO - Processing /opt/airflow/dags/airflow_iris.py took 0.169 seconds
[2025-10-02T19:08:03.267+0000] {processor.py:153} INFO - Started process (PID=385) to work on /opt/airflow/dags/airflow_iris.py
[2025-10-02T19:08:03.268+0000] {processor.py:743} INFO - Processing file /opt/airflow/dags/airflow_iris.py for tasks to queue
[2025-10-02T19:08:03.269+0000] {logging_mixin.py:137} INFO - [2025-10-02T19:08:03.268+0000] {dagbag.py:538} INFO - Filling up the DagBag from /opt/airflow/dags/airflow_iris.py
[2025-10-02T19:08:03.404+0000] {logging_mixin.py:137} INFO - [2025-10-02T19:08:03.404+0000] {taskmixin.py:205} WARNING - Dependency <Task(PythonOperator): load_data>, preprocess_data already registered for DAG: iris_mlp_training
[2025-10-02T19:08:03.405+0000] {logging_mixin.py:137} INFO - [2025-10-02T19:08:03.405+0000] {taskmixin.py:205} WARNING - Dependency <Task(PythonOperator): preprocess_data>, load_data already registered for DAG: iris_mlp_training
[2025-10-02T19:08:03.405+0000] {logging_mixin.py:137} INFO - [2025-10-02T19:08:03.405+0000] {taskmixin.py:205} WARNING - Dependency <Task(PythonOperator): preprocess_data>, train_mlp already registered for DAG: iris_mlp_training
[2025-10-02T19:08:03.405+0000] {logging_mixin.py:137} INFO - [2025-10-02T19:08:03.405+0000] {taskmixin.py:205} WARNING - Dependency <Task(PythonOperator): train_mlp>, preprocess_data already registered for DAG: iris_mlp_training
[2025-10-02T19:08:03.405+0000] {logging_mixin.py:137} INFO - [2025-10-02T19:08:03.405+0000] {taskmixin.py:205} WARNING - Dependency <Task(PythonOperator): train_mlp>, evaluate_mlp already registered for DAG: iris_mlp_training
[2025-10-02T19:08:03.405+0000] {logging_mixin.py:137} INFO - [2025-10-02T19:08:03.405+0000] {taskmixin.py:205} WARNING - Dependency <Task(PythonOperator): evaluate_mlp>, train_mlp already registered for DAG: iris_mlp_training
[2025-10-02T19:08:03.407+0000] {processor.py:753} INFO - DAG(s) dict_keys(['iris_mlp_training']) retrieved from /opt/airflow/dags/airflow_iris.py
[2025-10-02T19:08:03.416+0000] {logging_mixin.py:137} INFO - [2025-10-02T19:08:03.416+0000] {dag.py:2690} INFO - Sync 1 DAGs
[2025-10-02T19:08:03.425+0000] {logging_mixin.py:137} INFO - [2025-10-02T19:08:03.425+0000] {dag.py:3441} INFO - Setting next_dagrun for iris_mlp_training to None, run_after=None
[2025-10-02T19:08:03.431+0000] {processor.py:175} INFO - Processing /opt/airflow/dags/airflow_iris.py took 0.168 seconds
[2025-10-02T19:08:33.666+0000] {processor.py:153} INFO - Started process (PID=435) to work on /opt/airflow/dags/airflow_iris.py
[2025-10-02T19:08:33.666+0000] {processor.py:743} INFO - Processing file /opt/airflow/dags/airflow_iris.py for tasks to queue
[2025-10-02T19:08:33.667+0000] {logging_mixin.py:137} INFO - [2025-10-02T19:08:33.667+0000] {dagbag.py:538} INFO - Filling up the DagBag from /opt/airflow/dags/airflow_iris.py
[2025-10-02T19:08:33.815+0000] {logging_mixin.py:137} INFO - [2025-10-02T19:08:33.815+0000] {taskmixin.py:205} WARNING - Dependency <Task(PythonOperator): load_data>, preprocess_data already registered for DAG: iris_mlp_training
[2025-10-02T19:08:33.815+0000] {logging_mixin.py:137} INFO - [2025-10-02T19:08:33.815+0000] {taskmixin.py:205} WARNING - Dependency <Task(PythonOperator): preprocess_data>, load_data already registered for DAG: iris_mlp_training
[2025-10-02T19:08:33.815+0000] {logging_mixin.py:137} INFO - [2025-10-02T19:08:33.815+0000] {taskmixin.py:205} WARNING - Dependency <Task(PythonOperator): preprocess_data>, train_mlp already registered for DAG: iris_mlp_training
[2025-10-02T19:08:33.815+0000] {logging_mixin.py:137} INFO - [2025-10-02T19:08:33.815+0000] {taskmixin.py:205} WARNING - Dependency <Task(PythonOperator): train_mlp>, preprocess_data already registered for DAG: iris_mlp_training
[2025-10-02T19:08:33.815+0000] {logging_mixin.py:137} INFO - [2025-10-02T19:08:33.815+0000] {taskmixin.py:205} WARNING - Dependency <Task(PythonOperator): train_mlp>, evaluate_mlp already registered for DAG: iris_mlp_training
[2025-10-02T19:08:33.815+0000] {logging_mixin.py:137} INFO - [2025-10-02T19:08:33.815+0000] {taskmixin.py:205} WARNING - Dependency <Task(PythonOperator): evaluate_mlp>, train_mlp already registered for DAG: iris_mlp_training
[2025-10-02T19:08:33.818+0000] {processor.py:753} INFO - DAG(s) dict_keys(['iris_mlp_training']) retrieved from /opt/airflow/dags/airflow_iris.py
[2025-10-02T19:08:33.828+0000] {logging_mixin.py:137} INFO - [2025-10-02T19:08:33.828+0000] {dag.py:2690} INFO - Sync 1 DAGs
[2025-10-02T19:08:33.839+0000] {logging_mixin.py:137} INFO - [2025-10-02T19:08:33.839+0000] {dag.py:3441} INFO - Setting next_dagrun for iris_mlp_training to None, run_after=None
[2025-10-02T19:08:33.845+0000] {processor.py:175} INFO - Processing /opt/airflow/dags/airflow_iris.py took 0.180 seconds
[2025-10-02T19:09:04.083+0000] {processor.py:153} INFO - Started process (PID=485) to work on /opt/airflow/dags/airflow_iris.py
[2025-10-02T19:09:04.083+0000] {processor.py:743} INFO - Processing file /opt/airflow/dags/airflow_iris.py for tasks to queue
[2025-10-02T19:09:04.084+0000] {logging_mixin.py:137} INFO - [2025-10-02T19:09:04.084+0000] {dagbag.py:538} INFO - Filling up the DagBag from /opt/airflow/dags/airflow_iris.py
[2025-10-02T19:09:04.212+0000] {logging_mixin.py:137} INFO - [2025-10-02T19:09:04.212+0000] {taskmixin.py:205} WARNING - Dependency <Task(PythonOperator): load_data>, preprocess_data already registered for DAG: iris_mlp_training
[2025-10-02T19:09:04.212+0000] {logging_mixin.py:137} INFO - [2025-10-02T19:09:04.212+0000] {taskmixin.py:205} WARNING - Dependency <Task(PythonOperator): preprocess_data>, load_data already registered for DAG: iris_mlp_training
[2025-10-02T19:09:04.212+0000] {logging_mixin.py:137} INFO - [2025-10-02T19:09:04.212+0000] {taskmixin.py:205} WARNING - Dependency <Task(PythonOperator): preprocess_data>, train_mlp already registered for DAG: iris_mlp_training
[2025-10-02T19:09:04.212+0000] {logging_mixin.py:137} INFO - [2025-10-02T19:09:04.212+0000] {taskmixin.py:205} WARNING - Dependency <Task(PythonOperator): train_mlp>, preprocess_data already registered for DAG: iris_mlp_training
[2025-10-02T19:09:04.212+0000] {logging_mixin.py:137} INFO - [2025-10-02T19:09:04.212+0000] {taskmixin.py:205} WARNING - Dependency <Task(PythonOperator): train_mlp>, evaluate_mlp already registered for DAG: iris_mlp_training
[2025-10-02T19:09:04.212+0000] {logging_mixin.py:137} INFO - [2025-10-02T19:09:04.212+0000] {taskmixin.py:205} WARNING - Dependency <Task(PythonOperator): evaluate_mlp>, train_mlp already registered for DAG: iris_mlp_training
[2025-10-02T19:09:04.214+0000] {processor.py:753} INFO - DAG(s) dict_keys(['iris_mlp_training']) retrieved from /opt/airflow/dags/airflow_iris.py
[2025-10-02T19:09:04.223+0000] {logging_mixin.py:137} INFO - [2025-10-02T19:09:04.223+0000] {dag.py:2690} INFO - Sync 1 DAGs
[2025-10-02T19:09:04.232+0000] {logging_mixin.py:137} INFO - [2025-10-02T19:09:04.232+0000] {dag.py:3441} INFO - Setting next_dagrun for iris_mlp_training to None, run_after=None
[2025-10-02T19:09:04.239+0000] {processor.py:175} INFO - Processing /opt/airflow/dags/airflow_iris.py took 0.158 seconds
[2025-10-02T19:09:34.519+0000] {processor.py:153} INFO - Started process (PID=520) to work on /opt/airflow/dags/airflow_iris.py
[2025-10-02T19:09:34.520+0000] {processor.py:743} INFO - Processing file /opt/airflow/dags/airflow_iris.py for tasks to queue
[2025-10-02T19:09:34.521+0000] {logging_mixin.py:137} INFO - [2025-10-02T19:09:34.521+0000] {dagbag.py:538} INFO - Filling up the DagBag from /opt/airflow/dags/airflow_iris.py
[2025-10-02T19:09:34.654+0000] {logging_mixin.py:137} INFO - [2025-10-02T19:09:34.654+0000] {taskmixin.py:205} WARNING - Dependency <Task(PythonOperator): load_data>, preprocess_data already registered for DAG: iris_mlp_training
[2025-10-02T19:09:34.654+0000] {logging_mixin.py:137} INFO - [2025-10-02T19:09:34.654+0000] {taskmixin.py:205} WARNING - Dependency <Task(PythonOperator): preprocess_data>, load_data already registered for DAG: iris_mlp_training
[2025-10-02T19:09:34.654+0000] {logging_mixin.py:137} INFO - [2025-10-02T19:09:34.654+0000] {taskmixin.py:205} WARNING - Dependency <Task(PythonOperator): preprocess_data>, train_mlp already registered for DAG: iris_mlp_training
[2025-10-02T19:09:34.655+0000] {logging_mixin.py:137} INFO - [2025-10-02T19:09:34.655+0000] {taskmixin.py:205} WARNING - Dependency <Task(PythonOperator): train_mlp>, preprocess_data already registered for DAG: iris_mlp_training
[2025-10-02T19:09:34.655+0000] {logging_mixin.py:137} INFO - [2025-10-02T19:09:34.655+0000] {taskmixin.py:205} WARNING - Dependency <Task(PythonOperator): train_mlp>, evaluate_mlp already registered for DAG: iris_mlp_training
[2025-10-02T19:09:34.655+0000] {logging_mixin.py:137} INFO - [2025-10-02T19:09:34.655+0000] {taskmixin.py:205} WARNING - Dependency <Task(PythonOperator): evaluate_mlp>, train_mlp already registered for DAG: iris_mlp_training
[2025-10-02T19:09:34.657+0000] {processor.py:753} INFO - DAG(s) dict_keys(['iris_mlp_training']) retrieved from /opt/airflow/dags/airflow_iris.py
[2025-10-02T19:09:34.666+0000] {logging_mixin.py:137} INFO - [2025-10-02T19:09:34.666+0000] {dag.py:2690} INFO - Sync 1 DAGs
[2025-10-02T19:09:34.675+0000] {logging_mixin.py:137} INFO - [2025-10-02T19:09:34.675+0000] {dag.py:3441} INFO - Setting next_dagrun for iris_mlp_training to None, run_after=None
[2025-10-02T19:09:34.683+0000] {processor.py:175} INFO - Processing /opt/airflow/dags/airflow_iris.py took 0.167 seconds
[2025-10-02T19:10:04.893+0000] {processor.py:153} INFO - Started process (PID=571) to work on /opt/airflow/dags/airflow_iris.py
[2025-10-02T19:10:04.894+0000] {processor.py:743} INFO - Processing file /opt/airflow/dags/airflow_iris.py for tasks to queue
[2025-10-02T19:10:04.895+0000] {logging_mixin.py:137} INFO - [2025-10-02T19:10:04.894+0000] {dagbag.py:538} INFO - Filling up the DagBag from /opt/airflow/dags/airflow_iris.py
[2025-10-02T19:10:05.060+0000] {logging_mixin.py:137} INFO - [2025-10-02T19:10:05.060+0000] {taskmixin.py:205} WARNING - Dependency <Task(PythonOperator): load_data>, preprocess_data already registered for DAG: iris_mlp_training
[2025-10-02T19:10:05.060+0000] {logging_mixin.py:137} INFO - [2025-10-02T19:10:05.060+0000] {taskmixin.py:205} WARNING - Dependency <Task(PythonOperator): preprocess_data>, load_data already registered for DAG: iris_mlp_training
[2025-10-02T19:10:05.060+0000] {logging_mixin.py:137} INFO - [2025-10-02T19:10:05.060+0000] {taskmixin.py:205} WARNING - Dependency <Task(PythonOperator): preprocess_data>, train_mlp already registered for DAG: iris_mlp_training
[2025-10-02T19:10:05.061+0000] {logging_mixin.py:137} INFO - [2025-10-02T19:10:05.061+0000] {taskmixin.py:205} WARNING - Dependency <Task(PythonOperator): train_mlp>, preprocess_data already registered for DAG: iris_mlp_training
[2025-10-02T19:10:05.061+0000] {logging_mixin.py:137} INFO - [2025-10-02T19:10:05.061+0000] {taskmixin.py:205} WARNING - Dependency <Task(PythonOperator): train_mlp>, evaluate_mlp already registered for DAG: iris_mlp_training
[2025-10-02T19:10:05.061+0000] {logging_mixin.py:137} INFO - [2025-10-02T19:10:05.061+0000] {taskmixin.py:205} WARNING - Dependency <Task(PythonOperator): evaluate_mlp>, train_mlp already registered for DAG: iris_mlp_training
[2025-10-02T19:10:05.063+0000] {processor.py:753} INFO - DAG(s) dict_keys(['iris_mlp_training']) retrieved from /opt/airflow/dags/airflow_iris.py
[2025-10-02T19:10:05.074+0000] {logging_mixin.py:137} INFO - [2025-10-02T19:10:05.074+0000] {dag.py:2690} INFO - Sync 1 DAGs
[2025-10-02T19:10:05.085+0000] {logging_mixin.py:137} INFO - [2025-10-02T19:10:05.085+0000] {dag.py:3441} INFO - Setting next_dagrun for iris_mlp_training to None, run_after=None
[2025-10-02T19:10:05.092+0000] {processor.py:175} INFO - Processing /opt/airflow/dags/airflow_iris.py took 0.202 seconds
