[2025-10-06T22:16:52.796+0000] {processor.py:153} INFO - Started process (PID=42) to work on /opt/airflow/dags/combined_dags.py
[2025-10-06T22:16:52.797+0000] {processor.py:743} INFO - Processing file /opt/airflow/dags/combined_dags.py for tasks to queue
[2025-10-06T22:16:52.797+0000] {logging_mixin.py:137} INFO - [2025-10-06T22:16:52.797+0000] {dagbag.py:538} INFO - Filling up the DagBag from /opt/airflow/dags/combined_dags.py
[2025-10-06T22:16:52.811+0000] {logging_mixin.py:137} INFO - [2025-10-06T22:16:52.810+0000] {dagbag.py:343} ERROR - Failed to import: /opt/airflow/dags/combined_dags.py
Traceback (most recent call last):
  File "/home/airflow/.local/lib/python3.7/site-packages/airflow/models/dagbag.py", line 339, in parse
    loader.exec_module(new_module)
  File "<frozen importlib._bootstrap_external>", line 728, in exec_module
  File "<frozen importlib._bootstrap>", line 219, in _call_with_frames_removed
  File "/opt/airflow/dags/combined_dags.py", line 2, in <module>
    from airflow import dag as lab1_dag
ImportError: cannot import name 'dag' from 'airflow' (/home/airflow/.local/lib/python3.7/site-packages/airflow/__init__.py)
[2025-10-06T22:16:52.812+0000] {processor.py:755} WARNING - No viable dags retrieved from /opt/airflow/dags/combined_dags.py
[2025-10-06T22:16:52.824+0000] {processor.py:175} INFO - Processing /opt/airflow/dags/combined_dags.py took 0.031 seconds
[2025-10-06T22:17:23.491+0000] {processor.py:153} INFO - Started process (PID=93) to work on /opt/airflow/dags/combined_dags.py
[2025-10-06T22:17:23.491+0000] {processor.py:743} INFO - Processing file /opt/airflow/dags/combined_dags.py for tasks to queue
[2025-10-06T22:17:23.492+0000] {logging_mixin.py:137} INFO - [2025-10-06T22:17:23.492+0000] {dagbag.py:538} INFO - Filling up the DagBag from /opt/airflow/dags/combined_dags.py
[2025-10-06T22:17:23.497+0000] {logging_mixin.py:137} INFO - [2025-10-06T22:17:23.496+0000] {dagbag.py:343} ERROR - Failed to import: /opt/airflow/dags/combined_dags.py
Traceback (most recent call last):
  File "/home/airflow/.local/lib/python3.7/site-packages/airflow/models/dagbag.py", line 339, in parse
    loader.exec_module(new_module)
  File "<frozen importlib._bootstrap_external>", line 728, in exec_module
  File "<frozen importlib._bootstrap>", line 219, in _call_with_frames_removed
  File "/opt/airflow/dags/combined_dags.py", line 2, in <module>
    from airflow import dag as lab1_dag
ImportError: cannot import name 'dag' from 'airflow' (/home/airflow/.local/lib/python3.7/site-packages/airflow/__init__.py)
[2025-10-06T22:17:23.498+0000] {processor.py:755} WARNING - No viable dags retrieved from /opt/airflow/dags/combined_dags.py
[2025-10-06T22:17:23.517+0000] {processor.py:175} INFO - Processing /opt/airflow/dags/combined_dags.py took 0.029 seconds
[2025-10-06T22:17:47.839+0000] {processor.py:153} INFO - Started process (PID=129) to work on /opt/airflow/dags/combined_dags.py
[2025-10-06T22:17:47.840+0000] {processor.py:743} INFO - Processing file /opt/airflow/dags/combined_dags.py for tasks to queue
[2025-10-06T22:17:47.841+0000] {logging_mixin.py:137} INFO - [2025-10-06T22:17:47.841+0000] {dagbag.py:538} INFO - Filling up the DagBag from /opt/airflow/dags/combined_dags.py
[2025-10-06T22:17:47.855+0000] {processor.py:753} INFO - DAG(s) dict_keys(['lab1_trigger']) retrieved from /opt/airflow/dags/combined_dags.py
[2025-10-06T22:17:47.951+0000] {logging_mixin.py:137} INFO - [2025-10-06T22:17:47.950+0000] {manager.py:504} INFO - Created Permission View: can delete on DAG:lab1_trigger
[2025-10-06T22:17:47.953+0000] {logging_mixin.py:137} INFO - [2025-10-06T22:17:47.953+0000] {manager.py:504} INFO - Created Permission View: can edit on DAG:lab1_trigger
[2025-10-06T22:17:47.955+0000] {logging_mixin.py:137} INFO - [2025-10-06T22:17:47.955+0000] {manager.py:504} INFO - Created Permission View: can read on DAG:lab1_trigger
[2025-10-06T22:17:47.955+0000] {logging_mixin.py:137} INFO - [2025-10-06T22:17:47.955+0000] {dag.py:2690} INFO - Sync 1 DAGs
[2025-10-06T22:17:47.960+0000] {logging_mixin.py:137} INFO - [2025-10-06T22:17:47.960+0000] {dag.py:2711} INFO - Creating ORM DAG for lab1_trigger
[2025-10-06T22:17:47.964+0000] {logging_mixin.py:137} INFO - [2025-10-06T22:17:47.964+0000] {dag.py:3441} INFO - Setting next_dagrun for lab1_trigger to None, run_after=None
[2025-10-06T22:17:47.970+0000] {processor.py:175} INFO - Processing /opt/airflow/dags/combined_dags.py took 0.134 seconds
[2025-10-06T22:18:18.287+0000] {processor.py:153} INFO - Started process (PID=181) to work on /opt/airflow/dags/combined_dags.py
[2025-10-06T22:18:18.288+0000] {processor.py:743} INFO - Processing file /opt/airflow/dags/combined_dags.py for tasks to queue
[2025-10-06T22:18:18.289+0000] {logging_mixin.py:137} INFO - [2025-10-06T22:18:18.289+0000] {dagbag.py:538} INFO - Filling up the DagBag from /opt/airflow/dags/combined_dags.py
[2025-10-06T22:18:18.304+0000] {processor.py:753} INFO - DAG(s) dict_keys(['lab1_trigger']) retrieved from /opt/airflow/dags/combined_dags.py
[2025-10-06T22:18:18.323+0000] {logging_mixin.py:137} INFO - [2025-10-06T22:18:18.322+0000] {dag.py:2690} INFO - Sync 1 DAGs
[2025-10-06T22:18:18.365+0000] {logging_mixin.py:137} INFO - [2025-10-06T22:18:18.365+0000] {dag.py:3441} INFO - Setting next_dagrun for lab1_trigger to None, run_after=None
[2025-10-06T22:18:18.376+0000] {processor.py:175} INFO - Processing /opt/airflow/dags/combined_dags.py took 0.092 seconds
[2025-10-06T22:18:34.804+0000] {processor.py:153} INFO - Started process (PID=201) to work on /opt/airflow/dags/combined_dags.py
[2025-10-06T22:18:34.805+0000] {processor.py:743} INFO - Processing file /opt/airflow/dags/combined_dags.py for tasks to queue
[2025-10-06T22:18:34.806+0000] {logging_mixin.py:137} INFO - [2025-10-06T22:18:34.806+0000] {dagbag.py:538} INFO - Filling up the DagBag from /opt/airflow/dags/combined_dags.py
[2025-10-06T22:18:34.820+0000] {processor.py:753} INFO - DAG(s) dict_keys(['Airflow_Lab1']) retrieved from /opt/airflow/dags/combined_dags.py
[2025-10-06T22:18:34.853+0000] {logging_mixin.py:137} INFO - [2025-10-06T22:18:34.853+0000] {dag.py:2690} INFO - Sync 1 DAGs
[2025-10-06T22:18:34.863+0000] {logging_mixin.py:137} INFO - [2025-10-06T22:18:34.863+0000] {dag.py:3441} INFO - Setting next_dagrun for Airflow_Lab1 to None, run_after=None
[2025-10-06T22:18:34.871+0000] {processor.py:175} INFO - Processing /opt/airflow/dags/combined_dags.py took 0.070 seconds
[2025-10-06T22:18:35.806+0000] {processor.py:153} INFO - Started process (PID=211) to work on /opt/airflow/dags/combined_dags.py
[2025-10-06T22:18:35.806+0000] {processor.py:743} INFO - Processing file /opt/airflow/dags/combined_dags.py for tasks to queue
[2025-10-06T22:18:35.807+0000] {logging_mixin.py:137} INFO - [2025-10-06T22:18:35.807+0000] {dagbag.py:538} INFO - Filling up the DagBag from /opt/airflow/dags/combined_dags.py
[2025-10-06T22:18:35.813+0000] {processor.py:753} INFO - DAG(s) dict_keys(['Airflow_Lab1']) retrieved from /opt/airflow/dags/combined_dags.py
[2025-10-06T22:18:35.819+0000] {logging_mixin.py:137} INFO - [2025-10-06T22:18:35.819+0000] {dag.py:2690} INFO - Sync 1 DAGs
[2025-10-06T22:18:35.830+0000] {logging_mixin.py:137} INFO - [2025-10-06T22:18:35.830+0000] {dag.py:3441} INFO - Setting next_dagrun for Airflow_Lab1 to None, run_after=None
[2025-10-06T22:18:35.837+0000] {processor.py:175} INFO - Processing /opt/airflow/dags/combined_dags.py took 0.033 seconds
[2025-10-06T22:18:38.838+0000] {processor.py:153} INFO - Started process (PID=219) to work on /opt/airflow/dags/combined_dags.py
[2025-10-06T22:18:38.839+0000] {processor.py:743} INFO - Processing file /opt/airflow/dags/combined_dags.py for tasks to queue
[2025-10-06T22:18:38.840+0000] {logging_mixin.py:137} INFO - [2025-10-06T22:18:38.840+0000] {dagbag.py:538} INFO - Filling up the DagBag from /opt/airflow/dags/combined_dags.py
[2025-10-06T22:18:38.855+0000] {processor.py:753} INFO - DAG(s) dict_keys(['Airflow_Lab1']) retrieved from /opt/airflow/dags/combined_dags.py
[2025-10-06T22:18:38.863+0000] {logging_mixin.py:137} INFO - [2025-10-06T22:18:38.863+0000] {dag.py:2690} INFO - Sync 1 DAGs
[2025-10-06T22:18:38.877+0000] {logging_mixin.py:137} INFO - [2025-10-06T22:18:38.876+0000] {dag.py:3441} INFO - Setting next_dagrun for Airflow_Lab1 to None, run_after=None
[2025-10-06T22:18:38.885+0000] {processor.py:175} INFO - Processing /opt/airflow/dags/combined_dags.py took 0.050 seconds
[2025-10-06T22:18:39.890+0000] {processor.py:153} INFO - Started process (PID=220) to work on /opt/airflow/dags/combined_dags.py
[2025-10-06T22:18:39.890+0000] {processor.py:743} INFO - Processing file /opt/airflow/dags/combined_dags.py for tasks to queue
[2025-10-06T22:18:39.891+0000] {logging_mixin.py:137} INFO - [2025-10-06T22:18:39.891+0000] {dagbag.py:538} INFO - Filling up the DagBag from /opt/airflow/dags/combined_dags.py
[2025-10-06T22:18:39.902+0000] {processor.py:753} INFO - DAG(s) dict_keys(['Airflow_Lab1']) retrieved from /opt/airflow/dags/combined_dags.py
[2025-10-06T22:18:39.911+0000] {logging_mixin.py:137} INFO - [2025-10-06T22:18:39.910+0000] {dag.py:2690} INFO - Sync 1 DAGs
[2025-10-06T22:18:39.924+0000] {logging_mixin.py:137} INFO - [2025-10-06T22:18:39.924+0000] {dag.py:3441} INFO - Setting next_dagrun for Airflow_Lab1 to None, run_after=None
[2025-10-06T22:18:39.932+0000] {processor.py:175} INFO - Processing /opt/airflow/dags/combined_dags.py took 0.045 seconds
[2025-10-06T22:18:40.920+0000] {processor.py:153} INFO - Started process (PID=221) to work on /opt/airflow/dags/combined_dags.py
[2025-10-06T22:18:40.921+0000] {processor.py:743} INFO - Processing file /opt/airflow/dags/combined_dags.py for tasks to queue
[2025-10-06T22:18:40.922+0000] {logging_mixin.py:137} INFO - [2025-10-06T22:18:40.922+0000] {dagbag.py:538} INFO - Filling up the DagBag from /opt/airflow/dags/combined_dags.py
[2025-10-06T22:18:40.938+0000] {processor.py:753} INFO - DAG(s) dict_keys(['Airflow_Lab1']) retrieved from /opt/airflow/dags/combined_dags.py
[2025-10-06T22:18:40.948+0000] {logging_mixin.py:137} INFO - [2025-10-06T22:18:40.947+0000] {dag.py:2690} INFO - Sync 1 DAGs
[2025-10-06T22:18:40.961+0000] {logging_mixin.py:137} INFO - [2025-10-06T22:18:40.961+0000] {dag.py:3441} INFO - Setting next_dagrun for Airflow_Lab1 to None, run_after=None
[2025-10-06T22:18:40.969+0000] {processor.py:175} INFO - Processing /opt/airflow/dags/combined_dags.py took 0.053 seconds
[2025-10-06T22:19:11.439+0000] {processor.py:153} INFO - Started process (PID=273) to work on /opt/airflow/dags/combined_dags.py
[2025-10-06T22:19:11.439+0000] {processor.py:743} INFO - Processing file /opt/airflow/dags/combined_dags.py for tasks to queue
[2025-10-06T22:19:11.440+0000] {logging_mixin.py:137} INFO - [2025-10-06T22:19:11.440+0000] {dagbag.py:538} INFO - Filling up the DagBag from /opt/airflow/dags/combined_dags.py
[2025-10-06T22:19:11.450+0000] {processor.py:753} INFO - DAG(s) dict_keys(['Airflow_Lab1']) retrieved from /opt/airflow/dags/combined_dags.py
[2025-10-06T22:19:11.458+0000] {logging_mixin.py:137} INFO - [2025-10-06T22:19:11.458+0000] {dag.py:2690} INFO - Sync 1 DAGs
[2025-10-06T22:19:11.471+0000] {logging_mixin.py:137} INFO - [2025-10-06T22:19:11.471+0000] {dag.py:3441} INFO - Setting next_dagrun for Airflow_Lab1 to None, run_after=None
[2025-10-06T22:19:11.478+0000] {processor.py:175} INFO - Processing /opt/airflow/dags/combined_dags.py took 0.042 seconds
[2025-10-06T22:19:41.537+0000] {processor.py:153} INFO - Started process (PID=315) to work on /opt/airflow/dags/combined_dags.py
[2025-10-06T22:19:41.538+0000] {processor.py:743} INFO - Processing file /opt/airflow/dags/combined_dags.py for tasks to queue
[2025-10-06T22:19:41.539+0000] {logging_mixin.py:137} INFO - [2025-10-06T22:19:41.538+0000] {dagbag.py:538} INFO - Filling up the DagBag from /opt/airflow/dags/combined_dags.py
[2025-10-06T22:19:41.550+0000] {processor.py:753} INFO - DAG(s) dict_keys(['Airflow_Lab1']) retrieved from /opt/airflow/dags/combined_dags.py
[2025-10-06T22:19:41.583+0000] {logging_mixin.py:137} INFO - [2025-10-06T22:19:41.583+0000] {dag.py:2690} INFO - Sync 1 DAGs
[2025-10-06T22:19:41.593+0000] {logging_mixin.py:137} INFO - [2025-10-06T22:19:41.593+0000] {dag.py:3441} INFO - Setting next_dagrun for Airflow_Lab1 to None, run_after=None
[2025-10-06T22:19:41.600+0000] {processor.py:175} INFO - Processing /opt/airflow/dags/combined_dags.py took 0.066 seconds
[2025-10-06T22:20:11.919+0000] {processor.py:153} INFO - Started process (PID=366) to work on /opt/airflow/dags/combined_dags.py
[2025-10-06T22:20:11.920+0000] {processor.py:743} INFO - Processing file /opt/airflow/dags/combined_dags.py for tasks to queue
[2025-10-06T22:20:11.921+0000] {logging_mixin.py:137} INFO - [2025-10-06T22:20:11.921+0000] {dagbag.py:538} INFO - Filling up the DagBag from /opt/airflow/dags/combined_dags.py
[2025-10-06T22:20:11.934+0000] {processor.py:753} INFO - DAG(s) dict_keys(['Airflow_Lab1']) retrieved from /opt/airflow/dags/combined_dags.py
[2025-10-06T22:20:11.950+0000] {logging_mixin.py:137} INFO - [2025-10-06T22:20:11.950+0000] {dag.py:2690} INFO - Sync 1 DAGs
[2025-10-06T22:20:11.962+0000] {logging_mixin.py:137} INFO - [2025-10-06T22:20:11.962+0000] {dag.py:3441} INFO - Setting next_dagrun for Airflow_Lab1 to None, run_after=None
[2025-10-06T22:20:11.970+0000] {processor.py:175} INFO - Processing /opt/airflow/dags/combined_dags.py took 0.054 seconds
[2025-10-06T22:20:42.195+0000] {processor.py:153} INFO - Started process (PID=418) to work on /opt/airflow/dags/combined_dags.py
[2025-10-06T22:20:42.196+0000] {processor.py:743} INFO - Processing file /opt/airflow/dags/combined_dags.py for tasks to queue
[2025-10-06T22:20:42.197+0000] {logging_mixin.py:137} INFO - [2025-10-06T22:20:42.196+0000] {dagbag.py:538} INFO - Filling up the DagBag from /opt/airflow/dags/combined_dags.py
[2025-10-06T22:20:42.208+0000] {processor.py:753} INFO - DAG(s) dict_keys(['Airflow_Lab1']) retrieved from /opt/airflow/dags/combined_dags.py
[2025-10-06T22:20:42.217+0000] {logging_mixin.py:137} INFO - [2025-10-06T22:20:42.217+0000] {dag.py:2690} INFO - Sync 1 DAGs
[2025-10-06T22:20:42.231+0000] {logging_mixin.py:137} INFO - [2025-10-06T22:20:42.231+0000] {dag.py:3441} INFO - Setting next_dagrun for Airflow_Lab1 to None, run_after=None
[2025-10-06T22:20:42.239+0000] {processor.py:175} INFO - Processing /opt/airflow/dags/combined_dags.py took 0.048 seconds
[2025-10-06T22:21:12.510+0000] {processor.py:153} INFO - Started process (PID=470) to work on /opt/airflow/dags/combined_dags.py
[2025-10-06T22:21:12.511+0000] {processor.py:743} INFO - Processing file /opt/airflow/dags/combined_dags.py for tasks to queue
[2025-10-06T22:21:12.512+0000] {logging_mixin.py:137} INFO - [2025-10-06T22:21:12.512+0000] {dagbag.py:538} INFO - Filling up the DagBag from /opt/airflow/dags/combined_dags.py
[2025-10-06T22:21:12.526+0000] {processor.py:753} INFO - DAG(s) dict_keys(['Airflow_Lab1']) retrieved from /opt/airflow/dags/combined_dags.py
[2025-10-06T22:21:12.565+0000] {logging_mixin.py:137} INFO - [2025-10-06T22:21:12.565+0000] {dag.py:2690} INFO - Sync 1 DAGs
[2025-10-06T22:21:12.575+0000] {logging_mixin.py:137} INFO - [2025-10-06T22:21:12.575+0000] {dag.py:3441} INFO - Setting next_dagrun for Airflow_Lab1 to None, run_after=None
[2025-10-06T22:21:12.582+0000] {processor.py:175} INFO - Processing /opt/airflow/dags/combined_dags.py took 0.077 seconds
[2025-10-06T22:21:42.792+0000] {processor.py:153} INFO - Started process (PID=506) to work on /opt/airflow/dags/combined_dags.py
[2025-10-06T22:21:42.793+0000] {processor.py:743} INFO - Processing file /opt/airflow/dags/combined_dags.py for tasks to queue
[2025-10-06T22:21:42.794+0000] {logging_mixin.py:137} INFO - [2025-10-06T22:21:42.794+0000] {dagbag.py:538} INFO - Filling up the DagBag from /opt/airflow/dags/combined_dags.py
[2025-10-06T22:21:42.806+0000] {processor.py:753} INFO - DAG(s) dict_keys(['Airflow_Lab1']) retrieved from /opt/airflow/dags/combined_dags.py
[2025-10-06T22:21:42.821+0000] {logging_mixin.py:137} INFO - [2025-10-06T22:21:42.821+0000] {dag.py:2690} INFO - Sync 1 DAGs
[2025-10-06T22:21:42.833+0000] {logging_mixin.py:137} INFO - [2025-10-06T22:21:42.833+0000] {dag.py:3441} INFO - Setting next_dagrun for Airflow_Lab1 to None, run_after=None
[2025-10-06T22:21:42.840+0000] {processor.py:175} INFO - Processing /opt/airflow/dags/combined_dags.py took 0.052 seconds
[2025-10-06T22:22:13.081+0000] {processor.py:153} INFO - Started process (PID=558) to work on /opt/airflow/dags/combined_dags.py
[2025-10-06T22:22:13.082+0000] {processor.py:743} INFO - Processing file /opt/airflow/dags/combined_dags.py for tasks to queue
[2025-10-06T22:22:13.083+0000] {logging_mixin.py:137} INFO - [2025-10-06T22:22:13.083+0000] {dagbag.py:538} INFO - Filling up the DagBag from /opt/airflow/dags/combined_dags.py
[2025-10-06T22:22:13.094+0000] {processor.py:753} INFO - DAG(s) dict_keys(['Airflow_Lab1']) retrieved from /opt/airflow/dags/combined_dags.py
[2025-10-06T22:22:13.104+0000] {logging_mixin.py:137} INFO - [2025-10-06T22:22:13.103+0000] {dag.py:2690} INFO - Sync 1 DAGs
[2025-10-06T22:22:13.117+0000] {logging_mixin.py:137} INFO - [2025-10-06T22:22:13.117+0000] {dag.py:3441} INFO - Setting next_dagrun for Airflow_Lab1 to None, run_after=None
[2025-10-06T22:22:13.124+0000] {processor.py:175} INFO - Processing /opt/airflow/dags/combined_dags.py took 0.047 seconds
[2025-10-06T22:23:00.153+0000] {processor.py:153} INFO - Started process (PID=61) to work on /opt/airflow/dags/combined_dags.py
[2025-10-06T22:23:00.155+0000] {processor.py:743} INFO - Processing file /opt/airflow/dags/combined_dags.py for tasks to queue
[2025-10-06T22:23:00.156+0000] {logging_mixin.py:137} INFO - [2025-10-06T22:23:00.156+0000] {dagbag.py:538} INFO - Filling up the DagBag from /opt/airflow/dags/combined_dags.py
[2025-10-06T22:23:00.185+0000] {processor.py:753} INFO - DAG(s) dict_keys(['Airflow_Lab1']) retrieved from /opt/airflow/dags/combined_dags.py
[2025-10-06T22:23:00.225+0000] {logging_mixin.py:137} INFO - [2025-10-06T22:23:00.225+0000] {dag.py:2690} INFO - Sync 1 DAGs
[2025-10-06T22:23:00.236+0000] {logging_mixin.py:137} INFO - [2025-10-06T22:23:00.236+0000] {dag.py:3441} INFO - Setting next_dagrun for Airflow_Lab1 to None, run_after=None
[2025-10-06T22:23:00.247+0000] {processor.py:175} INFO - Processing /opt/airflow/dags/combined_dags.py took 0.095 seconds
[2025-10-06T22:23:30.305+0000] {processor.py:153} INFO - Started process (PID=96) to work on /opt/airflow/dags/combined_dags.py
[2025-10-06T22:23:30.305+0000] {processor.py:743} INFO - Processing file /opt/airflow/dags/combined_dags.py for tasks to queue
[2025-10-06T22:23:30.306+0000] {logging_mixin.py:137} INFO - [2025-10-06T22:23:30.305+0000] {dagbag.py:538} INFO - Filling up the DagBag from /opt/airflow/dags/combined_dags.py
[2025-10-06T22:23:30.314+0000] {processor.py:753} INFO - DAG(s) dict_keys(['Airflow_Lab1']) retrieved from /opt/airflow/dags/combined_dags.py
[2025-10-06T22:23:30.326+0000] {logging_mixin.py:137} INFO - [2025-10-06T22:23:30.325+0000] {dag.py:2690} INFO - Sync 1 DAGs
[2025-10-06T22:23:30.337+0000] {logging_mixin.py:137} INFO - [2025-10-06T22:23:30.336+0000] {dag.py:3441} INFO - Setting next_dagrun for Airflow_Lab1 to None, run_after=None
[2025-10-06T22:23:30.344+0000] {processor.py:175} INFO - Processing /opt/airflow/dags/combined_dags.py took 0.041 seconds
[2025-10-06T22:24:00.833+0000] {processor.py:153} INFO - Started process (PID=147) to work on /opt/airflow/dags/combined_dags.py
[2025-10-06T22:24:00.834+0000] {processor.py:743} INFO - Processing file /opt/airflow/dags/combined_dags.py for tasks to queue
[2025-10-06T22:24:00.834+0000] {logging_mixin.py:137} INFO - [2025-10-06T22:24:00.834+0000] {dagbag.py:538} INFO - Filling up the DagBag from /opt/airflow/dags/combined_dags.py
[2025-10-06T22:24:00.845+0000] {processor.py:753} INFO - DAG(s) dict_keys(['Airflow_Lab1']) retrieved from /opt/airflow/dags/combined_dags.py
[2025-10-06T22:24:00.854+0000] {logging_mixin.py:137} INFO - [2025-10-06T22:24:00.854+0000] {dag.py:2690} INFO - Sync 1 DAGs
[2025-10-06T22:24:00.868+0000] {logging_mixin.py:137} INFO - [2025-10-06T22:24:00.868+0000] {dag.py:3441} INFO - Setting next_dagrun for Airflow_Lab1 to None, run_after=None
[2025-10-06T22:24:00.875+0000] {processor.py:175} INFO - Processing /opt/airflow/dags/combined_dags.py took 0.046 seconds
[2025-10-06T22:24:01.846+0000] {processor.py:153} INFO - Started process (PID=148) to work on /opt/airflow/dags/combined_dags.py
[2025-10-06T22:24:01.847+0000] {processor.py:743} INFO - Processing file /opt/airflow/dags/combined_dags.py for tasks to queue
[2025-10-06T22:24:01.848+0000] {logging_mixin.py:137} INFO - [2025-10-06T22:24:01.847+0000] {dagbag.py:538} INFO - Filling up the DagBag from /opt/airflow/dags/combined_dags.py
[2025-10-06T22:24:01.859+0000] {processor.py:753} INFO - DAG(s) dict_keys(['Airflow_Lab1']) retrieved from /opt/airflow/dags/combined_dags.py
[2025-10-06T22:24:01.892+0000] {logging_mixin.py:137} INFO - [2025-10-06T22:24:01.892+0000] {dag.py:2690} INFO - Sync 1 DAGs
[2025-10-06T22:24:01.904+0000] {logging_mixin.py:137} INFO - [2025-10-06T22:24:01.904+0000] {dag.py:3441} INFO - Setting next_dagrun for Airflow_Lab1 to None, run_after=None
[2025-10-06T22:24:01.913+0000] {processor.py:175} INFO - Processing /opt/airflow/dags/combined_dags.py took 0.070 seconds
[2025-10-06T22:24:32.410+0000] {processor.py:153} INFO - Started process (PID=199) to work on /opt/airflow/dags/combined_dags.py
[2025-10-06T22:24:32.411+0000] {processor.py:743} INFO - Processing file /opt/airflow/dags/combined_dags.py for tasks to queue
[2025-10-06T22:24:32.411+0000] {logging_mixin.py:137} INFO - [2025-10-06T22:24:32.411+0000] {dagbag.py:538} INFO - Filling up the DagBag from /opt/airflow/dags/combined_dags.py
[2025-10-06T22:24:32.419+0000] {processor.py:753} INFO - DAG(s) dict_keys(['Airflow_Lab1']) retrieved from /opt/airflow/dags/combined_dags.py
[2025-10-06T22:24:32.435+0000] {logging_mixin.py:137} INFO - [2025-10-06T22:24:32.435+0000] {dag.py:2690} INFO - Sync 1 DAGs
[2025-10-06T22:24:32.446+0000] {logging_mixin.py:137} INFO - [2025-10-06T22:24:32.446+0000] {dag.py:3441} INFO - Setting next_dagrun for Airflow_Lab1 to None, run_after=None
[2025-10-06T22:24:32.454+0000] {processor.py:175} INFO - Processing /opt/airflow/dags/combined_dags.py took 0.047 seconds
[2025-10-06T22:25:02.853+0000] {processor.py:153} INFO - Started process (PID=250) to work on /opt/airflow/dags/combined_dags.py
[2025-10-06T22:25:02.853+0000] {processor.py:743} INFO - Processing file /opt/airflow/dags/combined_dags.py for tasks to queue
[2025-10-06T22:25:02.854+0000] {logging_mixin.py:137} INFO - [2025-10-06T22:25:02.854+0000] {dagbag.py:538} INFO - Filling up the DagBag from /opt/airflow/dags/combined_dags.py
[2025-10-06T22:25:02.866+0000] {processor.py:753} INFO - DAG(s) dict_keys(['Airflow_Lab1']) retrieved from /opt/airflow/dags/combined_dags.py
[2025-10-06T22:25:02.903+0000] {logging_mixin.py:137} INFO - [2025-10-06T22:25:02.902+0000] {dag.py:2690} INFO - Sync 1 DAGs
[2025-10-06T22:25:02.913+0000] {logging_mixin.py:137} INFO - [2025-10-06T22:25:02.913+0000] {dag.py:3441} INFO - Setting next_dagrun for Airflow_Lab1 to None, run_after=None
[2025-10-06T22:25:02.921+0000] {processor.py:175} INFO - Processing /opt/airflow/dags/combined_dags.py took 0.072 seconds
[2025-10-06T22:25:33.283+0000] {processor.py:153} INFO - Started process (PID=286) to work on /opt/airflow/dags/combined_dags.py
[2025-10-06T22:25:33.284+0000] {processor.py:743} INFO - Processing file /opt/airflow/dags/combined_dags.py for tasks to queue
[2025-10-06T22:25:33.285+0000] {logging_mixin.py:137} INFO - [2025-10-06T22:25:33.284+0000] {dagbag.py:538} INFO - Filling up the DagBag from /opt/airflow/dags/combined_dags.py
[2025-10-06T22:25:33.299+0000] {processor.py:753} INFO - DAG(s) dict_keys(['Airflow_Lab1']) retrieved from /opt/airflow/dags/combined_dags.py
[2025-10-06T22:25:33.312+0000] {logging_mixin.py:137} INFO - [2025-10-06T22:25:33.312+0000] {dag.py:2690} INFO - Sync 1 DAGs
[2025-10-06T22:25:33.323+0000] {logging_mixin.py:137} INFO - [2025-10-06T22:25:33.322+0000] {dag.py:3441} INFO - Setting next_dagrun for Airflow_Lab1 to None, run_after=None
[2025-10-06T22:25:33.330+0000] {processor.py:175} INFO - Processing /opt/airflow/dags/combined_dags.py took 0.049 seconds
[2025-10-06T22:26:03.780+0000] {processor.py:153} INFO - Started process (PID=338) to work on /opt/airflow/dags/combined_dags.py
[2025-10-06T22:26:03.781+0000] {processor.py:743} INFO - Processing file /opt/airflow/dags/combined_dags.py for tasks to queue
[2025-10-06T22:26:03.782+0000] {logging_mixin.py:137} INFO - [2025-10-06T22:26:03.782+0000] {dagbag.py:538} INFO - Filling up the DagBag from /opt/airflow/dags/combined_dags.py
[2025-10-06T22:26:03.798+0000] {processor.py:753} INFO - DAG(s) dict_keys(['Airflow_Lab1']) retrieved from /opt/airflow/dags/combined_dags.py
[2025-10-06T22:26:03.839+0000] {logging_mixin.py:137} INFO - [2025-10-06T22:26:03.839+0000] {dag.py:2690} INFO - Sync 1 DAGs
[2025-10-06T22:26:03.850+0000] {logging_mixin.py:137} INFO - [2025-10-06T22:26:03.850+0000] {dag.py:3441} INFO - Setting next_dagrun for Airflow_Lab1 to None, run_after=None
[2025-10-06T22:26:03.859+0000] {processor.py:175} INFO - Processing /opt/airflow/dags/combined_dags.py took 0.084 seconds
[2025-10-06T22:26:31.273+0000] {processor.py:153} INFO - Started process (PID=390) to work on /opt/airflow/dags/combined_dags.py
[2025-10-06T22:26:31.274+0000] {processor.py:743} INFO - Processing file /opt/airflow/dags/combined_dags.py for tasks to queue
[2025-10-06T22:26:31.274+0000] {logging_mixin.py:137} INFO - [2025-10-06T22:26:31.274+0000] {dagbag.py:538} INFO - Filling up the DagBag from /opt/airflow/dags/combined_dags.py
[2025-10-06T22:26:31.288+0000] {processor.py:753} INFO - DAG(s) dict_keys(['Airflow_Lab1']) retrieved from /opt/airflow/dags/combined_dags.py
[2025-10-06T22:26:31.298+0000] {logging_mixin.py:137} INFO - [2025-10-06T22:26:31.298+0000] {dag.py:2690} INFO - Sync 1 DAGs
[2025-10-06T22:26:31.310+0000] {logging_mixin.py:137} INFO - [2025-10-06T22:26:31.310+0000] {dag.py:3441} INFO - Setting next_dagrun for Airflow_Lab1 to None, run_after=None
[2025-10-06T22:26:31.319+0000] {processor.py:175} INFO - Processing /opt/airflow/dags/combined_dags.py took 0.050 seconds
[2025-10-06T22:26:41.609+0000] {processor.py:153} INFO - Started process (PID=410) to work on /opt/airflow/dags/combined_dags.py
[2025-10-06T22:26:41.610+0000] {processor.py:743} INFO - Processing file /opt/airflow/dags/combined_dags.py for tasks to queue
[2025-10-06T22:26:41.611+0000] {logging_mixin.py:137} INFO - [2025-10-06T22:26:41.611+0000] {dagbag.py:538} INFO - Filling up the DagBag from /opt/airflow/dags/combined_dags.py
[2025-10-06T22:26:41.623+0000] {processor.py:753} INFO - DAG(s) dict_keys(['Airflow_Lab1']) retrieved from /opt/airflow/dags/combined_dags.py
[2025-10-06T22:26:41.631+0000] {logging_mixin.py:137} INFO - [2025-10-06T22:26:41.631+0000] {dag.py:2690} INFO - Sync 1 DAGs
[2025-10-06T22:26:41.644+0000] {logging_mixin.py:137} INFO - [2025-10-06T22:26:41.644+0000] {dag.py:3441} INFO - Setting next_dagrun for Airflow_Lab1 to None, run_after=None
[2025-10-06T22:26:41.652+0000] {processor.py:175} INFO - Processing /opt/airflow/dags/combined_dags.py took 0.046 seconds
[2025-10-06T22:26:44.635+0000] {processor.py:153} INFO - Started process (PID=411) to work on /opt/airflow/dags/combined_dags.py
[2025-10-06T22:26:44.636+0000] {processor.py:743} INFO - Processing file /opt/airflow/dags/combined_dags.py for tasks to queue
[2025-10-06T22:26:44.636+0000] {logging_mixin.py:137} INFO - [2025-10-06T22:26:44.636+0000] {dagbag.py:538} INFO - Filling up the DagBag from /opt/airflow/dags/combined_dags.py
[2025-10-06T22:26:44.647+0000] {processor.py:753} INFO - DAG(s) dict_keys(['Airflow_Lab1']) retrieved from /opt/airflow/dags/combined_dags.py
[2025-10-06T22:26:44.655+0000] {logging_mixin.py:137} INFO - [2025-10-06T22:26:44.655+0000] {dag.py:2690} INFO - Sync 1 DAGs
[2025-10-06T22:26:44.668+0000] {logging_mixin.py:137} INFO - [2025-10-06T22:26:44.668+0000] {dag.py:3441} INFO - Setting next_dagrun for Airflow_Lab1 to None, run_after=None
[2025-10-06T22:26:44.677+0000] {processor.py:175} INFO - Processing /opt/airflow/dags/combined_dags.py took 0.044 seconds
[2025-10-06T22:27:15.219+0000] {processor.py:153} INFO - Started process (PID=463) to work on /opt/airflow/dags/combined_dags.py
[2025-10-06T22:27:15.220+0000] {processor.py:743} INFO - Processing file /opt/airflow/dags/combined_dags.py for tasks to queue
[2025-10-06T22:27:15.220+0000] {logging_mixin.py:137} INFO - [2025-10-06T22:27:15.220+0000] {dagbag.py:538} INFO - Filling up the DagBag from /opt/airflow/dags/combined_dags.py
[2025-10-06T22:27:15.230+0000] {processor.py:753} INFO - DAG(s) dict_keys(['Airflow_Lab1']) retrieved from /opt/airflow/dags/combined_dags.py
[2025-10-06T22:27:15.264+0000] {logging_mixin.py:137} INFO - [2025-10-06T22:27:15.264+0000] {dag.py:2690} INFO - Sync 1 DAGs
[2025-10-06T22:27:15.276+0000] {logging_mixin.py:137} INFO - [2025-10-06T22:27:15.275+0000] {dag.py:3441} INFO - Setting next_dagrun for Airflow_Lab1 to None, run_after=None
[2025-10-06T22:27:15.284+0000] {processor.py:175} INFO - Processing /opt/airflow/dags/combined_dags.py took 0.069 seconds
[2025-10-06T22:27:45.760+0000] {processor.py:153} INFO - Started process (PID=499) to work on /opt/airflow/dags/combined_dags.py
[2025-10-06T22:27:45.761+0000] {processor.py:743} INFO - Processing file /opt/airflow/dags/combined_dags.py for tasks to queue
[2025-10-06T22:27:45.762+0000] {logging_mixin.py:137} INFO - [2025-10-06T22:27:45.762+0000] {dagbag.py:538} INFO - Filling up the DagBag from /opt/airflow/dags/combined_dags.py
[2025-10-06T22:27:45.774+0000] {processor.py:753} INFO - DAG(s) dict_keys(['Airflow_Lab1']) retrieved from /opt/airflow/dags/combined_dags.py
[2025-10-06T22:27:45.791+0000] {logging_mixin.py:137} INFO - [2025-10-06T22:27:45.791+0000] {dag.py:2690} INFO - Sync 1 DAGs
[2025-10-06T22:27:45.803+0000] {logging_mixin.py:137} INFO - [2025-10-06T22:27:45.803+0000] {dag.py:3441} INFO - Setting next_dagrun for Airflow_Lab1 to None, run_after=None
[2025-10-06T22:27:45.810+0000] {processor.py:175} INFO - Processing /opt/airflow/dags/combined_dags.py took 0.054 seconds
[2025-10-06T22:27:51.815+0000] {processor.py:153} INFO - Started process (PID=516) to work on /opt/airflow/dags/combined_dags.py
[2025-10-06T22:27:51.816+0000] {processor.py:743} INFO - Processing file /opt/airflow/dags/combined_dags.py for tasks to queue
[2025-10-06T22:27:51.817+0000] {logging_mixin.py:137} INFO - [2025-10-06T22:27:51.817+0000] {dagbag.py:538} INFO - Filling up the DagBag from /opt/airflow/dags/combined_dags.py
[2025-10-06T22:27:51.820+0000] {logging_mixin.py:137} INFO - [2025-10-06T22:27:51.819+0000] {dagbag.py:343} ERROR - Failed to import: /opt/airflow/dags/combined_dags.py
Traceback (most recent call last):
  File "/home/airflow/.local/lib/python3.7/site-packages/airflow/models/dagbag.py", line 339, in parse
    loader.exec_module(new_module)
  File "<frozen importlib._bootstrap_external>", line 724, in exec_module
  File "<frozen importlib._bootstrap_external>", line 860, in get_code
  File "<frozen importlib._bootstrap_external>", line 791, in source_to_code
  File "<frozen importlib._bootstrap>", line 219, in _call_with_frames_removed
  File "/opt/airflow/dags/combined_dags.py", line 13
    dag_id='Airflow_Lab",
                        ^
SyntaxError: EOL while scanning string literal
[2025-10-06T22:27:51.821+0000] {processor.py:755} WARNING - No viable dags retrieved from /opt/airflow/dags/combined_dags.py
[2025-10-06T22:27:51.838+0000] {processor.py:175} INFO - Processing /opt/airflow/dags/combined_dags.py took 0.026 seconds
[2025-10-06T22:28:04.938+0000] {processor.py:153} INFO - Started process (PID=533) to work on /opt/airflow/dags/combined_dags.py
[2025-10-06T22:28:04.938+0000] {processor.py:743} INFO - Processing file /opt/airflow/dags/combined_dags.py for tasks to queue
[2025-10-06T22:28:04.939+0000] {logging_mixin.py:137} INFO - [2025-10-06T22:28:04.939+0000] {dagbag.py:538} INFO - Filling up the DagBag from /opt/airflow/dags/combined_dags.py
[2025-10-06T22:28:04.945+0000] {processor.py:753} INFO - DAG(s) dict_keys(['combined_dag']) retrieved from /opt/airflow/dags/combined_dags.py
[2025-10-06T22:28:05.019+0000] {logging_mixin.py:137} INFO - [2025-10-06T22:28:05.019+0000] {manager.py:504} INFO - Created Permission View: can read on DAG:combined_dag
[2025-10-06T22:28:05.022+0000] {logging_mixin.py:137} INFO - [2025-10-06T22:28:05.022+0000] {manager.py:504} INFO - Created Permission View: can edit on DAG:combined_dag
[2025-10-06T22:28:05.024+0000] {logging_mixin.py:137} INFO - [2025-10-06T22:28:05.024+0000] {manager.py:504} INFO - Created Permission View: can delete on DAG:combined_dag
[2025-10-06T22:28:05.024+0000] {logging_mixin.py:137} INFO - [2025-10-06T22:28:05.024+0000] {dag.py:2690} INFO - Sync 1 DAGs
[2025-10-06T22:28:05.029+0000] {logging_mixin.py:137} INFO - [2025-10-06T22:28:05.029+0000] {dag.py:2711} INFO - Creating ORM DAG for combined_dag
[2025-10-06T22:28:05.033+0000] {logging_mixin.py:137} INFO - [2025-10-06T22:28:05.033+0000] {dag.py:3441} INFO - Setting next_dagrun for combined_dag to None, run_after=None
[2025-10-06T22:28:05.039+0000] {processor.py:175} INFO - Processing /opt/airflow/dags/combined_dags.py took 0.102 seconds
[2025-10-06T22:28:59.075+0000] {processor.py:153} INFO - Started process (PID=61) to work on /opt/airflow/dags/combined_dags.py
[2025-10-06T22:28:59.076+0000] {processor.py:743} INFO - Processing file /opt/airflow/dags/combined_dags.py for tasks to queue
[2025-10-06T22:28:59.076+0000] {logging_mixin.py:137} INFO - [2025-10-06T22:28:59.076+0000] {dagbag.py:538} INFO - Filling up the DagBag from /opt/airflow/dags/combined_dags.py
[2025-10-06T22:28:59.102+0000] {processor.py:753} INFO - DAG(s) dict_keys(['combined_dag']) retrieved from /opt/airflow/dags/combined_dags.py
[2025-10-06T22:28:59.145+0000] {logging_mixin.py:137} INFO - [2025-10-06T22:28:59.145+0000] {dag.py:2690} INFO - Sync 1 DAGs
[2025-10-06T22:28:59.157+0000] {logging_mixin.py:137} INFO - [2025-10-06T22:28:59.157+0000] {dag.py:3441} INFO - Setting next_dagrun for combined_dag to None, run_after=None
[2025-10-06T22:28:59.166+0000] {processor.py:175} INFO - Processing /opt/airflow/dags/combined_dags.py took 0.093 seconds
[2025-10-06T22:29:29.237+0000] {processor.py:153} INFO - Started process (PID=97) to work on /opt/airflow/dags/combined_dags.py
[2025-10-06T22:29:29.237+0000] {processor.py:743} INFO - Processing file /opt/airflow/dags/combined_dags.py for tasks to queue
[2025-10-06T22:29:29.238+0000] {logging_mixin.py:137} INFO - [2025-10-06T22:29:29.238+0000] {dagbag.py:538} INFO - Filling up the DagBag from /opt/airflow/dags/combined_dags.py
[2025-10-06T22:29:29.248+0000] {processor.py:753} INFO - DAG(s) dict_keys(['combined_dag']) retrieved from /opt/airflow/dags/combined_dags.py
[2025-10-06T22:29:29.264+0000] {logging_mixin.py:137} INFO - [2025-10-06T22:29:29.263+0000] {dag.py:2690} INFO - Sync 1 DAGs
[2025-10-06T22:29:29.276+0000] {logging_mixin.py:137} INFO - [2025-10-06T22:29:29.276+0000] {dag.py:3441} INFO - Setting next_dagrun for combined_dag to None, run_after=None
[2025-10-06T22:29:29.285+0000] {processor.py:175} INFO - Processing /opt/airflow/dags/combined_dags.py took 0.053 seconds
[2025-10-06T22:29:46.642+0000] {processor.py:153} INFO - Started process (PID=133) to work on /opt/airflow/dags/combined_dags.py
[2025-10-06T22:29:46.643+0000] {processor.py:743} INFO - Processing file /opt/airflow/dags/combined_dags.py for tasks to queue
[2025-10-06T22:29:46.643+0000] {logging_mixin.py:137} INFO - [2025-10-06T22:29:46.643+0000] {dagbag.py:538} INFO - Filling up the DagBag from /opt/airflow/dags/combined_dags.py
[2025-10-06T22:29:46.657+0000] {processor.py:753} INFO - DAG(s) dict_keys(['lab1_and_iris_sequential']) retrieved from /opt/airflow/dags/combined_dags.py
[2025-10-06T22:29:46.754+0000] {logging_mixin.py:137} INFO - [2025-10-06T22:29:46.754+0000] {manager.py:504} INFO - Created Permission View: can edit on DAG:lab1_and_iris_sequential
[2025-10-06T22:29:46.757+0000] {logging_mixin.py:137} INFO - [2025-10-06T22:29:46.757+0000] {manager.py:504} INFO - Created Permission View: can read on DAG:lab1_and_iris_sequential
[2025-10-06T22:29:46.759+0000] {logging_mixin.py:137} INFO - [2025-10-06T22:29:46.759+0000] {manager.py:504} INFO - Created Permission View: can delete on DAG:lab1_and_iris_sequential
[2025-10-06T22:29:46.759+0000] {logging_mixin.py:137} INFO - [2025-10-06T22:29:46.759+0000] {dag.py:2690} INFO - Sync 1 DAGs
[2025-10-06T22:29:46.764+0000] {logging_mixin.py:137} INFO - [2025-10-06T22:29:46.764+0000] {dag.py:2711} INFO - Creating ORM DAG for lab1_and_iris_sequential
[2025-10-06T22:29:46.768+0000] {logging_mixin.py:137} INFO - [2025-10-06T22:29:46.768+0000] {dag.py:3441} INFO - Setting next_dagrun for lab1_and_iris_sequential to None, run_after=None
[2025-10-06T22:29:46.774+0000] {processor.py:175} INFO - Processing /opt/airflow/dags/combined_dags.py took 0.135 seconds
[2025-10-06T22:29:54.822+0000] {processor.py:153} INFO - Started process (PID=150) to work on /opt/airflow/dags/combined_dags.py
[2025-10-06T22:29:54.823+0000] {processor.py:743} INFO - Processing file /opt/airflow/dags/combined_dags.py for tasks to queue
[2025-10-06T22:29:54.825+0000] {logging_mixin.py:137} INFO - [2025-10-06T22:29:54.825+0000] {dagbag.py:538} INFO - Filling up the DagBag from /opt/airflow/dags/combined_dags.py
[2025-10-06T22:29:54.839+0000] {processor.py:753} INFO - DAG(s) dict_keys(['lab1_and_iris_sequential']) retrieved from /opt/airflow/dags/combined_dags.py
[2025-10-06T22:29:54.848+0000] {logging_mixin.py:137} INFO - [2025-10-06T22:29:54.848+0000] {dag.py:2690} INFO - Sync 1 DAGs
[2025-10-06T22:29:54.862+0000] {logging_mixin.py:137} INFO - [2025-10-06T22:29:54.861+0000] {dag.py:3441} INFO - Setting next_dagrun for lab1_and_iris_sequential to None, run_after=None
[2025-10-06T22:29:54.870+0000] {processor.py:175} INFO - Processing /opt/airflow/dags/combined_dags.py took 0.052 seconds
[2025-10-06T22:29:55.853+0000] {processor.py:153} INFO - Started process (PID=151) to work on /opt/airflow/dags/combined_dags.py
[2025-10-06T22:29:55.854+0000] {processor.py:743} INFO - Processing file /opt/airflow/dags/combined_dags.py for tasks to queue
[2025-10-06T22:29:55.855+0000] {logging_mixin.py:137} INFO - [2025-10-06T22:29:55.855+0000] {dagbag.py:538} INFO - Filling up the DagBag from /opt/airflow/dags/combined_dags.py
[2025-10-06T22:29:55.868+0000] {processor.py:753} INFO - DAG(s) dict_keys(['lab1_and_iris_sequential']) retrieved from /opt/airflow/dags/combined_dags.py
[2025-10-06T22:29:55.880+0000] {logging_mixin.py:137} INFO - [2025-10-06T22:29:55.879+0000] {dag.py:2690} INFO - Sync 1 DAGs
[2025-10-06T22:29:55.893+0000] {logging_mixin.py:137} INFO - [2025-10-06T22:29:55.893+0000] {dag.py:3441} INFO - Setting next_dagrun for lab1_and_iris_sequential to None, run_after=None
[2025-10-06T22:29:55.901+0000] {processor.py:175} INFO - Processing /opt/airflow/dags/combined_dags.py took 0.051 seconds
[2025-10-06T22:30:14.434+0000] {processor.py:153} INFO - Started process (PID=171) to work on /opt/airflow/dags/combined_dags.py
[2025-10-06T22:30:14.435+0000] {processor.py:743} INFO - Processing file /opt/airflow/dags/combined_dags.py for tasks to queue
[2025-10-06T22:30:14.436+0000] {logging_mixin.py:137} INFO - [2025-10-06T22:30:14.436+0000] {dagbag.py:538} INFO - Filling up the DagBag from /opt/airflow/dags/combined_dags.py
[2025-10-06T22:30:14.454+0000] {processor.py:753} INFO - DAG(s) dict_keys(['lab1_and_iris_sequential']) retrieved from /opt/airflow/dags/combined_dags.py
[2025-10-06T22:30:14.462+0000] {logging_mixin.py:137} INFO - [2025-10-06T22:30:14.462+0000] {dag.py:2690} INFO - Sync 1 DAGs
[2025-10-06T22:30:14.476+0000] {logging_mixin.py:137} INFO - [2025-10-06T22:30:14.476+0000] {dag.py:3441} INFO - Setting next_dagrun for lab1_and_iris_sequential to None, run_after=None
[2025-10-06T22:30:14.484+0000] {processor.py:175} INFO - Processing /opt/airflow/dags/combined_dags.py took 0.054 seconds
[2025-10-06T22:30:44.866+0000] {processor.py:153} INFO - Started process (PID=227) to work on /opt/airflow/dags/combined_dags.py
[2025-10-06T22:30:44.866+0000] {processor.py:743} INFO - Processing file /opt/airflow/dags/combined_dags.py for tasks to queue
[2025-10-06T22:30:44.866+0000] {logging_mixin.py:137} INFO - [2025-10-06T22:30:44.866+0000] {dagbag.py:538} INFO - Filling up the DagBag from /opt/airflow/dags/combined_dags.py
[2025-10-06T22:30:44.873+0000] {processor.py:753} INFO - DAG(s) dict_keys(['lab1_and_iris_sequential']) retrieved from /opt/airflow/dags/combined_dags.py
[2025-10-06T22:30:44.902+0000] {logging_mixin.py:137} INFO - [2025-10-06T22:30:44.902+0000] {dag.py:2690} INFO - Sync 1 DAGs
[2025-10-06T22:30:44.913+0000] {logging_mixin.py:137} INFO - [2025-10-06T22:30:44.913+0000] {dag.py:3441} INFO - Setting next_dagrun for lab1_and_iris_sequential to None, run_after=None
[2025-10-06T22:30:44.923+0000] {processor.py:175} INFO - Processing /opt/airflow/dags/combined_dags.py took 0.059 seconds
[2025-10-06T22:31:15.331+0000] {processor.py:153} INFO - Started process (PID=279) to work on /opt/airflow/dags/combined_dags.py
[2025-10-06T22:31:15.331+0000] {processor.py:743} INFO - Processing file /opt/airflow/dags/combined_dags.py for tasks to queue
[2025-10-06T22:31:15.332+0000] {logging_mixin.py:137} INFO - [2025-10-06T22:31:15.331+0000] {dagbag.py:538} INFO - Filling up the DagBag from /opt/airflow/dags/combined_dags.py
[2025-10-06T22:31:15.339+0000] {processor.py:753} INFO - DAG(s) dict_keys(['lab1_and_iris_sequential']) retrieved from /opt/airflow/dags/combined_dags.py
[2025-10-06T22:31:15.351+0000] {logging_mixin.py:137} INFO - [2025-10-06T22:31:15.351+0000] {dag.py:2690} INFO - Sync 1 DAGs
[2025-10-06T22:31:15.368+0000] {logging_mixin.py:137} INFO - [2025-10-06T22:31:15.368+0000] {dag.py:3441} INFO - Setting next_dagrun for lab1_and_iris_sequential to None, run_after=None
[2025-10-06T22:31:15.376+0000] {processor.py:175} INFO - Processing /opt/airflow/dags/combined_dags.py took 0.048 seconds
[2025-10-06T22:31:32.870+0000] {processor.py:153} INFO - Started process (PID=299) to work on /opt/airflow/dags/combined_dags.py
[2025-10-06T22:31:32.871+0000] {processor.py:743} INFO - Processing file /opt/airflow/dags/combined_dags.py for tasks to queue
[2025-10-06T22:31:32.871+0000] {logging_mixin.py:137} INFO - [2025-10-06T22:31:32.871+0000] {dagbag.py:538} INFO - Filling up the DagBag from /opt/airflow/dags/combined_dags.py
[2025-10-06T22:31:32.879+0000] {processor.py:753} INFO - DAG(s) dict_keys(['lab1_and_iris_sequential']) retrieved from /opt/airflow/dags/combined_dags.py
[2025-10-06T22:31:32.891+0000] {logging_mixin.py:137} INFO - [2025-10-06T22:31:32.891+0000] {dag.py:2690} INFO - Sync 1 DAGs
[2025-10-06T22:31:32.906+0000] {logging_mixin.py:137} INFO - [2025-10-06T22:31:32.906+0000] {dag.py:3441} INFO - Setting next_dagrun for lab1_and_iris_sequential to None, run_after=None
[2025-10-06T22:31:32.917+0000] {processor.py:175} INFO - Processing /opt/airflow/dags/combined_dags.py took 0.049 seconds
[2025-10-06T22:31:45.987+0000] {processor.py:153} INFO - Started process (PID=332) to work on /opt/airflow/dags/combined_dags.py
[2025-10-06T22:31:45.988+0000] {processor.py:743} INFO - Processing file /opt/airflow/dags/combined_dags.py for tasks to queue
[2025-10-06T22:31:45.989+0000] {logging_mixin.py:137} INFO - [2025-10-06T22:31:45.989+0000] {dagbag.py:538} INFO - Filling up the DagBag from /opt/airflow/dags/combined_dags.py
[2025-10-06T22:31:46.006+0000] {processor.py:753} INFO - DAG(s) dict_keys(['lab1_and_iris_sequential']) retrieved from /opt/airflow/dags/combined_dags.py
[2025-10-06T22:31:46.022+0000] {logging_mixin.py:137} INFO - [2025-10-06T22:31:46.022+0000] {dag.py:2690} INFO - Sync 1 DAGs
[2025-10-06T22:31:46.035+0000] {logging_mixin.py:137} INFO - [2025-10-06T22:31:46.035+0000] {dag.py:3441} INFO - Setting next_dagrun for lab1_and_iris_sequential to None, run_after=None
[2025-10-06T22:31:46.043+0000] {processor.py:175} INFO - Processing /opt/airflow/dags/combined_dags.py took 0.061 seconds
[2025-10-06T22:31:55.048+0000] {processor.py:153} INFO - Started process (PID=342) to work on /opt/airflow/dags/combined_dags.py
[2025-10-06T22:31:55.049+0000] {processor.py:743} INFO - Processing file /opt/airflow/dags/combined_dags.py for tasks to queue
[2025-10-06T22:31:55.049+0000] {logging_mixin.py:137} INFO - [2025-10-06T22:31:55.049+0000] {dagbag.py:538} INFO - Filling up the DagBag from /opt/airflow/dags/combined_dags.py
[2025-10-06T22:31:55.056+0000] {processor.py:753} INFO - DAG(s) dict_keys(['lab1_and_iris_sequential']) retrieved from /opt/airflow/dags/combined_dags.py
[2025-10-06T22:31:55.068+0000] {logging_mixin.py:137} INFO - [2025-10-06T22:31:55.067+0000] {dag.py:2690} INFO - Sync 1 DAGs
[2025-10-06T22:31:55.079+0000] {logging_mixin.py:137} INFO - [2025-10-06T22:31:55.079+0000] {dag.py:3441} INFO - Setting next_dagrun for lab1_and_iris_sequential to None, run_after=None
[2025-10-06T22:31:55.086+0000] {processor.py:175} INFO - Processing /opt/airflow/dags/combined_dags.py took 0.039 seconds
[2025-10-06T22:32:25.592+0000] {processor.py:153} INFO - Started process (PID=385) to work on /opt/airflow/dags/combined_dags.py
[2025-10-06T22:32:25.593+0000] {processor.py:743} INFO - Processing file /opt/airflow/dags/combined_dags.py for tasks to queue
[2025-10-06T22:32:25.594+0000] {logging_mixin.py:137} INFO - [2025-10-06T22:32:25.594+0000] {dagbag.py:538} INFO - Filling up the DagBag from /opt/airflow/dags/combined_dags.py
[2025-10-06T22:32:25.607+0000] {processor.py:753} INFO - DAG(s) dict_keys(['lab1_and_iris_sequential']) retrieved from /opt/airflow/dags/combined_dags.py
[2025-10-06T22:32:25.624+0000] {logging_mixin.py:137} INFO - [2025-10-06T22:32:25.624+0000] {dag.py:2690} INFO - Sync 1 DAGs
[2025-10-06T22:32:25.636+0000] {logging_mixin.py:137} INFO - [2025-10-06T22:32:25.636+0000] {dag.py:3441} INFO - Setting next_dagrun for lab1_and_iris_sequential to None, run_after=None
[2025-10-06T22:32:25.644+0000] {processor.py:175} INFO - Processing /opt/airflow/dags/combined_dags.py took 0.057 seconds
[2025-10-06T22:32:56.099+0000] {processor.py:153} INFO - Started process (PID=436) to work on /opt/airflow/dags/combined_dags.py
[2025-10-06T22:32:56.100+0000] {processor.py:743} INFO - Processing file /opt/airflow/dags/combined_dags.py for tasks to queue
[2025-10-06T22:32:56.100+0000] {logging_mixin.py:137} INFO - [2025-10-06T22:32:56.100+0000] {dagbag.py:538} INFO - Filling up the DagBag from /opt/airflow/dags/combined_dags.py
[2025-10-06T22:32:56.107+0000] {processor.py:753} INFO - DAG(s) dict_keys(['lab1_and_iris_sequential']) retrieved from /opt/airflow/dags/combined_dags.py
[2025-10-06T22:32:56.118+0000] {logging_mixin.py:137} INFO - [2025-10-06T22:32:56.118+0000] {dag.py:2690} INFO - Sync 1 DAGs
[2025-10-06T22:32:56.129+0000] {logging_mixin.py:137} INFO - [2025-10-06T22:32:56.129+0000] {dag.py:3441} INFO - Setting next_dagrun for lab1_and_iris_sequential to None, run_after=None
[2025-10-06T22:32:56.138+0000] {processor.py:175} INFO - Processing /opt/airflow/dags/combined_dags.py took 0.040 seconds
[2025-10-06T22:33:26.494+0000] {processor.py:153} INFO - Started process (PID=488) to work on /opt/airflow/dags/combined_dags.py
[2025-10-06T22:33:26.495+0000] {processor.py:743} INFO - Processing file /opt/airflow/dags/combined_dags.py for tasks to queue
[2025-10-06T22:33:26.495+0000] {logging_mixin.py:137} INFO - [2025-10-06T22:33:26.495+0000] {dagbag.py:538} INFO - Filling up the DagBag from /opt/airflow/dags/combined_dags.py
[2025-10-06T22:33:26.507+0000] {processor.py:753} INFO - DAG(s) dict_keys(['lab1_and_iris_sequential']) retrieved from /opt/airflow/dags/combined_dags.py
[2025-10-06T22:33:26.522+0000] {logging_mixin.py:137} INFO - [2025-10-06T22:33:26.522+0000] {dag.py:2690} INFO - Sync 1 DAGs
[2025-10-06T22:33:26.535+0000] {logging_mixin.py:137} INFO - [2025-10-06T22:33:26.535+0000] {dag.py:3441} INFO - Setting next_dagrun for lab1_and_iris_sequential to None, run_after=None
[2025-10-06T22:33:26.542+0000] {processor.py:175} INFO - Processing /opt/airflow/dags/combined_dags.py took 0.053 seconds
[2025-10-06T22:33:56.979+0000] {processor.py:153} INFO - Started process (PID=540) to work on /opt/airflow/dags/combined_dags.py
[2025-10-06T22:33:56.982+0000] {processor.py:743} INFO - Processing file /opt/airflow/dags/combined_dags.py for tasks to queue
[2025-10-06T22:33:56.983+0000] {logging_mixin.py:137} INFO - [2025-10-06T22:33:56.983+0000] {dagbag.py:538} INFO - Filling up the DagBag from /opt/airflow/dags/combined_dags.py
[2025-10-06T22:33:56.999+0000] {processor.py:753} INFO - DAG(s) dict_keys(['lab1_and_iris_sequential']) retrieved from /opt/airflow/dags/combined_dags.py
[2025-10-06T22:33:57.024+0000] {logging_mixin.py:137} INFO - [2025-10-06T22:33:57.024+0000] {dag.py:2690} INFO - Sync 1 DAGs
[2025-10-06T22:33:57.040+0000] {logging_mixin.py:137} INFO - [2025-10-06T22:33:57.040+0000] {dag.py:3441} INFO - Setting next_dagrun for lab1_and_iris_sequential to None, run_after=None
[2025-10-06T22:33:57.047+0000] {processor.py:175} INFO - Processing /opt/airflow/dags/combined_dags.py took 0.070 seconds
[2025-10-06T22:34:27.510+0000] {processor.py:153} INFO - Started process (PID=576) to work on /opt/airflow/dags/combined_dags.py
[2025-10-06T22:34:27.511+0000] {processor.py:743} INFO - Processing file /opt/airflow/dags/combined_dags.py for tasks to queue
[2025-10-06T22:34:27.511+0000] {logging_mixin.py:137} INFO - [2025-10-06T22:34:27.511+0000] {dagbag.py:538} INFO - Filling up the DagBag from /opt/airflow/dags/combined_dags.py
[2025-10-06T22:34:27.523+0000] {processor.py:753} INFO - DAG(s) dict_keys(['lab1_and_iris_sequential']) retrieved from /opt/airflow/dags/combined_dags.py
[2025-10-06T22:34:27.539+0000] {logging_mixin.py:137} INFO - [2025-10-06T22:34:27.539+0000] {dag.py:2690} INFO - Sync 1 DAGs
[2025-10-06T22:34:27.551+0000] {logging_mixin.py:137} INFO - [2025-10-06T22:34:27.551+0000] {dag.py:3441} INFO - Setting next_dagrun for lab1_and_iris_sequential to None, run_after=None
[2025-10-06T22:34:27.560+0000] {processor.py:175} INFO - Processing /opt/airflow/dags/combined_dags.py took 0.054 seconds
[2025-10-06T22:34:58.091+0000] {processor.py:153} INFO - Started process (PID=628) to work on /opt/airflow/dags/combined_dags.py
[2025-10-06T22:34:58.093+0000] {processor.py:743} INFO - Processing file /opt/airflow/dags/combined_dags.py for tasks to queue
[2025-10-06T22:34:58.094+0000] {logging_mixin.py:137} INFO - [2025-10-06T22:34:58.093+0000] {dagbag.py:538} INFO - Filling up the DagBag from /opt/airflow/dags/combined_dags.py
[2025-10-06T22:34:58.105+0000] {processor.py:753} INFO - DAG(s) dict_keys(['lab1_and_iris_sequential']) retrieved from /opt/airflow/dags/combined_dags.py
[2025-10-06T22:34:58.117+0000] {logging_mixin.py:137} INFO - [2025-10-06T22:34:58.117+0000] {dag.py:2690} INFO - Sync 1 DAGs
[2025-10-06T22:34:58.131+0000] {logging_mixin.py:137} INFO - [2025-10-06T22:34:58.131+0000] {dag.py:3441} INFO - Setting next_dagrun for lab1_and_iris_sequential to None, run_after=None
[2025-10-06T22:34:58.138+0000] {processor.py:175} INFO - Processing /opt/airflow/dags/combined_dags.py took 0.052 seconds
[2025-10-06T22:35:28.636+0000] {processor.py:153} INFO - Started process (PID=680) to work on /opt/airflow/dags/combined_dags.py
[2025-10-06T22:35:28.637+0000] {processor.py:743} INFO - Processing file /opt/airflow/dags/combined_dags.py for tasks to queue
[2025-10-06T22:35:28.638+0000] {logging_mixin.py:137} INFO - [2025-10-06T22:35:28.638+0000] {dagbag.py:538} INFO - Filling up the DagBag from /opt/airflow/dags/combined_dags.py
[2025-10-06T22:35:28.652+0000] {processor.py:753} INFO - DAG(s) dict_keys(['lab1_and_iris_sequential']) retrieved from /opt/airflow/dags/combined_dags.py
[2025-10-06T22:35:28.669+0000] {logging_mixin.py:137} INFO - [2025-10-06T22:35:28.669+0000] {dag.py:2690} INFO - Sync 1 DAGs
[2025-10-06T22:35:28.682+0000] {logging_mixin.py:137} INFO - [2025-10-06T22:35:28.682+0000] {dag.py:3441} INFO - Setting next_dagrun for lab1_and_iris_sequential to None, run_after=None
[2025-10-06T22:35:28.690+0000] {processor.py:175} INFO - Processing /opt/airflow/dags/combined_dags.py took 0.058 seconds
[2025-10-06T22:35:59.120+0000] {processor.py:153} INFO - Started process (PID=732) to work on /opt/airflow/dags/combined_dags.py
[2025-10-06T22:35:59.121+0000] {processor.py:743} INFO - Processing file /opt/airflow/dags/combined_dags.py for tasks to queue
[2025-10-06T22:35:59.122+0000] {logging_mixin.py:137} INFO - [2025-10-06T22:35:59.122+0000] {dagbag.py:538} INFO - Filling up the DagBag from /opt/airflow/dags/combined_dags.py
[2025-10-06T22:35:59.135+0000] {processor.py:753} INFO - DAG(s) dict_keys(['lab1_and_iris_sequential']) retrieved from /opt/airflow/dags/combined_dags.py
[2025-10-06T22:35:59.153+0000] {logging_mixin.py:137} INFO - [2025-10-06T22:35:59.153+0000] {dag.py:2690} INFO - Sync 1 DAGs
[2025-10-06T22:35:59.165+0000] {logging_mixin.py:137} INFO - [2025-10-06T22:35:59.165+0000] {dag.py:3441} INFO - Setting next_dagrun for lab1_and_iris_sequential to None, run_after=None
[2025-10-06T22:35:59.172+0000] {processor.py:175} INFO - Processing /opt/airflow/dags/combined_dags.py took 0.056 seconds
