[2025-10-02T18:16:36.352+0000] {taskinstance.py:1083} INFO - Dependencies all met for <TaskInstance: Airflow_Lab1.build_save_model_task manual__2025-10-02T18:16:33.297851+00:00 [queued]>
[2025-10-02T18:16:36.355+0000] {taskinstance.py:1083} INFO - Dependencies all met for <TaskInstance: Airflow_Lab1.build_save_model_task manual__2025-10-02T18:16:33.297851+00:00 [queued]>
[2025-10-02T18:16:36.355+0000] {taskinstance.py:1279} INFO - 
--------------------------------------------------------------------------------
[2025-10-02T18:16:36.355+0000] {taskinstance.py:1280} INFO - Starting attempt 1 of 1
[2025-10-02T18:16:36.356+0000] {taskinstance.py:1281} INFO - 
--------------------------------------------------------------------------------
[2025-10-02T18:16:36.360+0000] {taskinstance.py:1300} INFO - Executing <Task(PythonOperator): build_save_model_task> on 2025-10-02 18:16:33.297851+00:00
[2025-10-02T18:16:36.363+0000] {standard_task_runner.py:55} INFO - Started process 149 to run task
[2025-10-02T18:16:36.364+0000] {standard_task_runner.py:82} INFO - Running: ['***', 'tasks', 'run', 'Airflow_Lab1', 'build_save_model_task', 'manual__2025-10-02T18:16:33.297851+00:00', '--job-id', '11', '--raw', '--subdir', 'DAGS_FOLDER/***.py', '--cfg-path', '/tmp/tmp_i4cakdi']
[2025-10-02T18:16:36.365+0000] {standard_task_runner.py:83} INFO - Job 11: Subtask build_save_model_task
[2025-10-02T18:16:36.386+0000] {task_command.py:388} INFO - Running <TaskInstance: Airflow_Lab1.build_save_model_task manual__2025-10-02T18:16:33.297851+00:00 [running]> on host 4a8ee9273a2d
[2025-10-02T18:16:36.431+0000] {taskinstance.py:1509} INFO - Exporting the following env vars:
AIRFLOW_CTX_DAG_OWNER=your_name
AIRFLOW_CTX_DAG_ID=Airflow_Lab1
AIRFLOW_CTX_TASK_ID=build_save_model_task
AIRFLOW_CTX_EXECUTION_DATE=2025-10-02T18:16:33.297851+00:00
AIRFLOW_CTX_TRY_NUMBER=1
AIRFLOW_CTX_DAG_RUN_ID=manual__2025-10-02T18:16:33.297851+00:00
[2025-10-02T18:17:09.236+0000] {python.py:177} INFO - Done. Returned value was: [250.32804209291425, 128.89457877623192, 91.6483397573814, 72.46921532440922, 59.86140695977857, 52.06204237509109, 46.711186548043045, 41.50326475167141, 36.92823709391969, 33.98607596871966, 31.158171667913752, 28.845480032058713, 26.874432296111305, 25.99951236994564, 24.18507807239375, 22.713950061729726, 21.640087323981117, 20.780304808225495, 19.976783465801397, 19.438669340270895, 19.06639931435457, 18.446853884604575, 17.94721116198599, 16.898807424877273, 16.963181977976234, 16.582840757316493, 15.835651544091533, 15.775551490571997, 15.3855073175332, 15.020243180409235, 14.882873240965237, 14.607686984302397, 14.306186090616873, 13.891614733454846, 13.805485778871226, 13.361866184299295, 13.367890857521074, 13.073601934790837, 12.981196891357618, 13.028578398100308, 12.867008418863994, 12.61729794404632, 12.382973425034507, 12.11263467122803, 11.836539142218331, 11.577385920665519, 11.128836068114497, 11.0628045451492, 11.158174940252094]
[2025-10-02T18:17:09.247+0000] {taskinstance.py:1323} INFO - Marking task as SUCCESS. dag_id=Airflow_Lab1, task_id=build_save_model_task, execution_date=20251002T181633, start_date=20251002T181636, end_date=20251002T181709
[2025-10-02T18:17:09.296+0000] {local_task_job.py:208} INFO - Task exited with return code 0
[2025-10-02T18:17:09.305+0000] {taskinstance.py:2578} INFO - 1 downstream tasks scheduled from follow-on schedule check
