[2025-10-06T22:33:51.794+0000] {taskinstance.py:1083} INFO - Dependencies all met for <TaskInstance: iris_mlp_training.evaluate_mlp manual__2025-10-06T22:33:47.025265+00:00 [queued]>
[2025-10-06T22:33:51.797+0000] {taskinstance.py:1083} INFO - Dependencies all met for <TaskInstance: iris_mlp_training.evaluate_mlp manual__2025-10-06T22:33:47.025265+00:00 [queued]>
[2025-10-06T22:33:51.797+0000] {taskinstance.py:1279} INFO - 
--------------------------------------------------------------------------------
[2025-10-06T22:33:51.797+0000] {taskinstance.py:1280} INFO - Starting attempt 1 of 1
[2025-10-06T22:33:51.797+0000] {taskinstance.py:1281} INFO - 
--------------------------------------------------------------------------------
[2025-10-06T22:33:51.802+0000] {taskinstance.py:1300} INFO - Executing <Task(PythonOperator): evaluate_mlp> on 2025-10-06 22:33:47.025265+00:00
[2025-10-06T22:33:51.805+0000] {standard_task_runner.py:55} INFO - Started process 602 to run task
[2025-10-06T22:33:51.806+0000] {standard_task_runner.py:82} INFO - Running: ['***', 'tasks', 'run', 'iris_mlp_training', 'evaluate_mlp', 'manual__2025-10-06T22:33:47.025265+00:00', '--job-id', '85', '--raw', '--subdir', 'DAGS_FOLDER/***_iris.py', '--cfg-path', '/tmp/tmp0jl_3bw2']
[2025-10-06T22:33:51.806+0000] {standard_task_runner.py:83} INFO - Job 85: Subtask evaluate_mlp
[2025-10-06T22:33:51.828+0000] {task_command.py:388} INFO - Running <TaskInstance: iris_mlp_training.evaluate_mlp manual__2025-10-06T22:33:47.025265+00:00 [running]> on host b46c79d818e5
[2025-10-06T22:33:51.859+0000] {taskinstance.py:1509} INFO - Exporting the following env vars:
AIRFLOW_CTX_DAG_OWNER=your_name
AIRFLOW_CTX_DAG_ID=iris_mlp_training
AIRFLOW_CTX_TASK_ID=evaluate_mlp
AIRFLOW_CTX_EXECUTION_DATE=2025-10-06T22:33:47.025265+00:00
AIRFLOW_CTX_TRY_NUMBER=1
AIRFLOW_CTX_DAG_RUN_ID=manual__2025-10-06T22:33:47.025265+00:00
[2025-10-06T22:33:51.861+0000] {logging_mixin.py:137} INFO - MLP Accuracy on Iris test set: 0.9667
[2025-10-06T22:33:51.861+0000] {python.py:177} INFO - Done. Returned value was: None
[2025-10-06T22:33:51.864+0000] {taskinstance.py:1323} INFO - Marking task as SUCCESS. dag_id=iris_mlp_training, task_id=evaluate_mlp, execution_date=20251006T223347, start_date=20251006T223351, end_date=20251006T223351
[2025-10-06T22:33:51.904+0000] {local_task_job.py:208} INFO - Task exited with return code 0
[2025-10-06T22:33:51.910+0000] {taskinstance.py:2578} INFO - 0 downstream tasks scheduled from follow-on schedule check
