[2025-10-06T22:32:48.900+0000] {taskinstance.py:1083} INFO - Dependencies all met for <TaskInstance: Airflow_Lab1.build_save_model_task manual__2025-10-06T22:32:45.951753+00:00 [queued]>
[2025-10-06T22:32:48.903+0000] {taskinstance.py:1083} INFO - Dependencies all met for <TaskInstance: Airflow_Lab1.build_save_model_task manual__2025-10-06T22:32:45.951753+00:00 [queued]>
[2025-10-06T22:32:48.903+0000] {taskinstance.py:1279} INFO - 
--------------------------------------------------------------------------------
[2025-10-06T22:32:48.904+0000] {taskinstance.py:1280} INFO - Starting attempt 1 of 1
[2025-10-06T22:32:48.904+0000] {taskinstance.py:1281} INFO - 
--------------------------------------------------------------------------------
[2025-10-06T22:32:48.908+0000] {taskinstance.py:1300} INFO - Executing <Task(PythonOperator): build_save_model_task> on 2025-10-06 22:32:45.951753+00:00
[2025-10-06T22:32:48.911+0000] {standard_task_runner.py:55} INFO - Started process 479 to run task
[2025-10-06T22:32:48.912+0000] {standard_task_runner.py:82} INFO - Running: ['***', 'tasks', 'run', 'Airflow_Lab1', 'build_save_model_task', 'manual__2025-10-06T22:32:45.951753+00:00', '--job-id', '79', '--raw', '--subdir', 'DAGS_FOLDER/***.py', '--cfg-path', '/tmp/tmpc3nlzb3y']
[2025-10-06T22:32:48.914+0000] {standard_task_runner.py:83} INFO - Job 79: Subtask build_save_model_task
[2025-10-06T22:32:48.935+0000] {task_command.py:388} INFO - Running <TaskInstance: Airflow_Lab1.build_save_model_task manual__2025-10-06T22:32:45.951753+00:00 [running]> on host b46c79d818e5
[2025-10-06T22:32:48.983+0000] {taskinstance.py:1509} INFO - Exporting the following env vars:
AIRFLOW_CTX_DAG_OWNER=your_name
AIRFLOW_CTX_DAG_ID=Airflow_Lab1
AIRFLOW_CTX_TASK_ID=build_save_model_task
AIRFLOW_CTX_EXECUTION_DATE=2025-10-06T22:32:45.951753+00:00
AIRFLOW_CTX_TRY_NUMBER=1
AIRFLOW_CTX_DAG_RUN_ID=manual__2025-10-06T22:32:45.951753+00:00
[2025-10-06T22:33:21.012+0000] {python.py:177} INFO - Done. Returned value was: [250.3280420929143, 128.89457877623195, 91.64833975738141, 72.46921532440922, 59.86140695977857, 52.06204237509109, 46.711186548043045, 41.50326475167141, 36.9282370939197, 33.98607596871965, 31.158171667913756, 28.845480032058717, 26.874432296111305, 25.999512369945645, 24.18507807239375, 22.713950061729722, 21.640087323981117, 20.780304808225495, 19.976783465801397, 19.43866934027089, 19.06639931435457, 18.44685388460457, 17.947211161985987, 16.898807424877276, 16.96318197797623, 16.582840757316493, 15.835651544091535, 15.775551490571997, 15.3855073175332, 15.020243180409233, 14.882873240965234, 14.607686984302394, 14.306186090616876, 13.891614733454848, 13.805485778871228, 13.361866184299295, 13.367890857521072, 13.073601934790837, 12.981196891357618, 13.02857839810031, 12.867008418863994, 12.61729794404632, 12.382973425034509, 12.11263467122803, 11.836539142218331, 11.577385920665515, 11.128836068114495, 11.062804545149199, 11.158174940252096]
[2025-10-06T22:33:21.023+0000] {taskinstance.py:1323} INFO - Marking task as SUCCESS. dag_id=Airflow_Lab1, task_id=build_save_model_task, execution_date=20251006T223245, start_date=20251006T223248, end_date=20251006T223321
[2025-10-06T22:33:21.056+0000] {local_task_job.py:208} INFO - Task exited with return code 0
[2025-10-06T22:33:21.071+0000] {taskinstance.py:2578} INFO - 1 downstream tasks scheduled from follow-on schedule check
