[2025-10-06T22:30:24.627+0000] {taskinstance.py:1083} INFO - Dependencies all met for <TaskInstance: Airflow_Lab1.build_save_model_task manual__2025-10-06T22:30:21.211351+00:00 [queued]>
[2025-10-06T22:30:24.631+0000] {taskinstance.py:1083} INFO - Dependencies all met for <TaskInstance: Airflow_Lab1.build_save_model_task manual__2025-10-06T22:30:21.211351+00:00 [queued]>
[2025-10-06T22:30:24.631+0000] {taskinstance.py:1279} INFO - 
--------------------------------------------------------------------------------
[2025-10-06T22:30:24.631+0000] {taskinstance.py:1280} INFO - Starting attempt 1 of 1
[2025-10-06T22:30:24.631+0000] {taskinstance.py:1281} INFO - 
--------------------------------------------------------------------------------
[2025-10-06T22:30:24.636+0000] {taskinstance.py:1300} INFO - Executing <Task(PythonOperator): build_save_model_task> on 2025-10-06 22:30:21.211351+00:00
[2025-10-06T22:30:24.638+0000] {standard_task_runner.py:55} INFO - Started process 202 to run task
[2025-10-06T22:30:24.640+0000] {standard_task_runner.py:82} INFO - Running: ['***', 'tasks', 'run', 'Airflow_Lab1', 'build_save_model_task', 'manual__2025-10-06T22:30:21.211351+00:00', '--job-id', '69', '--raw', '--subdir', 'DAGS_FOLDER/***.py', '--cfg-path', '/tmp/tmpin24uur9']
[2025-10-06T22:30:24.642+0000] {standard_task_runner.py:83} INFO - Job 69: Subtask build_save_model_task
[2025-10-06T22:30:24.663+0000] {task_command.py:388} INFO - Running <TaskInstance: Airflow_Lab1.build_save_model_task manual__2025-10-06T22:30:21.211351+00:00 [running]> on host b46c79d818e5
[2025-10-06T22:30:24.711+0000] {taskinstance.py:1509} INFO - Exporting the following env vars:
AIRFLOW_CTX_DAG_OWNER=your_name
AIRFLOW_CTX_DAG_ID=Airflow_Lab1
AIRFLOW_CTX_TASK_ID=build_save_model_task
AIRFLOW_CTX_EXECUTION_DATE=2025-10-06T22:30:21.211351+00:00
AIRFLOW_CTX_TRY_NUMBER=1
AIRFLOW_CTX_DAG_RUN_ID=manual__2025-10-06T22:30:21.211351+00:00
[2025-10-06T22:30:57.566+0000] {python.py:177} INFO - Done. Returned value was: [250.32804209291427, 128.89457877623195, 91.6483397573814, 72.46921532440922, 59.86140695977858, 52.06204237509109, 46.711186548043045, 41.50326475167141, 36.92823709391969, 33.98607596871966, 31.15817166791375, 28.845480032058713, 26.8744322961113, 25.99951236994564, 24.18507807239375, 22.713950061729726, 21.640087323981113, 20.780304808225495, 19.976783465801397, 19.438669340270895, 19.066399314354573, 18.44685388460457, 17.947211161985987, 16.898807424877273, 16.96318197797623, 16.582840757316493, 15.835651544091538, 15.775551490571996, 15.385507317533198, 15.020243180409233, 14.882873240965235, 14.607686984302395, 14.306186090616874, 13.891614733454848, 13.805485778871226, 13.361866184299297, 13.367890857521072, 13.073601934790837, 12.981196891357616, 13.028578398100308, 12.86700841886399, 12.617297944046319, 12.382973425034509, 12.11263467122803, 11.836539142218333, 11.577385920665515, 11.128836068114499, 11.062804545149202, 11.158174940252094]
[2025-10-06T22:30:57.579+0000] {taskinstance.py:1323} INFO - Marking task as SUCCESS. dag_id=Airflow_Lab1, task_id=build_save_model_task, execution_date=20251006T223021, start_date=20251006T223024, end_date=20251006T223057
[2025-10-06T22:30:57.631+0000] {local_task_job.py:208} INFO - Task exited with return code 0
[2025-10-06T22:30:57.642+0000] {taskinstance.py:2578} INFO - 1 downstream tasks scheduled from follow-on schedule check
