[2025-10-06T22:33:50.381+0000] {taskinstance.py:1083} INFO - Dependencies all met for <TaskInstance: iris_mlp_training.train_mlp manual__2025-10-06T22:33:47.025265+00:00 [queued]>
[2025-10-06T22:33:50.385+0000] {taskinstance.py:1083} INFO - Dependencies all met for <TaskInstance: iris_mlp_training.train_mlp manual__2025-10-06T22:33:47.025265+00:00 [queued]>
[2025-10-06T22:33:50.385+0000] {taskinstance.py:1279} INFO - 
--------------------------------------------------------------------------------
[2025-10-06T22:33:50.385+0000] {taskinstance.py:1280} INFO - Starting attempt 1 of 1
[2025-10-06T22:33:50.386+0000] {taskinstance.py:1281} INFO - 
--------------------------------------------------------------------------------
[2025-10-06T22:33:50.390+0000] {taskinstance.py:1300} INFO - Executing <Task(PythonOperator): train_mlp> on 2025-10-06 22:33:47.025265+00:00
[2025-10-06T22:33:50.392+0000] {standard_task_runner.py:55} INFO - Started process 600 to run task
[2025-10-06T22:33:50.394+0000] {standard_task_runner.py:82} INFO - Running: ['***', 'tasks', 'run', 'iris_mlp_training', 'train_mlp', 'manual__2025-10-06T22:33:47.025265+00:00', '--job-id', '84', '--raw', '--subdir', 'DAGS_FOLDER/***_iris.py', '--cfg-path', '/tmp/tmpch33bx2q']
[2025-10-06T22:33:50.394+0000] {standard_task_runner.py:83} INFO - Job 84: Subtask train_mlp
[2025-10-06T22:33:50.416+0000] {task_command.py:388} INFO - Running <TaskInstance: iris_mlp_training.train_mlp manual__2025-10-06T22:33:47.025265+00:00 [running]> on host b46c79d818e5
[2025-10-06T22:33:50.444+0000] {taskinstance.py:1509} INFO - Exporting the following env vars:
AIRFLOW_CTX_DAG_OWNER=your_name
AIRFLOW_CTX_DAG_ID=iris_mlp_training
AIRFLOW_CTX_TASK_ID=train_mlp
AIRFLOW_CTX_EXECUTION_DATE=2025-10-06T22:33:47.025265+00:00
AIRFLOW_CTX_TRY_NUMBER=1
AIRFLOW_CTX_DAG_RUN_ID=manual__2025-10-06T22:33:47.025265+00:00
[2025-10-06T22:33:50.500+0000] {warnings.py:110} WARNING - /home/***/.local/lib/python3.7/site-packages/sklearn/neural_network/_multilayer_perceptron.py:696: ConvergenceWarning: Stochastic Optimizer: Maximum iterations (500) reached and the optimization hasn't converged yet.
  ConvergenceWarning,

[2025-10-06T22:33:50.502+0000] {python.py:177} INFO - Done. Returned value was: b'\x80\x03cnumpy.core.multiarray\n_reconstruct\nq\x00cnumpy\nndarray\nq\x01K\x00\x85q\x02C\x01bq\x03\x87q\x04Rq\x05(K\x01K\x1eK\x04\x86q\x06cnumpy\ndtype\nq\x07X\x02\x00\x00\x00f8q\x08\x89\x88\x87q\tRq\n(K\x03X\x01\x00\x00\x00<q\x0bNNNJ\xff\xff\xff\xffJ\xff\xff\xff\xffK\x00tq\x0cb\x89B\xc0\x03\x00\x00\xfc\xff\xff\xff\xff\xff\xdf?TUUUUU\xd5?\'u_\x1e[\x11\xe4?UUUUUU\xdd?8\x8e\xe38\x8e\xe3\xd8?\xfe\xff\xff\xff\xff\xff\xe7?T\x04\r\'u_\xbe?UUUUUU\xb5?\x8c\xe38\x8e\xe38\xee?\x00\x00\x00\x00\x00\x00\xd0?\x00\x00\x00\x00\x00\x00\xf0?UUUUUU\xed?\x90\xe38\x8e\xe38\xde?\x00\x00\x00\x00\x00\x00\xd8?\xb6"h8\xa9\xfb\xe2?\xab\xaa\xaa\xaa\xaa\xaa\xe2?\x8e\xe38\x8e\xe38\xe6?TUUUUU\xd5?_\x1e[\x114\x9c\xe4?VUUUUU\xe1?\xe48\x8e\xe38\x8e\xd3?\xaa\xaa\xaa\xaa\xaa\xaa\xe2?\xd0pR\xf7\xe5\xb1\xb5?\x00\x00\x00\x00\x00\x00\xc0?\xc4q\x1c\xc7q\x1c\xd7?\x00\x00\x00\x00\x00\x00\xd8?v_\x1e[\x114\xdc?\x01\x00\x00\x00\x00\x00\xe0?\xc8q\x1c\xc7q\x1c\xe7?TUUUUU\xdd?\x08\x1aN\xea\xbe<\xe6?UUUUUU\xed?:\x8e\xe38\x8e\xe3\xe0?XUUUUU\xb5?\xb6"h8\xa9\xfb\xe2?\xab\xaa\xaa\xaa\xaa\xaa\xe2?\xa8\xaa\xaa\xaa\xaa\xaa\xda?\xac\xaa\xaa\xaa\xaa\xaa\xd2?\xc6V\x04\r\'u\xdf?UUUUUU\xdd?\xe48\x8e\xe38\x8e\xe3?\x00\x00\x00\x00\x00\x00\xe0?\x08\x1aN\xea\xbe<\xe6?VUUUUU\xe9?p\x1c\xc7q\x1c\xc7\xc1?\xac\xaa\xaa\xaa\xaa\xaa\xda?\x0c\'u_\x1e[\xb1?\x00\x00\x00\x00\x00\x00\x00\x00TUUUUU\xd5?\x00\x00\x00\x00\x00\x00\xe4?\x94\xba/\x8f\xad\x08\xaa?VUUUUU\xa5?XUUUUU\xc5?TUUUUU\xdd?\xd0pR\xf7\xe5\xb1\xb5?\x00\x00\x00\x00\x00\x00\x00\x00\x18\xc7q\x1c\xc7q\xcc?\xfe\xff\xff\xff\xff\xff\xe7?\xd0pR\xf7\xe5\xb1\xb5?UUUUUU\xb5?r\x1c\xc7q\x1c\xc7\xe1?TUUUUU\xe1?\'u_\x1e[\x11\xe4?\x01\x00\x00\x00\x00\x00\xe4?\xe48\x8e\xe38\x8e\xe3?\xac\xaa\xaa\xaa\xaa\xaa\xda?\x93\xba/\x8f\xad\x08\xea?\x01\x00\x00\x00\x00\x00\xec?\xc4q\x1c\xc7q\x1c\xd7?\xa8\xaa\xaa\xaa\xaa\xaa\xca?\xc6V\x04\r\'u\xdf?\xab\xaa\xaa\xaa\xaa\xaa\xda?8\x8e\xe38\x8e\xe3\xd8?TUUUUU\xd5?\xb6"h8\xa9\xfb\xe2?\x01\x00\x00\x00\x00\x00\xe0?\xac\xaa\xaa\xaa\xaa\xaa\xe2?TUUUUU\xd5?"h8\xa9\xfb\xf2\xe8?\x01\x00\x00\x00\x00\x00\xec? \xc7q\x1c\xc7q\xbc?\x00\x00\x00\x00\x00\x00\xe0?\x94\xba/\x8f\xad\x08\xba?VUUUUU\xa5?\xfc\xff\xff\xff\xff\xff\xdf?\xac\xaa\xaa\xaa\xaa\xaa\xda?\x98\xc7V\x04\r\'\xe5?\xab\xaa\xaa\xaa\xaa\xaa\xe6?8\x8e\xe38\x8e\xe3\xc8?\xaa\xaa\xaa\xaa\xaa\xaa\xe2?\x94\xba/\x8f\xad\x08\xba?\x00\x00\x00\x00\x00\x00\xc0?\xac\xaa\xaa\xaa\xaa\xaa\xe2?TUUUUU\xd5?"h8\xa9\xfb\xf2\xe8?\xac\xaa\xaa\xaa\xaa\xaa\xea?\x00\x00\x00\x00\x00\x00\xf0?\xfe\xff\xff\xff\xff\xff\xe7?\xe6\xb1\x15A\xc3I\xed?VUUUUU\xe9?VUUUUU\xe5?\xac\xaa\xaa\xaa\xaa\xaa\xda?A\xc3I\xdd\x97\xc7\xe6?UUUUUU\xed?VUUUUU\xe5?\xa8\xaa\xaa\xaa\xaa\xaa\xca?\x93\xba/\x8f\xad\x08\xea?\xab\xaa\xaa\xaa\xaa\xaa\xe6?\x8e\xe38\x8e\xe38\xe6?\x00\x00\x00\x00\x00\x00\xe0?\xccc+\x82\x86\x93\xea?UUUUUU\xed?p\x1c\xc7q\x1c\xc7\xc1?\xac\xaa\xaa\xaa\xaa\xaa\xda?\x0c\'u_\x1e[\xb1?UUUUUU\xb5?p\x1c\xc7q\x1c\xc7\xc1?TUUUUU\xdd?\x94\xba/\x8f\xad\x08\xba?VUUUUU\xa5?q\rtq\x0ebh\x00h\x01K\x00\x85q\x0fh\x03\x87q\x10Rq\x11(K\x01K\x1e\x85q\x12h\x07X\x02\x00\x00\x00i8q\x13\x89\x88\x87q\x14Rq\x15(K\x03h\x0bNNNJ\xff\xff\xff\xffJ\xff\xff\xff\xffK\x00tq\x16b\x89C\xf0\x01\x00\x00\x00\x00\x00\x00\x00\x00\x00\x00\x00\x00\x00\x00\x00\x02\x00\x00\x00\x00\x00\x00\x00\x01\x00\x00\x00\x00\x00\x00\x00\x01\x00\x00\x00\x00\x00\x00\x00\x00\x00\x00\x00\x00\x00\x00\x00\x01\x00\x00\x00\x00\x00\x00\x00\x02\x00\x00\x00\x00\x00\x00\x00\x01\x00\x00\x00\x00\x00\x00\x00\x01\x00\x00\x00\x00\x00\x00\x00\x02\x00\x00\x00\x00\x00\x00\x00\x00\x00\x00\x00\x00\x00\x00\x00\x00\x00\x00\x00\x00\x00\x00\x00\x00\x00\x00\x00\x00\x00\x00\x00\x00\x00\x00\x00\x00\x00\x00\x00\x01\x00\x00\x00\x00\x00\x00\x00\x02\x00\x00\x00\x00\x00\x00\x00\x01\x00\x00\x00\x00\x00\x00\x00\x01\x00\x00\x00\x00\x00\x00\x00\x02\x00\x00\x00\x00\x00\x00\x00\x00\x00\x00\x00\x00\x00\x00\x00\x02\x00\x00\x00\x00\x00\x00\x00\x00\x00\x00\x00\x00\x00\x00\x00\x02\x00\x00\x00\x00\x00\x00\x00\x02\x00\x00\x00\x00\x00\x00\x00\x02\x00\x00\x00\x00\x00\x00\x00\x02\x00\x00\x00\x00\x00\x00\x00\x02\x00\x00\x00\x00\x00\x00\x00\x00\x00\x00\x00\x00\x00\x00\x00\x00\x00\x00\x00\x00\x00\x00\x00q\x17tq\x18b\x86q\x19.'
[2025-10-06T22:33:50.511+0000] {taskinstance.py:1323} INFO - Marking task as SUCCESS. dag_id=iris_mlp_training, task_id=train_mlp, execution_date=20251006T223347, start_date=20251006T223350, end_date=20251006T223350
[2025-10-06T22:33:50.536+0000] {local_task_job.py:208} INFO - Task exited with return code 0
[2025-10-06T22:33:50.545+0000] {taskinstance.py:2578} INFO - 1 downstream tasks scheduled from follow-on schedule check
