[2025-10-06T22:32:45.887+0000] {taskinstance.py:1083} INFO - Dependencies all met for <TaskInstance: lab1_and_iris_sequential.trigger_airflow_lab1 manual__2025-10-06T22:32:44.839970+00:00 [queued]>
[2025-10-06T22:32:45.890+0000] {taskinstance.py:1083} INFO - Dependencies all met for <TaskInstance: lab1_and_iris_sequential.trigger_airflow_lab1 manual__2025-10-06T22:32:44.839970+00:00 [queued]>
[2025-10-06T22:32:45.890+0000] {taskinstance.py:1279} INFO - 
--------------------------------------------------------------------------------
[2025-10-06T22:32:45.891+0000] {taskinstance.py:1280} INFO - Starting attempt 1 of 1
[2025-10-06T22:32:45.891+0000] {taskinstance.py:1281} INFO - 
--------------------------------------------------------------------------------
[2025-10-06T22:32:45.896+0000] {taskinstance.py:1300} INFO - Executing <Task(TriggerDagRunOperator): trigger_airflow_lab1> on 2025-10-06 22:32:44.839970+00:00
[2025-10-06T22:32:45.897+0000] {standard_task_runner.py:55} INFO - Started process 454 to run task
[2025-10-06T22:32:45.899+0000] {standard_task_runner.py:82} INFO - Running: ['***', 'tasks', 'run', 'lab1_and_iris_sequential', 'trigger_***_lab1', 'manual__2025-10-06T22:32:44.839970+00:00', '--job-id', '76', '--raw', '--subdir', 'DAGS_FOLDER/combined_dags.py', '--cfg-path', '/tmp/tmp5lww1osf']
[2025-10-06T22:32:45.899+0000] {standard_task_runner.py:83} INFO - Job 76: Subtask trigger_***_lab1
[2025-10-06T22:32:45.923+0000] {task_command.py:388} INFO - Running <TaskInstance: lab1_and_iris_sequential.trigger_airflow_lab1 manual__2025-10-06T22:32:44.839970+00:00 [running]> on host b46c79d818e5
[2025-10-06T22:32:45.951+0000] {taskinstance.py:1509} INFO - Exporting the following env vars:
AIRFLOW_CTX_DAG_OWNER=you
AIRFLOW_CTX_DAG_ID=lab1_and_iris_sequential
AIRFLOW_CTX_TASK_ID=trigger_***_lab1
AIRFLOW_CTX_EXECUTION_DATE=2025-10-06T22:32:44.839970+00:00
AIRFLOW_CTX_TRY_NUMBER=1
AIRFLOW_CTX_DAG_RUN_ID=manual__2025-10-06T22:32:44.839970+00:00
[2025-10-06T22:32:45.976+0000] {trigger_dagrun.py:178} INFO - Waiting for Airflow_Lab1 on 2025-10-06T22:32:45.951753+00:00 to become allowed state ['success'] ...
[2025-10-06T22:33:46.014+0000] {trigger_dagrun.py:187} INFO - Airflow_Lab1 finished with allowed state success
[2025-10-06T22:33:46.018+0000] {taskinstance.py:1323} INFO - Marking task as SUCCESS. dag_id=lab1_and_iris_sequential, task_id=trigger_***_lab1, execution_date=20251006T223244, start_date=20251006T223245, end_date=20251006T223346
[2025-10-06T22:33:46.052+0000] {local_task_job.py:208} INFO - Task exited with return code 0
[2025-10-06T22:33:46.062+0000] {taskinstance.py:2578} INFO - 1 downstream tasks scheduled from follow-on schedule check
